<?xml version="1.0" encoding="UTF-8"?>
<!-- Generated by org.testng.reporters.JUnitXMLReporter -->
<testsuite ignored="0" hostname="DESKTOP-3J0MIIV" failures="18" tests="127" name="Default test" time="355.608" errors="0" timestamp="٢٠٢٦-٠٦-٠٢T١٣:٥٣:٤٦ IDT">
  <testcase classname="com.practice.QAPractice.QaPractice" name="test_1_1_NormalText" time="2.389"/>
  <testcase classname="com.practice.QAPractice.QaPractice" name="test_1_1_NormalText" time="2.123"/>
  <testcase classname="com.practice.QAPractice.QaPractice" name="test_1_1_NormalText" time="2.399"/>
  <testcase classname="com.practice.QAPractice.QaPractice" name="test_1_1_NormalText" time="2.399">
    <failure type="java.lang.AssertionError" message="Expected SUCCESS message but non found expected [true] but found [false]">
      <![CDATA[java.lang.AssertionError: Expected SUCCESS message but non found expected [true] but found [false]
at org.testng.Assert.fail(Assert.java:111)
at org.testng.Assert.failNotEquals(Assert.java:1590)
at org.testng.Assert.assertTrue(Assert.java:57)
at com.practice.QAPractice.QaPractice.assertResult(QaPractice.java:16)
at com.practice.QAPractice.QaPractice.test_1_1_NormalText(QaPractice.java:43)
at java.base/jdk.internal.reflect.DirectMethodHandleAccessor.invoke(DirectMethodHandleAccessor.java:104)
at java.base/java.lang.reflect.Method.invoke(Method.java:565)
at org.testng.internal.invokers.MethodInvocationHelper.invokeMethod(MethodInvocationHelper.java:141)
at org.testng.internal.invokers.TestInvoker.invokeMethod(TestInvoker.java:687)
at org.testng.internal.invokers.TestInvoker.invokeTestMethod(TestInvoker.java:230)
at org.testng.internal.invokers.MethodRunner.runInSequence(MethodRunner.java:63)
at org.testng.internal.invokers.TestInvoker$MethodInvocationAgent.invoke(TestInvoker.java:995)
at org.testng.internal.invokers.TestInvoker.invokeTestMethods(TestInvoker.java:203)
at org.testng.internal.invokers.TestMethodWorker.invokeTestMethods(TestMethodWorker.java:154)
at org.testng.internal.invokers.TestMethodWorker.run(TestMethodWorker.java:134)
at java.base/java.util.ArrayList.forEach(ArrayList.java:1604)
at org.testng.TestRunner.privateRun(TestRunner.java:741)
at org.testng.TestRunner.run(TestRunner.java:616)
at org.testng.SuiteRunner.runTest(SuiteRunner.java:421)
at org.testng.SuiteRunner.runSequentially(SuiteRunner.java:413)
at org.testng.SuiteRunner.privateRun(SuiteRunner.java:373)
at org.testng.SuiteRunner.run(SuiteRunner.java:312)
at org.testng.SuiteRunnerWorker.runSuite(SuiteRunnerWorker.java:52)
at org.testng.SuiteRunnerWorker.run(SuiteRunnerWorker.java:95)
at org.testng.TestNG.runSuitesSequentially(TestNG.java:1274)
at org.testng.TestNG.runSuitesLocally(TestNG.java:1208)
at org.testng.TestNG.runSuites(TestNG.java:1112)
at org.testng.TestNG.run(TestNG.java:1079)
at org.testng.remote.AbstractRemoteTestNG.run(AbstractRemoteTestNG.java:115)
at org.testng.remote.RemoteTestNG.initAndRun(RemoteTestNG.java:293)
at org.testng.remote.RemoteTestNG.main(RemoteTestNG.java:91)
]]>
    </failure>
  </testcase> <!-- test_1_1_NormalText -->
  <testcase classname="com.practice.QAPractice.QaPractice" name="test_1_1_NormalText" time="2.134">
    <failure type="java.lang.AssertionError" message="Expected ERROR message but non found expected [true] but found [false]">
      <![CDATA[java.lang.AssertionError: Expected ERROR message but non found expected [true] but found [false]
at org.testng.Assert.fail(Assert.java:111)
at org.testng.Assert.failNotEquals(Assert.java:1590)
at org.testng.Assert.assertTrue(Assert.java:57)
at com.practice.QAPractice.QaPractice.assertResult(QaPractice.java:18)
at com.practice.QAPractice.QaPractice.test_1_1_NormalText(QaPractice.java:43)
at java.base/jdk.internal.reflect.DirectMethodHandleAccessor.invoke(DirectMethodHandleAccessor.java:104)
at java.base/java.lang.reflect.Method.invoke(Method.java:565)
at org.testng.internal.invokers.MethodInvocationHelper.invokeMethod(MethodInvocationHelper.java:141)
at org.testng.internal.invokers.TestInvoker.invokeMethod(TestInvoker.java:687)
at org.testng.internal.invokers.TestInvoker.invokeTestMethod(TestInvoker.java:230)
at org.testng.internal.invokers.MethodRunner.runInSequence(MethodRunner.java:63)
at org.testng.internal.invokers.TestInvoker$MethodInvocationAgent.invoke(TestInvoker.java:995)
at org.testng.internal.invokers.TestInvoker.invokeTestMethods(TestInvoker.java:203)
at org.testng.internal.invokers.TestMethodWorker.invokeTestMethods(TestMethodWorker.java:154)
at org.testng.internal.invokers.TestMethodWorker.run(TestMethodWorker.java:134)
at java.base/java.util.ArrayList.forEach(ArrayList.java:1604)
at org.testng.TestRunner.privateRun(TestRunner.java:741)
at org.testng.TestRunner.run(TestRunner.java:616)
at org.testng.SuiteRunner.runTest(SuiteRunner.java:421)
at org.testng.SuiteRunner.runSequentially(SuiteRunner.java:413)
at org.testng.SuiteRunner.privateRun(SuiteRunner.java:373)
at org.testng.SuiteRunner.run(SuiteRunner.java:312)
at org.testng.SuiteRunnerWorker.runSuite(SuiteRunnerWorker.java:52)
at org.testng.SuiteRunnerWorker.run(SuiteRunnerWorker.java:95)
at org.testng.TestNG.runSuitesSequentially(TestNG.java:1274)
at org.testng.TestNG.runSuitesLocally(TestNG.java:1208)
at org.testng.TestNG.runSuites(TestNG.java:1112)
at org.testng.TestNG.run(TestNG.java:1079)
at org.testng.remote.AbstractRemoteTestNG.run(AbstractRemoteTestNG.java:115)
at org.testng.remote.RemoteTestNG.initAndRun(RemoteTestNG.java:293)
at org.testng.remote.RemoteTestNG.main(RemoteTestNG.java:91)
]]>
    </failure>
  </testcase> <!-- test_1_1_NormalText -->
  <testcase classname="com.practice.QAPractice.QaPractice" name="test_1_1_NormalText" time="2.542"/>
  <testcase classname="com.practice.QAPractice.QaPractice" name="test_1_1_NormalText" time="2.294"/>
  <testcase classname="com.practice.QAPractice.QaPractice" name="test_1_1_NormalText" time="2.156"/>
  <testcase classname="com.practice.QAPractice.QaPractice" name="test_1_1_NormalText" time="2.112"/>
  <testcase classname="com.practice.QAPractice.QaPractice" name="test_1_1_NormalText" time="2.189"/>
  <testcase classname="com.practice.QAPractice.QaPractice" name="test_1_2_EmailField" time="2.363"/>
  <testcase classname="com.practice.QAPractice.QaPractice" name="test_1_2_EmailField" time="2.147"/>
  <testcase classname="com.practice.QAPractice.QaPractice" name="test_1_2_EmailField" time="2.216"/>
  <testcase classname="com.practice.QAPractice.QaPractice" name="test_1_2_EmailField" time="2.083">
    <failure type="java.lang.AssertionError" message="Expected ERROR message but non found expected [true] but found [false]">
      <![CDATA[java.lang.AssertionError: Expected ERROR message but non found expected [true] but found [false]
at org.testng.Assert.fail(Assert.java:111)
at org.testng.Assert.failNotEquals(Assert.java:1590)
at org.testng.Assert.assertTrue(Assert.java:57)
at com.practice.QAPractice.QaPractice.assertResult(QaPractice.java:18)
at com.practice.QAPractice.QaPractice.test_1_2_EmailField(QaPractice.java:69)
at java.base/jdk.internal.reflect.DirectMethodHandleAccessor.invoke(DirectMethodHandleAccessor.java:104)
at java.base/java.lang.reflect.Method.invoke(Method.java:565)
at org.testng.internal.invokers.MethodInvocationHelper.invokeMethod(MethodInvocationHelper.java:141)
at org.testng.internal.invokers.TestInvoker.invokeMethod(TestInvoker.java:687)
at org.testng.internal.invokers.TestInvoker.invokeTestMethod(TestInvoker.java:230)
at org.testng.internal.invokers.MethodRunner.runInSequence(MethodRunner.java:63)
at org.testng.internal.invokers.TestInvoker$MethodInvocationAgent.invoke(TestInvoker.java:995)
at org.testng.internal.invokers.TestInvoker.invokeTestMethods(TestInvoker.java:203)
at org.testng.internal.invokers.TestMethodWorker.invokeTestMethods(TestMethodWorker.java:154)
at org.testng.internal.invokers.TestMethodWorker.run(TestMethodWorker.java:134)
at java.base/java.util.ArrayList.forEach(ArrayList.java:1604)
at org.testng.TestRunner.privateRun(TestRunner.java:741)
at org.testng.TestRunner.run(TestRunner.java:616)
at org.testng.SuiteRunner.runTest(SuiteRunner.java:421)
at org.testng.SuiteRunner.runSequentially(SuiteRunner.java:413)
at org.testng.SuiteRunner.privateRun(SuiteRunner.java:373)
at org.testng.SuiteRunner.run(SuiteRunner.java:312)
at org.testng.SuiteRunnerWorker.runSuite(SuiteRunnerWorker.java:52)
at org.testng.SuiteRunnerWorker.run(SuiteRunnerWorker.java:95)
at org.testng.TestNG.runSuitesSequentially(TestNG.java:1274)
at org.testng.TestNG.runSuitesLocally(TestNG.java:1208)
at org.testng.TestNG.runSuites(TestNG.java:1112)
at org.testng.TestNG.run(TestNG.java:1079)
at org.testng.remote.AbstractRemoteTestNG.run(AbstractRemoteTestNG.java:115)
at org.testng.remote.RemoteTestNG.initAndRun(RemoteTestNG.java:293)
at org.testng.remote.RemoteTestNG.main(RemoteTestNG.java:91)
]]>
    </failure>
  </testcase> <!-- test_1_2_EmailField -->
  <testcase classname="com.practice.QAPractice.QaPractice" name="test_1_2_EmailField" time="2.329"/>
  <testcase classname="com.practice.QAPractice.QaPractice" name="test_1_2_EmailField" time="2.198"/>
  <testcase classname="com.practice.QAPractice.QaPractice" name="test_1_2_EmailField" time="2.096"/>
  <testcase classname="com.practice.QAPractice.QaPractice" name="test_1_2_EmailField" time="2.154"/>
  <testcase classname="com.practice.QAPractice.QaPractice" name="test_1_2_EmailField" time="2.105"/>
  <testcase classname="com.practice.QAPractice.QaPractice" name="test_1_2_EmailField" time="2.115"/>
  <testcase classname="com.practice.QAPractice.QaPractice" name="test_1_3_PasswordField" time="2.161"/>
  <testcase classname="com.practice.QAPractice.QaPractice" name="test_1_3_PasswordField" time="1.941">
    <failure type="java.lang.AssertionError" message="Expected ERROR message but non found expected [true] but found [false]">
      <![CDATA[java.lang.AssertionError: Expected ERROR message but non found expected [true] but found [false]
at org.testng.Assert.fail(Assert.java:111)
at org.testng.Assert.failNotEquals(Assert.java:1590)
at org.testng.Assert.assertTrue(Assert.java:57)
at com.practice.QAPractice.QaPractice.assertResult(QaPractice.java:18)
at com.practice.QAPractice.QaPractice.test_1_3_PasswordField(QaPractice.java:94)
at java.base/jdk.internal.reflect.DirectMethodHandleAccessor.invoke(DirectMethodHandleAccessor.java:104)
at java.base/java.lang.reflect.Method.invoke(Method.java:565)
at org.testng.internal.invokers.MethodInvocationHelper.invokeMethod(MethodInvocationHelper.java:141)
at org.testng.internal.invokers.TestInvoker.invokeMethod(TestInvoker.java:687)
at org.testng.internal.invokers.TestInvoker.invokeTestMethod(TestInvoker.java:230)
at org.testng.internal.invokers.MethodRunner.runInSequence(MethodRunner.java:63)
at org.testng.internal.invokers.TestInvoker$MethodInvocationAgent.invoke(TestInvoker.java:995)
at org.testng.internal.invokers.TestInvoker.invokeTestMethods(TestInvoker.java:203)
at org.testng.internal.invokers.TestMethodWorker.invokeTestMethods(TestMethodWorker.java:154)
at org.testng.internal.invokers.TestMethodWorker.run(TestMethodWorker.java:134)
at java.base/java.util.ArrayList.forEach(ArrayList.java:1604)
at org.testng.TestRunner.privateRun(TestRunner.java:741)
at org.testng.TestRunner.run(TestRunner.java:616)
at org.testng.SuiteRunner.runTest(SuiteRunner.java:421)
at org.testng.SuiteRunner.runSequentially(SuiteRunner.java:413)
at org.testng.SuiteRunner.privateRun(SuiteRunner.java:373)
at org.testng.SuiteRunner.run(SuiteRunner.java:312)
at org.testng.SuiteRunnerWorker.runSuite(SuiteRunnerWorker.java:52)
at org.testng.SuiteRunnerWorker.run(SuiteRunnerWorker.java:95)
at org.testng.TestNG.runSuitesSequentially(TestNG.java:1274)
at org.testng.TestNG.runSuitesLocally(TestNG.java:1208)
at org.testng.TestNG.runSuites(TestNG.java:1112)
at org.testng.TestNG.run(TestNG.java:1079)
at org.testng.remote.AbstractRemoteTestNG.run(AbstractRemoteTestNG.java:115)
at org.testng.remote.RemoteTestNG.initAndRun(RemoteTestNG.java:293)
at org.testng.remote.RemoteTestNG.main(RemoteTestNG.java:91)
]]>
    </failure>
  </testcase> <!-- test_1_3_PasswordField -->
  <testcase classname="com.practice.QAPractice.QaPractice" name="test_1_3_PasswordField" time="2.387"/>
  <testcase classname="com.practice.QAPractice.QaPractice" name="test_1_3_PasswordField" time="2.46"/>
  <testcase classname="com.practice.QAPractice.QaPractice" name="test_1_3_PasswordField" time="2.227"/>
  <testcase classname="com.practice.QAPractice.QaPractice" name="test_1_3_PasswordField" time="2.156"/>
  <testcase classname="com.practice.QAPractice.QaPractice" name="test_1_3_PasswordField" time="2.332"/>
  <testcase classname="com.practice.QAPractice.QaPractice" name="test_1_3_PasswordField" time="2.177"/>
  <testcase classname="com.practice.QAPractice.QaPractice" name="test_1_3_PasswordField" time="2.149"/>
  <testcase classname="com.practice.QAPractice.QaPractice" name="test_1_3_PasswordField" time="2.174"/>
  <testcase classname="com.practice.QAPractice.QaPractice" name="test_2_1_SimpleButton" time="1.602"/>
  <testcase classname="com.practice.QAPractice.QaPractice" name="test_2_2_LooksLikeButton" time="1.688"/>
  <testcase classname="com.practice.QAPractice.QaPractice" name="test_2_3_DisabledButton" time="2.216"/>
  <testcase classname="com.practice.QAPractice.QaPractice" name="test_3_1_SingleCheckbox" time="1.639">
    <failure type="java.lang.AssertionError" message="Expected ERROR message but non found expected [true] but found [false]">
      <![CDATA[java.lang.AssertionError: Expected ERROR message but non found expected [true] but found [false]
at org.testng.Assert.fail(Assert.java:111)
at org.testng.Assert.failNotEquals(Assert.java:1590)
at org.testng.Assert.assertTrue(Assert.java:57)
at com.practice.QAPractice.QaPractice.assertResult(QaPractice.java:18)
at com.practice.QAPractice.QaPractice.test_3_1_SingleCheckbox(QaPractice.java:159)
at java.base/jdk.internal.reflect.DirectMethodHandleAccessor.invoke(DirectMethodHandleAccessor.java:104)
at java.base/java.lang.reflect.Method.invoke(Method.java:565)
at org.testng.internal.invokers.MethodInvocationHelper.invokeMethod(MethodInvocationHelper.java:141)
at org.testng.internal.invokers.TestInvoker.invokeMethod(TestInvoker.java:687)
at org.testng.internal.invokers.TestInvoker.invokeTestMethod(TestInvoker.java:230)
at org.testng.internal.invokers.MethodRunner.runInSequence(MethodRunner.java:63)
at org.testng.internal.invokers.TestInvoker$MethodInvocationAgent.invoke(TestInvoker.java:995)
at org.testng.internal.invokers.TestInvoker.invokeTestMethods(TestInvoker.java:203)
at org.testng.internal.invokers.TestMethodWorker.invokeTestMethods(TestMethodWorker.java:154)
at org.testng.internal.invokers.TestMethodWorker.run(TestMethodWorker.java:134)
at java.base/java.util.ArrayList.forEach(ArrayList.java:1604)
at org.testng.TestRunner.privateRun(TestRunner.java:741)
at org.testng.TestRunner.run(TestRunner.java:616)
at org.testng.SuiteRunner.runTest(SuiteRunner.java:421)
at org.testng.SuiteRunner.runSequentially(SuiteRunner.java:413)
at org.testng.SuiteRunner.privateRun(SuiteRunner.java:373)
at org.testng.SuiteRunner.run(SuiteRunner.java:312)
at org.testng.SuiteRunnerWorker.runSuite(SuiteRunnerWorker.java:52)
at org.testng.SuiteRunnerWorker.run(SuiteRunnerWorker.java:95)
at org.testng.TestNG.runSuitesSequentially(TestNG.java:1274)
at org.testng.TestNG.runSuitesLocally(TestNG.java:1208)
at org.testng.TestNG.runSuites(TestNG.java:1112)
at org.testng.TestNG.run(TestNG.java:1079)
at org.testng.remote.AbstractRemoteTestNG.run(AbstractRemoteTestNG.java:115)
at org.testng.remote.RemoteTestNG.initAndRun(RemoteTestNG.java:293)
at org.testng.remote.RemoteTestNG.main(RemoteTestNG.java:91)
]]>
    </failure>
  </testcase> <!-- test_3_1_SingleCheckbox -->
  <testcase classname="com.practice.QAPractice.QaPractice" name="test_3_1_SingleCheckbox" time="2.156"/>
  <testcase classname="com.practice.QAPractice.QaPractice" name="test_3_2_MultiCheckbox" time="1.661">
    <failure type="java.lang.AssertionError" message="Expected ERROR message but non found expected [true] but found [false]">
      <![CDATA[java.lang.AssertionError: Expected ERROR message but non found expected [true] but found [false]
at org.testng.Assert.fail(Assert.java:111)
at org.testng.Assert.failNotEquals(Assert.java:1590)
at org.testng.Assert.assertTrue(Assert.java:57)
at com.practice.QAPractice.QaPractice.assertResult(QaPractice.java:18)
at com.practice.QAPractice.QaPractice.test_3_2_MultiCheckbox(QaPractice.java:196)
at java.base/jdk.internal.reflect.DirectMethodHandleAccessor.invoke(DirectMethodHandleAccessor.java:104)
at java.base/java.lang.reflect.Method.invoke(Method.java:565)
at org.testng.internal.invokers.MethodInvocationHelper.invokeMethod(MethodInvocationHelper.java:141)
at org.testng.internal.invokers.TestInvoker.invokeMethod(TestInvoker.java:687)
at org.testng.internal.invokers.TestInvoker.invokeTestMethod(TestInvoker.java:230)
at org.testng.internal.invokers.MethodRunner.runInSequence(MethodRunner.java:63)
at org.testng.internal.invokers.TestInvoker$MethodInvocationAgent.invoke(TestInvoker.java:995)
at org.testng.internal.invokers.TestInvoker.invokeTestMethods(TestInvoker.java:203)
at org.testng.internal.invokers.TestMethodWorker.invokeTestMethods(TestMethodWorker.java:154)
at org.testng.internal.invokers.TestMethodWorker.run(TestMethodWorker.java:134)
at java.base/java.util.ArrayList.forEach(ArrayList.java:1604)
at org.testng.TestRunner.privateRun(TestRunner.java:741)
at org.testng.TestRunner.run(TestRunner.java:616)
at org.testng.SuiteRunner.runTest(SuiteRunner.java:421)
at org.testng.SuiteRunner.runSequentially(SuiteRunner.java:413)
at org.testng.SuiteRunner.privateRun(SuiteRunner.java:373)
at org.testng.SuiteRunner.run(SuiteRunner.java:312)
at org.testng.SuiteRunnerWorker.runSuite(SuiteRunnerWorker.java:52)
at org.testng.SuiteRunnerWorker.run(SuiteRunnerWorker.java:95)
at org.testng.TestNG.runSuitesSequentially(TestNG.java:1274)
at org.testng.TestNG.runSuitesLocally(TestNG.java:1208)
at org.testng.TestNG.runSuites(TestNG.java:1112)
at org.testng.TestNG.run(TestNG.java:1079)
at org.testng.remote.AbstractRemoteTestNG.run(AbstractRemoteTestNG.java:115)
at org.testng.remote.RemoteTestNG.initAndRun(RemoteTestNG.java:293)
at org.testng.remote.RemoteTestNG.main(RemoteTestNG.java:91)
]]>
    </failure>
  </testcase> <!-- test_3_2_MultiCheckbox -->
  <testcase classname="com.practice.QAPractice.QaPractice" name="test_3_2_MultiCheckbox" time="1.926"/>
  <testcase classname="com.practice.QAPractice.QaPractice" name="test_3_2_MultiCheckbox" time="2.216"/>
  <testcase classname="com.practice.QAPractice.QaPractice" name="test_3_2_MultiCheckbox" time="2.143"/>
  <testcase classname="com.practice.QAPractice.QaPractice" name="test_3_2_MultiCheckbox" time="2.497"/>
  <testcase classname="com.practice.QAPractice.QaPractice" name="test_3_2_MultiCheckbox" time="2.773"/>
  <testcase classname="com.practice.QAPractice.QaPractice" name="test_3_2_MultiCheckbox" time="2.75"/>
  <testcase classname="com.practice.QAPractice.QaPractice" name="test_3_2_MultiCheckbox" time="3.285"/>
  <testcase classname="com.practice.QAPractice.QaPractice" name="test_4_1_SingleSelect" time="2.121">
    <failure type="java.lang.AssertionError" message="Expected ERROR message but non found expected [true] but found [false]">
      <![CDATA[java.lang.AssertionError: Expected ERROR message but non found expected [true] but found [false]
at org.testng.Assert.fail(Assert.java:111)
at org.testng.Assert.failNotEquals(Assert.java:1590)
at org.testng.Assert.assertTrue(Assert.java:57)
at com.practice.QAPractice.QaPractice.assertResult(QaPractice.java:18)
at com.practice.QAPractice.QaPractice.test_4_1_SingleSelect(QaPractice.java:223)
at java.base/jdk.internal.reflect.DirectMethodHandleAccessor.invoke(DirectMethodHandleAccessor.java:104)
at java.base/java.lang.reflect.Method.invoke(Method.java:565)
at org.testng.internal.invokers.MethodInvocationHelper.invokeMethod(MethodInvocationHelper.java:141)
at org.testng.internal.invokers.TestInvoker.invokeMethod(TestInvoker.java:687)
at org.testng.internal.invokers.TestInvoker.invokeTestMethod(TestInvoker.java:230)
at org.testng.internal.invokers.MethodRunner.runInSequence(MethodRunner.java:63)
at org.testng.internal.invokers.TestInvoker$MethodInvocationAgent.invoke(TestInvoker.java:995)
at org.testng.internal.invokers.TestInvoker.invokeTestMethods(TestInvoker.java:203)
at org.testng.internal.invokers.TestMethodWorker.invokeTestMethods(TestMethodWorker.java:154)
at org.testng.internal.invokers.TestMethodWorker.run(TestMethodWorker.java:134)
at java.base/java.util.ArrayList.forEach(ArrayList.java:1604)
at org.testng.TestRunner.privateRun(TestRunner.java:741)
at org.testng.TestRunner.run(TestRunner.java:616)
at org.testng.SuiteRunner.runTest(SuiteRunner.java:421)
at org.testng.SuiteRunner.runSequentially(SuiteRunner.java:413)
at org.testng.SuiteRunner.privateRun(SuiteRunner.java:373)
at org.testng.SuiteRunner.run(SuiteRunner.java:312)
at org.testng.SuiteRunnerWorker.runSuite(SuiteRunnerWorker.java:52)
at org.testng.SuiteRunnerWorker.run(SuiteRunnerWorker.java:95)
at org.testng.TestNG.runSuitesSequentially(TestNG.java:1274)
at org.testng.TestNG.runSuitesLocally(TestNG.java:1208)
at org.testng.TestNG.runSuites(TestNG.java:1112)
at org.testng.TestNG.run(TestNG.java:1079)
at org.testng.remote.AbstractRemoteTestNG.run(AbstractRemoteTestNG.java:115)
at org.testng.remote.RemoteTestNG.initAndRun(RemoteTestNG.java:293)
at org.testng.remote.RemoteTestNG.main(RemoteTestNG.java:91)
]]>
    </failure>
  </testcase> <!-- test_4_1_SingleSelect -->
  <testcase classname="com.practice.QAPractice.QaPractice" name="test_4_1_SingleSelect" time="1.95"/>
  <testcase classname="com.practice.QAPractice.QaPractice" name="test_4_1_SingleSelect" time="2.228"/>
  <testcase classname="com.practice.QAPractice.QaPractice" name="test_4_1_SingleSelect" time="2.095"/>
  <testcase classname="com.practice.QAPractice.QaPractice" name="test_4_1_SingleSelect" time="2.251"/>
  <testcase classname="com.practice.QAPractice.QaPractice" name="test_4_1_SingleSelect" time="1.963"/>
  <testcase classname="com.practice.QAPractice.QaPractice" name="test_4_2_MultiSelectValidation" time="1.4">
    <failure type="java.lang.AssertionError" message="Expected ERROR message but non found expected [true] but found [false]">
      <![CDATA[java.lang.AssertionError: Expected ERROR message but non found expected [true] but found [false]
at org.testng.Assert.fail(Assert.java:111)
at org.testng.Assert.failNotEquals(Assert.java:1590)
at org.testng.Assert.assertTrue(Assert.java:57)
at com.practice.QAPractice.QaPractice.assertResult(QaPractice.java:18)
at com.practice.QAPractice.QaPractice.test_4_2_MultiSelectValidation(QaPractice.java:256)
at java.base/jdk.internal.reflect.DirectMethodHandleAccessor.invoke(DirectMethodHandleAccessor.java:104)
at java.base/java.lang.reflect.Method.invoke(Method.java:565)
at org.testng.internal.invokers.MethodInvocationHelper.invokeMethod(MethodInvocationHelper.java:141)
at org.testng.internal.invokers.TestInvoker.invokeMethod(TestInvoker.java:687)
at org.testng.internal.invokers.TestInvoker.invokeTestMethod(TestInvoker.java:230)
at org.testng.internal.invokers.MethodRunner.runInSequence(MethodRunner.java:63)
at org.testng.internal.invokers.TestInvoker$MethodInvocationAgent.invoke(TestInvoker.java:995)
at org.testng.internal.invokers.TestInvoker.invokeTestMethods(TestInvoker.java:203)
at org.testng.internal.invokers.TestMethodWorker.invokeTestMethods(TestMethodWorker.java:154)
at org.testng.internal.invokers.TestMethodWorker.run(TestMethodWorker.java:134)
at java.base/java.util.ArrayList.forEach(ArrayList.java:1604)
at org.testng.TestRunner.privateRun(TestRunner.java:741)
at org.testng.TestRunner.run(TestRunner.java:616)
at org.testng.SuiteRunner.runTest(SuiteRunner.java:421)
at org.testng.SuiteRunner.runSequentially(SuiteRunner.java:413)
at org.testng.SuiteRunner.privateRun(SuiteRunner.java:373)
at org.testng.SuiteRunner.run(SuiteRunner.java:312)
at org.testng.SuiteRunnerWorker.runSuite(SuiteRunnerWorker.java:52)
at org.testng.SuiteRunnerWorker.run(SuiteRunnerWorker.java:95)
at org.testng.TestNG.runSuitesSequentially(TestNG.java:1274)
at org.testng.TestNG.runSuitesLocally(TestNG.java:1208)
at org.testng.TestNG.runSuites(TestNG.java:1112)
at org.testng.TestNG.run(TestNG.java:1079)
at org.testng.remote.AbstractRemoteTestNG.run(AbstractRemoteTestNG.java:115)
at org.testng.remote.RemoteTestNG.initAndRun(RemoteTestNG.java:293)
at org.testng.remote.RemoteTestNG.main(RemoteTestNG.java:91)
]]>
    </failure>
  </testcase> <!-- test_4_2_MultiSelectValidation -->
  <testcase classname="com.practice.QAPractice.QaPractice" name="test_4_2_MultiSelectValidation" time="2.061">
    <failure type="java.lang.AssertionError" message="Expected ERROR message but non found expected [true] but found [false]">
      <![CDATA[java.lang.AssertionError: Expected ERROR message but non found expected [true] but found [false]
at org.testng.Assert.fail(Assert.java:111)
at org.testng.Assert.failNotEquals(Assert.java:1590)
at org.testng.Assert.assertTrue(Assert.java:57)
at com.practice.QAPractice.QaPractice.assertResult(QaPractice.java:18)
at com.practice.QAPractice.QaPractice.test_4_2_MultiSelectValidation(QaPractice.java:256)
at java.base/jdk.internal.reflect.DirectMethodHandleAccessor.invoke(DirectMethodHandleAccessor.java:104)
at java.base/java.lang.reflect.Method.invoke(Method.java:565)
at org.testng.internal.invokers.MethodInvocationHelper.invokeMethod(MethodInvocationHelper.java:141)
at org.testng.internal.invokers.TestInvoker.invokeMethod(TestInvoker.java:687)
at org.testng.internal.invokers.TestInvoker.invokeTestMethod(TestInvoker.java:230)
at org.testng.internal.invokers.MethodRunner.runInSequence(MethodRunner.java:63)
at org.testng.internal.invokers.TestInvoker$MethodInvocationAgent.invoke(TestInvoker.java:995)
at org.testng.internal.invokers.TestInvoker.invokeTestMethods(TestInvoker.java:203)
at org.testng.internal.invokers.TestMethodWorker.invokeTestMethods(TestMethodWorker.java:154)
at org.testng.internal.invokers.TestMethodWorker.run(TestMethodWorker.java:134)
at java.base/java.util.ArrayList.forEach(ArrayList.java:1604)
at org.testng.TestRunner.privateRun(TestRunner.java:741)
at org.testng.TestRunner.run(TestRunner.java:616)
at org.testng.SuiteRunner.runTest(SuiteRunner.java:421)
at org.testng.SuiteRunner.runSequentially(SuiteRunner.java:413)
at org.testng.SuiteRunner.privateRun(SuiteRunner.java:373)
at org.testng.SuiteRunner.run(SuiteRunner.java:312)
at org.testng.SuiteRunnerWorker.runSuite(SuiteRunnerWorker.java:52)
at org.testng.SuiteRunnerWorker.run(SuiteRunnerWorker.java:95)
at org.testng.TestNG.runSuitesSequentially(TestNG.java:1274)
at org.testng.TestNG.runSuitesLocally(TestNG.java:1208)
at org.testng.TestNG.runSuites(TestNG.java:1112)
at org.testng.TestNG.run(TestNG.java:1079)
at org.testng.remote.AbstractRemoteTestNG.run(AbstractRemoteTestNG.java:115)
at org.testng.remote.RemoteTestNG.initAndRun(RemoteTestNG.java:293)
at org.testng.remote.RemoteTestNG.main(RemoteTestNG.java:91)
]]>
    </failure>
  </testcase> <!-- test_4_2_MultiSelectValidation -->
  <testcase classname="com.practice.QAPractice.QaPractice" name="test_4_2_MultiSelectValidation" time="2.763">
    <failure type="java.lang.AssertionError" message="Expected ERROR message but non found expected [true] but found [false]">
      <![CDATA[java.lang.AssertionError: Expected ERROR message but non found expected [true] but found [false]
at org.testng.Assert.fail(Assert.java:111)
at org.testng.Assert.failNotEquals(Assert.java:1590)
at org.testng.Assert.assertTrue(Assert.java:57)
at com.practice.QAPractice.QaPractice.assertResult(QaPractice.java:18)
at com.practice.QAPractice.QaPractice.test_4_2_MultiSelectValidation(QaPractice.java:256)
at java.base/jdk.internal.reflect.DirectMethodHandleAccessor.invoke(DirectMethodHandleAccessor.java:104)
at java.base/java.lang.reflect.Method.invoke(Method.java:565)
at org.testng.internal.invokers.MethodInvocationHelper.invokeMethod(MethodInvocationHelper.java:141)
at org.testng.internal.invokers.TestInvoker.invokeMethod(TestInvoker.java:687)
at org.testng.internal.invokers.TestInvoker.invokeTestMethod(TestInvoker.java:230)
at org.testng.internal.invokers.MethodRunner.runInSequence(MethodRunner.java:63)
at org.testng.internal.invokers.TestInvoker$MethodInvocationAgent.invoke(TestInvoker.java:995)
at org.testng.internal.invokers.TestInvoker.invokeTestMethods(TestInvoker.java:203)
at org.testng.internal.invokers.TestMethodWorker.invokeTestMethods(TestMethodWorker.java:154)
at org.testng.internal.invokers.TestMethodWorker.run(TestMethodWorker.java:134)
at java.base/java.util.ArrayList.forEach(ArrayList.java:1604)
at org.testng.TestRunner.privateRun(TestRunner.java:741)
at org.testng.TestRunner.run(TestRunner.java:616)
at org.testng.SuiteRunner.runTest(SuiteRunner.java:421)
at org.testng.SuiteRunner.runSequentially(SuiteRunner.java:413)
at org.testng.SuiteRunner.privateRun(SuiteRunner.java:373)
at org.testng.SuiteRunner.run(SuiteRunner.java:312)
at org.testng.SuiteRunnerWorker.runSuite(SuiteRunnerWorker.java:52)
at org.testng.SuiteRunnerWorker.run(SuiteRunnerWorker.java:95)
at org.testng.TestNG.runSuitesSequentially(TestNG.java:1274)
at org.testng.TestNG.runSuitesLocally(TestNG.java:1208)
at org.testng.TestNG.runSuites(TestNG.java:1112)
at org.testng.TestNG.run(TestNG.java:1079)
at org.testng.remote.AbstractRemoteTestNG.run(AbstractRemoteTestNG.java:115)
at org.testng.remote.RemoteTestNG.initAndRun(RemoteTestNG.java:293)
at org.testng.remote.RemoteTestNG.main(RemoteTestNG.java:91)
]]>
    </failure>
  </testcase> <!-- test_4_2_MultiSelectValidation -->
  <testcase classname="com.practice.QAPractice.QaPractice" name="test_4_2_MultiSelectValidation" time="2.68">
    <failure type="java.lang.AssertionError" message="Expected ERROR message but non found expected [true] but found [false]">
      <![CDATA[java.lang.AssertionError: Expected ERROR message but non found expected [true] but found [false]
at org.testng.Assert.fail(Assert.java:111)
at org.testng.Assert.failNotEquals(Assert.java:1590)
at org.testng.Assert.assertTrue(Assert.java:57)
at com.practice.QAPractice.QaPractice.assertResult(QaPractice.java:18)
at com.practice.QAPractice.QaPractice.test_4_2_MultiSelectValidation(QaPractice.java:256)
at java.base/jdk.internal.reflect.DirectMethodHandleAccessor.invoke(DirectMethodHandleAccessor.java:104)
at java.base/java.lang.reflect.Method.invoke(Method.java:565)
at org.testng.internal.invokers.MethodInvocationHelper.invokeMethod(MethodInvocationHelper.java:141)
at org.testng.internal.invokers.TestInvoker.invokeMethod(TestInvoker.java:687)
at org.testng.internal.invokers.TestInvoker.invokeTestMethod(TestInvoker.java:230)
at org.testng.internal.invokers.MethodRunner.runInSequence(MethodRunner.java:63)
at org.testng.internal.invokers.TestInvoker$MethodInvocationAgent.invoke(TestInvoker.java:995)
at org.testng.internal.invokers.TestInvoker.invokeTestMethods(TestInvoker.java:203)
at org.testng.internal.invokers.TestMethodWorker.invokeTestMethods(TestMethodWorker.java:154)
at org.testng.internal.invokers.TestMethodWorker.run(TestMethodWorker.java:134)
at java.base/java.util.ArrayList.forEach(ArrayList.java:1604)
at org.testng.TestRunner.privateRun(TestRunner.java:741)
at org.testng.TestRunner.run(TestRunner.java:616)
at org.testng.SuiteRunner.runTest(SuiteRunner.java:421)
at org.testng.SuiteRunner.runSequentially(SuiteRunner.java:413)
at org.testng.SuiteRunner.privateRun(SuiteRunner.java:373)
at org.testng.SuiteRunner.run(SuiteRunner.java:312)
at org.testng.SuiteRunnerWorker.runSuite(SuiteRunnerWorker.java:52)
at org.testng.SuiteRunnerWorker.run(SuiteRunnerWorker.java:95)
at org.testng.TestNG.runSuitesSequentially(TestNG.java:1274)
at org.testng.TestNG.runSuitesLocally(TestNG.java:1208)
at org.testng.TestNG.runSuites(TestNG.java:1112)
at org.testng.TestNG.run(TestNG.java:1079)
at org.testng.remote.AbstractRemoteTestNG.run(AbstractRemoteTestNG.java:115)
at org.testng.remote.RemoteTestNG.initAndRun(RemoteTestNG.java:293)
at org.testng.remote.RemoteTestNG.main(RemoteTestNG.java:91)
]]>
    </failure>
  </testcase> <!-- test_4_2_MultiSelectValidation -->
  <testcase classname="com.practice.QAPractice.QaPractice" name="test_4_2_MultiSelectAllCombinations" time="3.291"/>
  <testcase classname="com.practice.QAPractice.QaPractice" name="test_4_2_MultiSelectAllCombinations" time="3.238"/>
  <testcase classname="com.practice.QAPractice.QaPractice" name="test_4_2_MultiSelectAllCombinations" time="3.072"/>
  <testcase classname="com.practice.QAPractice.QaPractice" name="test_4_2_MultiSelectAllCombinations" time="3.314"/>
  <testcase classname="com.practice.QAPractice.QaPractice" name="test_4_2_MultiSelectAllCombinations" time="3.591"/>
  <testcase classname="com.practice.QAPractice.QaPractice" name="test_4_2_MultiSelectAllCombinations" time="3.438"/>
  <testcase classname="com.practice.QAPractice.QaPractice" name="test_4_2_MultiSelectAllCombinations" time="3.112"/>
  <testcase classname="com.practice.QAPractice.QaPractice" name="test_4_2_MultiSelectAllCombinations" time="3.676"/>
  <testcase classname="com.practice.QAPractice.QaPractice" name="test_4_2_MultiSelectAllCombinations" time="3.303"/>
  <testcase classname="com.practice.QAPractice.QaPractice" name="test_4_2_MultiSelectAllCombinations" time="3.273"/>
  <testcase classname="com.practice.QAPractice.QaPractice" name="test_4_2_MultiSelectAllCombinations" time="3.314"/>
  <testcase classname="com.practice.QAPractice.QaPractice" name="test_4_2_MultiSelectAllCombinations" time="3.543"/>
  <testcase classname="com.practice.QAPractice.QaPractice" name="test_4_2_MultiSelectAllCombinations" time="3.177"/>
  <testcase classname="com.practice.QAPractice.QaPractice" name="test_4_2_MultiSelectAllCombinations" time="3.271"/>
  <testcase classname="com.practice.QAPractice.QaPractice" name="test_4_2_MultiSelectAllCombinations" time="3.208"/>
  <testcase classname="com.practice.QAPractice.QaPractice" name="test_4_2_MultiSelectAllCombinations" time="3.297"/>
  <testcase classname="com.practice.QAPractice.QaPractice" name="test_4_2_MultiSelectAllCombinations" time="3.389"/>
  <testcase classname="com.practice.QAPractice.QaPractice" name="test_4_2_MultiSelectAllCombinations" time="3.44"/>
  <testcase classname="com.practice.QAPractice.QaPractice" name="test_4_2_MultiSelectAllCombinations" time="3.54"/>
  <testcase classname="com.practice.QAPractice.QaPractice" name="test_4_2_MultiSelectAllCombinations" time="3.098"/>
  <testcase classname="com.practice.QAPractice.QaPractice" name="test_4_2_MultiSelectAllCombinations" time="3.292"/>
  <testcase classname="com.practice.QAPractice.QaPractice" name="test_4_2_MultiSelectAllCombinations" time="3.333"/>
  <testcase classname="com.practice.QAPractice.QaPractice" name="test_4_2_MultiSelectAllCombinations" time="3.347"/>
  <testcase classname="com.practice.QAPractice.QaPractice" name="test_4_2_MultiSelectAllCombinations" time="3.518"/>
  <testcase classname="com.practice.QAPractice.QaPractice" name="test_4_2_MultiSelectAllCombinations" time="3.449"/>
  <testcase classname="com.practice.QAPractice.QaPractice" name="test_4_2_MultiSelectAllCombinations" time="3.425"/>
  <testcase classname="com.practice.QAPractice.QaPractice" name="test_4_2_MultiSelectAllCombinations" time="3.54"/>
  <testcase classname="com.practice.QAPractice.QaPractice" name="test_4_2_MultiSelectAllCombinations" time="3.35"/>
  <testcase classname="com.practice.QAPractice.QaPractice" name="test_4_2_MultiSelectAllCombinations" time="3.436"/>
  <testcase classname="com.practice.QAPractice.QaPractice" name="test_4_2_MultiSelectAllCombinations" time="3.232"/>
  <testcase classname="com.practice.QAPractice.QaPractice" name="test_4_2_MultiSelectAllCombinations" time="3.3"/>
  <testcase classname="com.practice.QAPractice.QaPractice" name="test_4_2_MultiSelectAllCombinations" time="3.245"/>
  <testcase classname="com.practice.QAPractice.QaPractice" name="test_4_2_MultiSelectAllCombinations" time="3.17"/>
  <testcase classname="com.practice.QAPractice.QaPractice" name="test_4_2_MultiSelectAllCombinations" time="3.805"/>
  <testcase classname="com.practice.QAPractice.QaPractice" name="test_4_2_MultiSelectAllCombinations" time="3.304"/>
  <testcase classname="com.practice.QAPractice.QaPractice" name="test_4_2_MultiSelectAllCombinations" time="3.347"/>
  <testcase classname="com.practice.QAPractice.QaPractice" name="test_4_2_MultiSelectAllCombinations" time="3.411"/>
  <testcase classname="com.practice.QAPractice.QaPractice" name="test_4_2_MultiSelectAllCombinations" time="3.482"/>
  <testcase classname="com.practice.QAPractice.QaPractice" name="test_4_2_MultiSelectAllCombinations" time="3.525"/>
  <testcase classname="com.practice.QAPractice.QaPractice" name="test_4_2_MultiSelectAllCombinations" time="3.625"/>
  <testcase classname="com.practice.QAPractice.QaPractice" name="test_4_2_MultiSelectAllCombinations" time="3.391"/>
  <testcase classname="com.practice.QAPractice.QaPractice" name="test_4_2_MultiSelectAllCombinations" time="3.24"/>
  <testcase classname="com.practice.QAPractice.QaPractice" name="test_4_2_MultiSelectAllCombinations" time="3.338"/>
  <testcase classname="com.practice.QAPractice.QaPractice" name="test_4_2_MultiSelectAllCombinations" time="3.523"/>
  <testcase classname="com.practice.QAPractice.QaPractice" name="test_4_2_MultiSelectAllCombinations" time="3.396"/>
  <testcase classname="com.practice.QAPractice.QaPractice" name="test_4_2_MultiSelectAllCombinations" time="3.468"/>
  <testcase classname="com.practice.QAPractice.QaPractice" name="test_4_2_MultiSelectAllCombinations" time="3.351"/>
  <testcase classname="com.practice.QAPractice.QaPractice" name="test_4_2_MultiSelectAllCombinations" time="3.245"/>
  <testcase classname="com.practice.QAPractice.QaPractice" name="test_4_2_MultiSelectAllCombinations" time="3.28"/>
  <testcase classname="com.practice.QAPractice.QaPractice" name="test_4_2_MultiSelectAllCombinations" time="3.339"/>
  <testcase classname="com.practice.QAPractice.QaPractice" name="test_4_2_MultiSelectAllCombinations" time="3.186"/>
  <testcase classname="com.practice.QAPractice.QaPractice" name="test_4_2_MultiSelectAllCombinations" time="3.43"/>
  <testcase classname="com.practice.QAPractice.QaPractice" name="test_4_2_MultiSelectAllCombinations" time="3.419"/>
  <testcase classname="com.practice.QAPractice.QaPractice" name="test_4_2_MultiSelectAllCombinations" time="3.372"/>
  <testcase classname="com.practice.QAPractice.QaPractice" name="test_4_2_MultiSelectAllCombinations" time="3.281"/>
  <testcase classname="com.practice.QAPractice.QaPractice" name="test_4_2_MultiSelectAllCombinations" time="3.327"/>
  <testcase classname="com.practice.QAPractice.QaPractice" name="test_4_2_MultiSelectAllCombinations" time="3.32"/>
  <testcase classname="com.practice.QAPractice.QaPractice" name="test_4_2_MultiSelectAllCombinations" time="3.322"/>
  <testcase classname="com.practice.QAPractice.QaPractice" name="test_4_2_MultiSelectAllCombinations" time="3.112"/>
  <testcase classname="com.practice.QAPractice.QaPractice" name="test_4_2_MultiSelectAllCombinations" time="3.189"/>
  <testcase classname="com.practice.QAPractice.QaPractice" name="test_5_1_NewTabLink" time="3.009"/>
  <testcase classname="com.practice.QAPractice.QaPractice" name="test_5_2_NewTabButton" time="2.989"/>
  <testcase classname="com.practice.QAPractice.QaPractice" name="test_6_1_SingleTextArea" time="2.211">
    <failure type="java.lang.AssertionError" message="Expected SUCCESS message but non found expected [true] but found [false]">
      <![CDATA[java.lang.AssertionError: Expected SUCCESS message but non found expected [true] but found [false]
at org.testng.Assert.fail(Assert.java:111)
at org.testng.Assert.failNotEquals(Assert.java:1590)
at org.testng.Assert.assertTrue(Assert.java:57)
at com.practice.QAPractice.QaPractice.assertResult(QaPractice.java:16)
at com.practice.QAPractice.QaPractice.test_6_1_SingleTextArea(QaPractice.java:357)
at java.base/jdk.internal.reflect.DirectMethodHandleAccessor.invoke(DirectMethodHandleAccessor.java:104)
at java.base/java.lang.reflect.Method.invoke(Method.java:565)
at org.testng.internal.invokers.MethodInvocationHelper.invokeMethod(MethodInvocationHelper.java:141)
at org.testng.internal.invokers.TestInvoker.invokeMethod(TestInvoker.java:687)
at org.testng.internal.invokers.TestInvoker.invokeTestMethod(TestInvoker.java:230)
at org.testng.internal.invokers.MethodRunner.runInSequence(MethodRunner.java:63)
at org.testng.internal.invokers.TestInvoker$MethodInvocationAgent.invoke(TestInvoker.java:995)
at org.testng.internal.invokers.TestInvoker.invokeTestMethods(TestInvoker.java:203)
at org.testng.internal.invokers.TestMethodWorker.invokeTestMethods(TestMethodWorker.java:154)
at org.testng.internal.invokers.TestMethodWorker.run(TestMethodWorker.java:134)
at java.base/java.util.ArrayList.forEach(ArrayList.java:1604)
at org.testng.TestRunner.privateRun(TestRunner.java:741)
at org.testng.TestRunner.run(TestRunner.java:616)
at org.testng.SuiteRunner.runTest(SuiteRunner.java:421)
at org.testng.SuiteRunner.runSequentially(SuiteRunner.java:413)
at org.testng.SuiteRunner.privateRun(SuiteRunner.java:373)
at org.testng.SuiteRunner.run(SuiteRunner.java:312)
at org.testng.SuiteRunnerWorker.runSuite(SuiteRunnerWorker.java:52)
at org.testng.SuiteRunnerWorker.run(SuiteRunnerWorker.java:95)
at org.testng.TestNG.runSuitesSequentially(TestNG.java:1274)
at org.testng.TestNG.runSuitesLocally(TestNG.java:1208)
at org.testng.TestNG.runSuites(TestNG.java:1112)
at org.testng.TestNG.run(TestNG.java:1079)
at org.testng.remote.AbstractRemoteTestNG.run(AbstractRemoteTestNG.java:115)
at org.testng.remote.RemoteTestNG.initAndRun(RemoteTestNG.java:293)
at org.testng.remote.RemoteTestNG.main(RemoteTestNG.java:91)
]]>
    </failure>
  </testcase> <!-- test_6_1_SingleTextArea -->
  <testcase classname="com.practice.QAPractice.QaPractice" name="test_6_1_SingleTextArea" time="2.066">
    <failure type="java.lang.AssertionError" message="Expected ERROR message but non found expected [true] but found [false]">
      <![CDATA[java.lang.AssertionError: Expected ERROR message but non found expected [true] but found [false]
at org.testng.Assert.fail(Assert.java:111)
at org.testng.Assert.failNotEquals(Assert.java:1590)
at org.testng.Assert.assertTrue(Assert.java:57)
at com.practice.QAPractice.QaPractice.assertResult(QaPractice.java:18)
at com.practice.QAPractice.QaPractice.test_6_1_SingleTextArea(QaPractice.java:357)
at java.base/jdk.internal.reflect.DirectMethodHandleAccessor.invoke(DirectMethodHandleAccessor.java:104)
at java.base/java.lang.reflect.Method.invoke(Method.java:565)
at org.testng.internal.invokers.MethodInvocationHelper.invokeMethod(MethodInvocationHelper.java:141)
at org.testng.internal.invokers.TestInvoker.invokeMethod(TestInvoker.java:687)
at org.testng.internal.invokers.TestInvoker.invokeTestMethod(TestInvoker.java:230)
at org.testng.internal.invokers.MethodRunner.runInSequence(MethodRunner.java:63)
at org.testng.internal.invokers.TestInvoker$MethodInvocationAgent.invoke(TestInvoker.java:995)
at org.testng.internal.invokers.TestInvoker.invokeTestMethods(TestInvoker.java:203)
at org.testng.internal.invokers.TestMethodWorker.invokeTestMethods(TestMethodWorker.java:154)
at org.testng.internal.invokers.TestMethodWorker.run(TestMethodWorker.java:134)
at java.base/java.util.ArrayList.forEach(ArrayList.java:1604)
at org.testng.TestRunner.privateRun(TestRunner.java:741)
at org.testng.TestRunner.run(TestRunner.java:616)
at org.testng.SuiteRunner.runTest(SuiteRunner.java:421)
at org.testng.SuiteRunner.runSequentially(SuiteRunner.java:413)
at org.testng.SuiteRunner.privateRun(SuiteRunner.java:373)
at org.testng.SuiteRunner.run(SuiteRunner.java:312)
at org.testng.SuiteRunnerWorker.runSuite(SuiteRunnerWorker.java:52)
at org.testng.SuiteRunnerWorker.run(SuiteRunnerWorker.java:95)
at org.testng.TestNG.runSuitesSequentially(TestNG.java:1274)
at org.testng.TestNG.runSuitesLocally(TestNG.java:1208)
at org.testng.TestNG.runSuites(TestNG.java:1112)
at org.testng.TestNG.run(TestNG.java:1079)
at org.testng.remote.AbstractRemoteTestNG.run(AbstractRemoteTestNG.java:115)
at org.testng.remote.RemoteTestNG.initAndRun(RemoteTestNG.java:293)
at org.testng.remote.RemoteTestNG.main(RemoteTestNG.java:91)
]]>
    </failure>
  </testcase> <!-- test_6_1_SingleTextArea -->
  <testcase classname="com.practice.QAPractice.QaPractice" name="test_6_2_MultipleTextAreas" time="4.125">
    <failure type="org.openqa.selenium.ElementClickInterceptedException" message="element click intercepted: Element is not clickable at point (387, 921)
  (Session info: MicrosoftEdge=148.0.3967.96)
Build info: version: &amp;apos;4.38.0&amp;apos;, revision: &amp;apos;6b412e825c*&amp;apos;
System info: os.name: &amp;apos;Windows 11&amp;apos;, os.arch: &amp;apos;amd64&amp;apos;, os.version: &amp;apos;10.0&amp;apos;, java.version: &amp;apos;25.0.3&amp;apos;
Driver info: org.openqa.selenium.edge.EdgeDriver
Command: [bdbffc5e2215b3bd0658b19cd0c6ba21, clickElement {id=f.BF9B6A64B7D84349320983DF6C07697F.d.A64EF47BD7630D6F920C9A3BA7204DBB.e.63742}]
Capabilities {acceptInsecureCerts: false, browserName: MicrosoftEdge, browserVersion: 148.0.3967.96, fedcm:accounts: true, goog:processID: 3452, ms:edgeOptions: {debuggerAddress: localhost:51292}, msedge: {msedgedriverVersion: 148.0.3967.96 (9df8cc82dba1..., userDataDir: C:\Users\DVDSTORE\AppData\L...}, networkConnectionEnabled: false, pageLoadStrategy: normal, platformName: windows, proxy: Proxy(), se:cdp: ws://localhost:51292/devtoo..., se:cdpVersion: 148.0.3967.96, setWindowRect: true, strictFileInteractability: false, timeouts: {implicit: 0, pageLoad: 300000, script: 30000}, unhandledPromptBehavior: dismiss and notify, webauthn:extension:credBlob: true, webauthn:extension:largeBlob: true, webauthn:extension:minPinLength: true, webauthn:extension:prf: true, webauthn:virtualAuthenticators: true}
Element: [[EdgeDriver: MicrosoftEdge on windows (bdbffc5e2215b3bd0658b19cd0c6ba21)] -&amp;gt; xpath: //input[starts-with(@type,&amp;apos;sub&amp;apos;)]]
Session ID: bdbffc5e2215b3bd0658b19cd0c6ba21">
      <![CDATA[org.openqa.selenium.ElementClickInterceptedException: element click intercepted: Element is not clickable at point (387, 921)
  (Session info: MicrosoftEdge=148.0.3967.96)
Build info: version: '4.38.0', revision: '6b412e825c*'
System info: os.name: 'Windows 11', os.arch: 'amd64', os.version: '10.0', java.version: '25.0.3'
Driver info: org.openqa.selenium.edge.EdgeDriver
Command: [bdbffc5e2215b3bd0658b19cd0c6ba21, clickElement {id=f.BF9B6A64B7D84349320983DF6C07697F.d.A64EF47BD7630D6F920C9A3BA7204DBB.e.63742}]
Capabilities {acceptInsecureCerts: false, browserName: MicrosoftEdge, browserVersion: 148.0.3967.96, fedcm:accounts: true, goog:processID: 3452, ms:edgeOptions: {debuggerAddress: localhost:51292}, msedge: {msedgedriverVersion: 148.0.3967.96 (9df8cc82dba1..., userDataDir: C:\Users\DVDSTORE\AppData\L...}, networkConnectionEnabled: false, pageLoadStrategy: normal, platformName: windows, proxy: Proxy(), se:cdp: ws://localhost:51292/devtoo..., se:cdpVersion: 148.0.3967.96, setWindowRect: true, strictFileInteractability: false, timeouts: {implicit: 0, pageLoad: 300000, script: 30000}, unhandledPromptBehavior: dismiss and notify, webauthn:extension:credBlob: true, webauthn:extension:largeBlob: true, webauthn:extension:minPinLength: true, webauthn:extension:prf: true, webauthn:virtualAuthenticators: true}
Element: [[EdgeDriver: MicrosoftEdge on windows (bdbffc5e2215b3bd0658b19cd0c6ba21)] -> xpath: //input[starts-with(@type,'sub')]]
Session ID: bdbffc5e2215b3bd0658b19cd0c6ba21
at java.base/jdk.internal.reflect.DirectConstructorHandleAccessor.newInstance(DirectConstructorHandleAccessor.java:62)
at java.base/java.lang.reflect.Constructor.newInstanceWithCaller(Constructor.java:499)
at java.base/java.lang.reflect.Constructor.newInstance(Constructor.java:483)
at org.openqa.selenium.remote.ErrorCodec.decode(ErrorCodec.java:167)
at org.openqa.selenium.remote.codec.w3c.W3CHttpResponseCodec.decode(W3CHttpResponseCodec.java:138)
at org.openqa.selenium.remote.codec.w3c.W3CHttpResponseCodec.decode(W3CHttpResponseCodec.java:50)
at org.openqa.selenium.remote.HttpCommandExecutor.execute(HttpCommandExecutor.java:215)
at org.openqa.selenium.remote.service.DriverCommandExecutor.invokeExecute(DriverCommandExecutor.java:216)
at org.openqa.selenium.remote.service.DriverCommandExecutor.execute(DriverCommandExecutor.java:174)
at org.openqa.selenium.remote.RemoteWebDriver.execute(RemoteWebDriver.java:557)
at org.openqa.selenium.remote.RemoteWebElement.execute(RemoteWebElement.java:223)
at org.openqa.selenium.remote.RemoteWebElement.click(RemoteWebElement.java:76)
at com.practice.QAPractice.TextAreaPage.submitMultiple(TextAreaPage.java:53)
at com.practice.QAPractice.QaPractice.test_6_2_MultipleTextAreas(QaPractice.java:387)
at java.base/jdk.internal.reflect.DirectMethodHandleAccessor.invoke(DirectMethodHandleAccessor.java:104)
at java.base/java.lang.reflect.Method.invoke(Method.java:565)
at org.testng.internal.invokers.MethodInvocationHelper.invokeMethod(MethodInvocationHelper.java:141)
at org.testng.internal.invokers.TestInvoker.invokeMethod(TestInvoker.java:687)
at org.testng.internal.invokers.TestInvoker.invokeTestMethod(TestInvoker.java:230)
at org.testng.internal.invokers.MethodRunner.runInSequence(MethodRunner.java:63)
at org.testng.internal.invokers.TestInvoker$MethodInvocationAgent.invoke(TestInvoker.java:995)
at org.testng.internal.invokers.TestInvoker.invokeTestMethods(TestInvoker.java:203)
at org.testng.internal.invokers.TestMethodWorker.invokeTestMethods(TestMethodWorker.java:154)
at org.testng.internal.invokers.TestMethodWorker.run(TestMethodWorker.java:134)
at java.base/java.util.ArrayList.forEach(ArrayList.java:1604)
at org.testng.TestRunner.privateRun(TestRunner.java:741)
at org.testng.TestRunner.run(TestRunner.java:616)
at org.testng.SuiteRunner.runTest(SuiteRunner.java:421)
at org.testng.SuiteRunner.runSequentially(SuiteRunner.java:413)
at org.testng.SuiteRunner.privateRun(SuiteRunner.java:373)
at org.testng.SuiteRunner.run(SuiteRunner.java:312)
at org.testng.SuiteRunnerWorker.runSuite(SuiteRunnerWorker.java:52)
at org.testng.SuiteRunnerWorker.run(SuiteRunnerWorker.java:95)
at org.testng.TestNG.runSuitesSequentially(TestNG.java:1274)
at org.testng.TestNG.runSuitesLocally(TestNG.java:1208)
at org.testng.TestNG.runSuites(TestNG.java:1112)
at org.testng.TestNG.run(TestNG.java:1079)
at org.testng.remote.AbstractRemoteTestNG.run(AbstractRemoteTestNG.java:115)
at org.testng.remote.RemoteTestNG.initAndRun(RemoteTestNG.java:293)
at org.testng.remote.RemoteTestNG.main(RemoteTestNG.java:91)
]]>
    </failure>
  </testcase> <!-- test_6_2_MultipleTextAreas -->
  <testcase classname="com.practice.QAPractice.QaPractice" name="test_6_2_MultipleTextAreas" time="3.832">
    <failure type="org.openqa.selenium.ElementClickInterceptedException" message="element click intercepted: Element is not clickable at point (387, 945)
  (Session info: MicrosoftEdge=148.0.3967.96)
Build info: version: &amp;apos;4.38.0&amp;apos;, revision: &amp;apos;6b412e825c*&amp;apos;
System info: os.name: &amp;apos;Windows 11&amp;apos;, os.arch: &amp;apos;amd64&amp;apos;, os.version: &amp;apos;10.0&amp;apos;, java.version: &amp;apos;25.0.3&amp;apos;
Driver info: org.openqa.selenium.edge.EdgeDriver
Command: [bdbffc5e2215b3bd0658b19cd0c6ba21, clickElement {id=f.BF9B6A64B7D84349320983DF6C07697F.d.A3B8D74505EBA69890F680F50AEFF5B4.e.63973}]
Capabilities {acceptInsecureCerts: false, browserName: MicrosoftEdge, browserVersion: 148.0.3967.96, fedcm:accounts: true, goog:processID: 3452, ms:edgeOptions: {debuggerAddress: localhost:51292}, msedge: {msedgedriverVersion: 148.0.3967.96 (9df8cc82dba1..., userDataDir: C:\Users\DVDSTORE\AppData\L...}, networkConnectionEnabled: false, pageLoadStrategy: normal, platformName: windows, proxy: Proxy(), se:cdp: ws://localhost:51292/devtoo..., se:cdpVersion: 148.0.3967.96, setWindowRect: true, strictFileInteractability: false, timeouts: {implicit: 0, pageLoad: 300000, script: 30000}, unhandledPromptBehavior: dismiss and notify, webauthn:extension:credBlob: true, webauthn:extension:largeBlob: true, webauthn:extension:minPinLength: true, webauthn:extension:prf: true, webauthn:virtualAuthenticators: true}
Element: [[EdgeDriver: MicrosoftEdge on windows (bdbffc5e2215b3bd0658b19cd0c6ba21)] -&amp;gt; xpath: //input[starts-with(@type,&amp;apos;sub&amp;apos;)]]
Session ID: bdbffc5e2215b3bd0658b19cd0c6ba21">
      <![CDATA[org.openqa.selenium.ElementClickInterceptedException: element click intercepted: Element is not clickable at point (387, 945)
  (Session info: MicrosoftEdge=148.0.3967.96)
Build info: version: '4.38.0', revision: '6b412e825c*'
System info: os.name: 'Windows 11', os.arch: 'amd64', os.version: '10.0', java.version: '25.0.3'
Driver info: org.openqa.selenium.edge.EdgeDriver
Command: [bdbffc5e2215b3bd0658b19cd0c6ba21, clickElement {id=f.BF9B6A64B7D84349320983DF6C07697F.d.A3B8D74505EBA69890F680F50AEFF5B4.e.63973}]
Capabilities {acceptInsecureCerts: false, browserName: MicrosoftEdge, browserVersion: 148.0.3967.96, fedcm:accounts: true, goog:processID: 3452, ms:edgeOptions: {debuggerAddress: localhost:51292}, msedge: {msedgedriverVersion: 148.0.3967.96 (9df8cc82dba1..., userDataDir: C:\Users\DVDSTORE\AppData\L...}, networkConnectionEnabled: false, pageLoadStrategy: normal, platformName: windows, proxy: Proxy(), se:cdp: ws://localhost:51292/devtoo..., se:cdpVersion: 148.0.3967.96, setWindowRect: true, strictFileInteractability: false, timeouts: {implicit: 0, pageLoad: 300000, script: 30000}, unhandledPromptBehavior: dismiss and notify, webauthn:extension:credBlob: true, webauthn:extension:largeBlob: true, webauthn:extension:minPinLength: true, webauthn:extension:prf: true, webauthn:virtualAuthenticators: true}
Element: [[EdgeDriver: MicrosoftEdge on windows (bdbffc5e2215b3bd0658b19cd0c6ba21)] -> xpath: //input[starts-with(@type,'sub')]]
Session ID: bdbffc5e2215b3bd0658b19cd0c6ba21
at java.base/jdk.internal.reflect.DirectConstructorHandleAccessor.newInstance(DirectConstructorHandleAccessor.java:62)
at java.base/java.lang.reflect.Constructor.newInstanceWithCaller(Constructor.java:499)
at java.base/java.lang.reflect.Constructor.newInstance(Constructor.java:483)
at org.openqa.selenium.remote.ErrorCodec.decode(ErrorCodec.java:167)
at org.openqa.selenium.remote.codec.w3c.W3CHttpResponseCodec.decode(W3CHttpResponseCodec.java:138)
at org.openqa.selenium.remote.codec.w3c.W3CHttpResponseCodec.decode(W3CHttpResponseCodec.java:50)
at org.openqa.selenium.remote.HttpCommandExecutor.execute(HttpCommandExecutor.java:215)
at org.openqa.selenium.remote.service.DriverCommandExecutor.invokeExecute(DriverCommandExecutor.java:216)
at org.openqa.selenium.remote.service.DriverCommandExecutor.execute(DriverCommandExecutor.java:174)
at org.openqa.selenium.remote.RemoteWebDriver.execute(RemoteWebDriver.java:557)
at org.openqa.selenium.remote.RemoteWebElement.execute(RemoteWebElement.java:223)
at org.openqa.selenium.remote.RemoteWebElement.click(RemoteWebElement.java:76)
at com.practice.QAPractice.TextAreaPage.submitMultiple(TextAreaPage.java:53)
at com.practice.QAPractice.QaPractice.test_6_2_MultipleTextAreas(QaPractice.java:387)
at java.base/jdk.internal.reflect.DirectMethodHandleAccessor.invoke(DirectMethodHandleAccessor.java:104)
at java.base/java.lang.reflect.Method.invoke(Method.java:565)
at org.testng.internal.invokers.MethodInvocationHelper.invokeMethod(MethodInvocationHelper.java:141)
at org.testng.internal.invokers.TestInvoker.invokeMethod(TestInvoker.java:687)
at org.testng.internal.invokers.TestInvoker.invokeTestMethod(TestInvoker.java:230)
at org.testng.internal.invokers.MethodRunner.runInSequence(MethodRunner.java:63)
at org.testng.internal.invokers.TestInvoker$MethodInvocationAgent.invoke(TestInvoker.java:995)
at org.testng.internal.invokers.TestInvoker.invokeTestMethods(TestInvoker.java:203)
at org.testng.internal.invokers.TestMethodWorker.invokeTestMethods(TestMethodWorker.java:154)
at org.testng.internal.invokers.TestMethodWorker.run(TestMethodWorker.java:134)
at java.base/java.util.ArrayList.forEach(ArrayList.java:1604)
at org.testng.TestRunner.privateRun(TestRunner.java:741)
at org.testng.TestRunner.run(TestRunner.java:616)
at org.testng.SuiteRunner.runTest(SuiteRunner.java:421)
at org.testng.SuiteRunner.runSequentially(SuiteRunner.java:413)
at org.testng.SuiteRunner.privateRun(SuiteRunner.java:373)
at org.testng.SuiteRunner.run(SuiteRunner.java:312)
at org.testng.SuiteRunnerWorker.runSuite(SuiteRunnerWorker.java:52)
at org.testng.SuiteRunnerWorker.run(SuiteRunnerWorker.java:95)
at org.testng.TestNG.runSuitesSequentially(TestNG.java:1274)
at org.testng.TestNG.runSuitesLocally(TestNG.java:1208)
at org.testng.TestNG.runSuites(TestNG.java:1112)
at org.testng.TestNG.run(TestNG.java:1079)
at org.testng.remote.AbstractRemoteTestNG.run(AbstractRemoteTestNG.java:115)
at org.testng.remote.RemoteTestNG.initAndRun(RemoteTestNG.java:293)
at org.testng.remote.RemoteTestNG.main(RemoteTestNG.java:91)
]]>
    </failure>
  </testcase> <!-- test_6_2_MultipleTextAreas -->
  <testcase classname="com.practice.QAPractice.QaPractice" name="test_6_2_MultipleTextAreas" time="3.828">
    <failure type="org.openqa.selenium.ElementClickInterceptedException" message="element click intercepted: Element is not clickable at point (387, 917)
  (Session info: MicrosoftEdge=148.0.3967.96)
Build info: version: &amp;apos;4.38.0&amp;apos;, revision: &amp;apos;6b412e825c*&amp;apos;
System info: os.name: &amp;apos;Windows 11&amp;apos;, os.arch: &amp;apos;amd64&amp;apos;, os.version: &amp;apos;10.0&amp;apos;, java.version: &amp;apos;25.0.3&amp;apos;
Driver info: org.openqa.selenium.edge.EdgeDriver
Command: [bdbffc5e2215b3bd0658b19cd0c6ba21, clickElement {id=f.BF9B6A64B7D84349320983DF6C07697F.d.A3F142C72A0AFDBB49A4D95A9AEF3ED4.e.64203}]
Capabilities {acceptInsecureCerts: false, browserName: MicrosoftEdge, browserVersion: 148.0.3967.96, fedcm:accounts: true, goog:processID: 3452, ms:edgeOptions: {debuggerAddress: localhost:51292}, msedge: {msedgedriverVersion: 148.0.3967.96 (9df8cc82dba1..., userDataDir: C:\Users\DVDSTORE\AppData\L...}, networkConnectionEnabled: false, pageLoadStrategy: normal, platformName: windows, proxy: Proxy(), se:cdp: ws://localhost:51292/devtoo..., se:cdpVersion: 148.0.3967.96, setWindowRect: true, strictFileInteractability: false, timeouts: {implicit: 0, pageLoad: 300000, script: 30000}, unhandledPromptBehavior: dismiss and notify, webauthn:extension:credBlob: true, webauthn:extension:largeBlob: true, webauthn:extension:minPinLength: true, webauthn:extension:prf: true, webauthn:virtualAuthenticators: true}
Element: [[EdgeDriver: MicrosoftEdge on windows (bdbffc5e2215b3bd0658b19cd0c6ba21)] -&amp;gt; xpath: //input[starts-with(@type,&amp;apos;sub&amp;apos;)]]
Session ID: bdbffc5e2215b3bd0658b19cd0c6ba21">
      <![CDATA[org.openqa.selenium.ElementClickInterceptedException: element click intercepted: Element is not clickable at point (387, 917)
  (Session info: MicrosoftEdge=148.0.3967.96)
Build info: version: '4.38.0', revision: '6b412e825c*'
System info: os.name: 'Windows 11', os.arch: 'amd64', os.version: '10.0', java.version: '25.0.3'
Driver info: org.openqa.selenium.edge.EdgeDriver
Command: [bdbffc5e2215b3bd0658b19cd0c6ba21, clickElement {id=f.BF9B6A64B7D84349320983DF6C07697F.d.A3F142C72A0AFDBB49A4D95A9AEF3ED4.e.64203}]
Capabilities {acceptInsecureCerts: false, browserName: MicrosoftEdge, browserVersion: 148.0.3967.96, fedcm:accounts: true, goog:processID: 3452, ms:edgeOptions: {debuggerAddress: localhost:51292}, msedge: {msedgedriverVersion: 148.0.3967.96 (9df8cc82dba1..., userDataDir: C:\Users\DVDSTORE\AppData\L...}, networkConnectionEnabled: false, pageLoadStrategy: normal, platformName: windows, proxy: Proxy(), se:cdp: ws://localhost:51292/devtoo..., se:cdpVersion: 148.0.3967.96, setWindowRect: true, strictFileInteractability: false, timeouts: {implicit: 0, pageLoad: 300000, script: 30000}, unhandledPromptBehavior: dismiss and notify, webauthn:extension:credBlob: true, webauthn:extension:largeBlob: true, webauthn:extension:minPinLength: true, webauthn:extension:prf: true, webauthn:virtualAuthenticators: true}
Element: [[EdgeDriver: MicrosoftEdge on windows (bdbffc5e2215b3bd0658b19cd0c6ba21)] -> xpath: //input[starts-with(@type,'sub')]]
Session ID: bdbffc5e2215b3bd0658b19cd0c6ba21
at java.base/jdk.internal.reflect.DirectConstructorHandleAccessor.newInstance(DirectConstructorHandleAccessor.java:62)
at java.base/java.lang.reflect.Constructor.newInstanceWithCaller(Constructor.java:499)
at java.base/java.lang.reflect.Constructor.newInstance(Constructor.java:483)
at org.openqa.selenium.remote.ErrorCodec.decode(ErrorCodec.java:167)
at org.openqa.selenium.remote.codec.w3c.W3CHttpResponseCodec.decode(W3CHttpResponseCodec.java:138)
at org.openqa.selenium.remote.codec.w3c.W3CHttpResponseCodec.decode(W3CHttpResponseCodec.java:50)
at org.openqa.selenium.remote.HttpCommandExecutor.execute(HttpCommandExecutor.java:215)
at org.openqa.selenium.remote.service.DriverCommandExecutor.invokeExecute(DriverCommandExecutor.java:216)
at org.openqa.selenium.remote.service.DriverCommandExecutor.execute(DriverCommandExecutor.java:174)
at org.openqa.selenium.remote.RemoteWebDriver.execute(RemoteWebDriver.java:557)
at org.openqa.selenium.remote.RemoteWebElement.execute(RemoteWebElement.java:223)
at org.openqa.selenium.remote.RemoteWebElement.click(RemoteWebElement.java:76)
at com.practice.QAPractice.TextAreaPage.submitMultiple(TextAreaPage.java:53)
at com.practice.QAPractice.QaPractice.test_6_2_MultipleTextAreas(QaPractice.java:387)
at java.base/jdk.internal.reflect.DirectMethodHandleAccessor.invoke(DirectMethodHandleAccessor.java:104)
at java.base/java.lang.reflect.Method.invoke(Method.java:565)
at org.testng.internal.invokers.MethodInvocationHelper.invokeMethod(MethodInvocationHelper.java:141)
at org.testng.internal.invokers.TestInvoker.invokeMethod(TestInvoker.java:687)
at org.testng.internal.invokers.TestInvoker.invokeTestMethod(TestInvoker.java:230)
at org.testng.internal.invokers.MethodRunner.runInSequence(MethodRunner.java:63)
at org.testng.internal.invokers.TestInvoker$MethodInvocationAgent.invoke(TestInvoker.java:995)
at org.testng.internal.invokers.TestInvoker.invokeTestMethods(TestInvoker.java:203)
at org.testng.internal.invokers.TestMethodWorker.invokeTestMethods(TestMethodWorker.java:154)
at org.testng.internal.invokers.TestMethodWorker.run(TestMethodWorker.java:134)
at java.base/java.util.ArrayList.forEach(ArrayList.java:1604)
at org.testng.TestRunner.privateRun(TestRunner.java:741)
at org.testng.TestRunner.run(TestRunner.java:616)
at org.testng.SuiteRunner.runTest(SuiteRunner.java:421)
at org.testng.SuiteRunner.runSequentially(SuiteRunner.java:413)
at org.testng.SuiteRunner.privateRun(SuiteRunner.java:373)
at org.testng.SuiteRunner.run(SuiteRunner.java:312)
at org.testng.SuiteRunnerWorker.runSuite(SuiteRunnerWorker.java:52)
at org.testng.SuiteRunnerWorker.run(SuiteRunnerWorker.java:95)
at org.testng.TestNG.runSuitesSequentially(TestNG.java:1274)
at org.testng.TestNG.runSuitesLocally(TestNG.java:1208)
at org.testng.TestNG.runSuites(TestNG.java:1112)
at org.testng.TestNG.run(TestNG.java:1079)
at org.testng.remote.AbstractRemoteTestNG.run(AbstractRemoteTestNG.java:115)
at org.testng.remote.RemoteTestNG.initAndRun(RemoteTestNG.java:293)
at org.testng.remote.RemoteTestNG.main(RemoteTestNG.java:91)
]]>
    </failure>
  </testcase> <!-- test_6_2_MultipleTextAreas -->
  <testcase classname="com.practice.QAPractice.QaPractice" name="test_6_2_MultipleTextAreas" time="3.728">
    <failure type="org.openqa.selenium.ElementClickInterceptedException" message="element click intercepted: Element is not clickable at point (387, 919)
  (Session info: MicrosoftEdge=148.0.3967.96)
Build info: version: &amp;apos;4.38.0&amp;apos;, revision: &amp;apos;6b412e825c*&amp;apos;
System info: os.name: &amp;apos;Windows 11&amp;apos;, os.arch: &amp;apos;amd64&amp;apos;, os.version: &amp;apos;10.0&amp;apos;, java.version: &amp;apos;25.0.3&amp;apos;
Driver info: org.openqa.selenium.edge.EdgeDriver
Command: [bdbffc5e2215b3bd0658b19cd0c6ba21, clickElement {id=f.BF9B6A64B7D84349320983DF6C07697F.d.4915B0B796C5D51F07C6F41F5FE95C18.e.64431}]
Capabilities {acceptInsecureCerts: false, browserName: MicrosoftEdge, browserVersion: 148.0.3967.96, fedcm:accounts: true, goog:processID: 3452, ms:edgeOptions: {debuggerAddress: localhost:51292}, msedge: {msedgedriverVersion: 148.0.3967.96 (9df8cc82dba1..., userDataDir: C:\Users\DVDSTORE\AppData\L...}, networkConnectionEnabled: false, pageLoadStrategy: normal, platformName: windows, proxy: Proxy(), se:cdp: ws://localhost:51292/devtoo..., se:cdpVersion: 148.0.3967.96, setWindowRect: true, strictFileInteractability: false, timeouts: {implicit: 0, pageLoad: 300000, script: 30000}, unhandledPromptBehavior: dismiss and notify, webauthn:extension:credBlob: true, webauthn:extension:largeBlob: true, webauthn:extension:minPinLength: true, webauthn:extension:prf: true, webauthn:virtualAuthenticators: true}
Element: [[EdgeDriver: MicrosoftEdge on windows (bdbffc5e2215b3bd0658b19cd0c6ba21)] -&amp;gt; xpath: //input[starts-with(@type,&amp;apos;sub&amp;apos;)]]
Session ID: bdbffc5e2215b3bd0658b19cd0c6ba21">
      <![CDATA[org.openqa.selenium.ElementClickInterceptedException: element click intercepted: Element is not clickable at point (387, 919)
  (Session info: MicrosoftEdge=148.0.3967.96)
Build info: version: '4.38.0', revision: '6b412e825c*'
System info: os.name: 'Windows 11', os.arch: 'amd64', os.version: '10.0', java.version: '25.0.3'
Driver info: org.openqa.selenium.edge.EdgeDriver
Command: [bdbffc5e2215b3bd0658b19cd0c6ba21, clickElement {id=f.BF9B6A64B7D84349320983DF6C07697F.d.4915B0B796C5D51F07C6F41F5FE95C18.e.64431}]
Capabilities {acceptInsecureCerts: false, browserName: MicrosoftEdge, browserVersion: 148.0.3967.96, fedcm:accounts: true, goog:processID: 3452, ms:edgeOptions: {debuggerAddress: localhost:51292}, msedge: {msedgedriverVersion: 148.0.3967.96 (9df8cc82dba1..., userDataDir: C:\Users\DVDSTORE\AppData\L...}, networkConnectionEnabled: false, pageLoadStrategy: normal, platformName: windows, proxy: Proxy(), se:cdp: ws://localhost:51292/devtoo..., se:cdpVersion: 148.0.3967.96, setWindowRect: true, strictFileInteractability: false, timeouts: {implicit: 0, pageLoad: 300000, script: 30000}, unhandledPromptBehavior: dismiss and notify, webauthn:extension:credBlob: true, webauthn:extension:largeBlob: true, webauthn:extension:minPinLength: true, webauthn:extension:prf: true, webauthn:virtualAuthenticators: true}
Element: [[EdgeDriver: MicrosoftEdge on windows (bdbffc5e2215b3bd0658b19cd0c6ba21)] -> xpath: //input[starts-with(@type,'sub')]]
Session ID: bdbffc5e2215b3bd0658b19cd0c6ba21
at java.base/jdk.internal.reflect.DirectConstructorHandleAccessor.newInstance(DirectConstructorHandleAccessor.java:62)
at java.base/java.lang.reflect.Constructor.newInstanceWithCaller(Constructor.java:499)
at java.base/java.lang.reflect.Constructor.newInstance(Constructor.java:483)
at org.openqa.selenium.remote.ErrorCodec.decode(ErrorCodec.java:167)
at org.openqa.selenium.remote.codec.w3c.W3CHttpResponseCodec.decode(W3CHttpResponseCodec.java:138)
at org.openqa.selenium.remote.codec.w3c.W3CHttpResponseCodec.decode(W3CHttpResponseCodec.java:50)
at org.openqa.selenium.remote.HttpCommandExecutor.execute(HttpCommandExecutor.java:215)
at org.openqa.selenium.remote.service.DriverCommandExecutor.invokeExecute(DriverCommandExecutor.java:216)
at org.openqa.selenium.remote.service.DriverCommandExecutor.execute(DriverCommandExecutor.java:174)
at org.openqa.selenium.remote.RemoteWebDriver.execute(RemoteWebDriver.java:557)
at org.openqa.selenium.remote.RemoteWebElement.execute(RemoteWebElement.java:223)
at org.openqa.selenium.remote.RemoteWebElement.click(RemoteWebElement.java:76)
at com.practice.QAPractice.TextAreaPage.submitMultiple(TextAreaPage.java:53)
at com.practice.QAPractice.QaPractice.test_6_2_MultipleTextAreas(QaPractice.java:387)
at java.base/jdk.internal.reflect.DirectMethodHandleAccessor.invoke(DirectMethodHandleAccessor.java:104)
at java.base/java.lang.reflect.Method.invoke(Method.java:565)
at org.testng.internal.invokers.MethodInvocationHelper.invokeMethod(MethodInvocationHelper.java:141)
at org.testng.internal.invokers.TestInvoker.invokeMethod(TestInvoker.java:687)
at org.testng.internal.invokers.TestInvoker.invokeTestMethod(TestInvoker.java:230)
at org.testng.internal.invokers.MethodRunner.runInSequence(MethodRunner.java:63)
at org.testng.internal.invokers.TestInvoker$MethodInvocationAgent.invoke(TestInvoker.java:995)
at org.testng.internal.invokers.TestInvoker.invokeTestMethods(TestInvoker.java:203)
at org.testng.internal.invokers.TestMethodWorker.invokeTestMethods(TestMethodWorker.java:154)
at org.testng.internal.invokers.TestMethodWorker.run(TestMethodWorker.java:134)
at java.base/java.util.ArrayList.forEach(ArrayList.java:1604)
at org.testng.TestRunner.privateRun(TestRunner.java:741)
at org.testng.TestRunner.run(TestRunner.java:616)
at org.testng.SuiteRunner.runTest(SuiteRunner.java:421)
at org.testng.SuiteRunner.runSequentially(SuiteRunner.java:413)
at org.testng.SuiteRunner.privateRun(SuiteRunner.java:373)
at org.testng.SuiteRunner.run(SuiteRunner.java:312)
at org.testng.SuiteRunnerWorker.runSuite(SuiteRunnerWorker.java:52)
at org.testng.SuiteRunnerWorker.run(SuiteRunnerWorker.java:95)
at org.testng.TestNG.runSuitesSequentially(TestNG.java:1274)
at org.testng.TestNG.runSuitesLocally(TestNG.java:1208)
at org.testng.TestNG.runSuites(TestNG.java:1112)
at org.testng.TestNG.run(TestNG.java:1079)
at org.testng.remote.AbstractRemoteTestNG.run(AbstractRemoteTestNG.java:115)
at org.testng.remote.RemoteTestNG.initAndRun(RemoteTestNG.java:293)
at org.testng.remote.RemoteTestNG.main(RemoteTestNG.java:91)
]]>
    </failure>
  </testcase> <!-- test_6_2_MultipleTextAreas -->
  <testcase classname="com.practice.QAPractice.QaPractice" name="test_7_1_NormalAlert" time="2.103"/>
  <testcase classname="com.practice.QAPractice.QaPractice" name="test_7_2_ConfirmBox" time="1.847"/>
  <testcase classname="com.practice.QAPractice.QaPractice" name="test_7_2_ConfirmBox" time="1.848"/>
  <testcase classname="com.practice.QAPractice.QaPractice" name="test_7_3_PromptBox" time="1.858"/>
  <testcase classname="com.practice.QAPractice.QaPractice" name="test_7_3_PromptBox" time="1.859">
    <failure type="java.lang.AssertionError" message="Expected ERROR message but non found expected [true] but found [false]">
      <![CDATA[java.lang.AssertionError: Expected ERROR message but non found expected [true] but found [false]
at org.testng.Assert.fail(Assert.java:111)
at org.testng.Assert.failNotEquals(Assert.java:1590)
at org.testng.Assert.assertTrue(Assert.java:57)
at com.practice.QAPractice.QaPractice.assertResult(QaPractice.java:18)
at com.practice.QAPractice.QaPractice.test_7_3_PromptBox(QaPractice.java:452)
at java.base/jdk.internal.reflect.DirectMethodHandleAccessor.invoke(DirectMethodHandleAccessor.java:104)
at java.base/java.lang.reflect.Method.invoke(Method.java:565)
at org.testng.internal.invokers.MethodInvocationHelper.invokeMethod(MethodInvocationHelper.java:141)
at org.testng.internal.invokers.TestInvoker.invokeMethod(TestInvoker.java:687)
at org.testng.internal.invokers.TestInvoker.invokeTestMethod(TestInvoker.java:230)
at org.testng.internal.invokers.MethodRunner.runInSequence(MethodRunner.java:63)
at org.testng.internal.invokers.TestInvoker$MethodInvocationAgent.invoke(TestInvoker.java:995)
at org.testng.internal.invokers.TestInvoker.invokeTestMethods(TestInvoker.java:203)
at org.testng.internal.invokers.TestMethodWorker.invokeTestMethods(TestMethodWorker.java:154)
at org.testng.internal.invokers.TestMethodWorker.run(TestMethodWorker.java:134)
at java.base/java.util.ArrayList.forEach(ArrayList.java:1604)
at org.testng.TestRunner.privateRun(TestRunner.java:741)
at org.testng.TestRunner.run(TestRunner.java:616)
at org.testng.SuiteRunner.runTest(SuiteRunner.java:421)
at org.testng.SuiteRunner.runSequentially(SuiteRunner.java:413)
at org.testng.SuiteRunner.privateRun(SuiteRunner.java:373)
at org.testng.SuiteRunner.run(SuiteRunner.java:312)
at org.testng.SuiteRunnerWorker.runSuite(SuiteRunnerWorker.java:52)
at org.testng.SuiteRunnerWorker.run(SuiteRunnerWorker.java:95)
at org.testng.TestNG.runSuitesSequentially(TestNG.java:1274)
at org.testng.TestNG.runSuitesLocally(TestNG.java:1208)
at org.testng.TestNG.runSuites(TestNG.java:1112)
at org.testng.TestNG.run(TestNG.java:1079)
at org.testng.remote.AbstractRemoteTestNG.run(AbstractRemoteTestNG.java:115)
at org.testng.remote.RemoteTestNG.initAndRun(RemoteTestNG.java:293)
at org.testng.remote.RemoteTestNG.main(RemoteTestNG.java:91)
]]>
    </failure>
  </testcase> <!-- test_7_3_PromptBox -->
  <testcase classname="com.practice.QAPractice.QaPractice" name="test_7_3_PromptBox" time="1.995"/>
</testsuite> <!-- Default test -->
