<?xml version="1.0" encoding="UTF-8"?>
<testng-results ignored="0" total="127" passed="109" failed="18" skipped="0">
  <reporter-output>
  </reporter-output>
  <suite started-at="٢٠٢٦-٠٦-٠٢T١٣:٤٧:٥٠ IDT" name="Default suite" finished-at="٢٠٢٦-٠٦-٠٢T١٣:٥٣:٤٥ IDT" duration-ms="355608">
    <groups>
    </groups>
    <test started-at="٢٠٢٦-٠٦-٠٢T١٣:٤٧:٥٠ IDT" name="Default test" finished-at="٢٠٢٦-٠٦-٠٢T١٣:٥٣:٤٥ IDT" duration-ms="355608">
      <class name="com.practice.QAPractice.QaPractice">
        <test-method is-config="true" signature="initDriver()[pri:0, instance:com.practice.QAPractice.QaPractice@3349e9bb]" started-at="٢٠٢٦-٠٦-٠٢T١٣:٤٧:٣٦ IDT" name="initDriver" finished-at="٢٠٢٦-٠٦-٠٢T١٣:٤٧:٥٠ IDT" duration-ms="13470" status="PASS">
          <reporter-output>
          </reporter-output>
        </test-method> <!-- initDriver -->
        <test-method signature="test_1_1_NormalText(java.lang.String,boolean,java.lang.String)[pri:1, instance:com.practice.QAPractice.QaPractice@3349e9bb]" started-at="٢٠٢٦-٠٦-٠٢T١٣:٤٧:٥٠ IDT" name="test_1_1_NormalText" data-provider="normalTextData" finished-at="٢٠٢٦-٠٦-٠٢T١٣:٤٧:٥٢ IDT" duration-ms="2389" status="PASS">
          <params>
            <param index="0">
              <value>
                <![CDATA[Hello_world]]>
              </value>
            </param>
            <param index="1">
              <value>
                <![CDATA[true]]>
              </value>
            </param>
            <param index="2">
              <value>
                <![CDATA[valid - normal string]]>
              </value>
            </param>
          </params>
          <reporter-output>
          </reporter-output>
        </test-method> <!-- test_1_1_NormalText -->
        <test-method signature="test_1_1_NormalText(java.lang.String,boolean,java.lang.String)[pri:1, instance:com.practice.QAPractice.QaPractice@3349e9bb]" started-at="٢٠٢٦-٠٦-٠٢T١٣:٤٧:٥٢ IDT" name="test_1_1_NormalText" data-provider="normalTextData" finished-at="٢٠٢٦-٠٦-٠٢T١٣:٤٧:٥٤ IDT" duration-ms="2123" status="PASS">
          <params>
            <param index="0">
              <value>
                <![CDATA[Test-123]]>
              </value>
            </param>
            <param index="1">
              <value>
                <![CDATA[true]]>
              </value>
            </param>
            <param index="2">
              <value>
                <![CDATA[valid - numbers and hyphens]]>
              </value>
            </param>
          </params>
          <reporter-output>
          </reporter-output>
        </test-method> <!-- test_1_1_NormalText -->
        <test-method signature="test_1_1_NormalText(java.lang.String,boolean,java.lang.String)[pri:1, instance:com.practice.QAPractice.QaPractice@3349e9bb]" started-at="٢٠٢٦-٠٦-٠٢T١٣:٤٧:٥٤ IDT" name="test_1_1_NormalText" data-provider="normalTextData" finished-at="٢٠٢٦-٠٦-٠٢T١٣:٤٧:٥٧ IDT" duration-ms="2399" status="PASS">
          <params>
            <param index="0">
              <value>
                <![CDATA[Ab]]>
              </value>
            </param>
            <param index="1">
              <value>
                <![CDATA[true]]>
              </value>
            </param>
            <param index="2">
              <value>
                <![CDATA[valid - boundary min 2 chars]]>
              </value>
            </param>
          </params>
          <reporter-output>
          </reporter-output>
        </test-method> <!-- test_1_1_NormalText -->
        <test-method signature="test_1_1_NormalText(java.lang.String,boolean,java.lang.String)[pri:1, instance:com.practice.QAPractice.QaPractice@3349e9bb]" started-at="٢٠٢٦-٠٦-٠٢T١٣:٤٧:٥٧ IDT" name="test_1_1_NormalText" data-provider="normalTextData" finished-at="٢٠٢٦-٠٦-٠٢T١٣:٤٧:٥٩ IDT" duration-ms="2399" status="FAIL">
          <params>
            <param index="0">
              <value>
                <![CDATA[Valid_String-1234567890123]]>
              </value>
            </param>
            <param index="1">
              <value>
                <![CDATA[true]]>
              </value>
            </param>
            <param index="2">
              <value>
                <![CDATA[valid - boundary max 25 chars]]>
              </value>
            </param>
          </params>
          <exception class="java.lang.AssertionError">
            <message>
              <![CDATA[Expected SUCCESS message but non found expected [true] but found [false]]]>
            </message>
            <full-stacktrace>
              <![CDATA[java.lang.AssertionError: Expected SUCCESS message but non found expected [true] but found [false]
at org.testng.Assert.fail(Assert.java:111)
at org.testng.Assert.failNotEquals(Assert.java:1590)
at org.testng.Assert.assertTrue(Assert.java:57)
at com.practice.QAPractice.QaPractice.assertResult(QaPractice.java:16)
at com.practice.QAPractice.QaPractice.test_1_1_NormalText(QaPractice.java:43)
at java.base/jdk.internal.reflect.DirectMethodHandleAccessor.invoke(DirectMethodHandleAccessor.java:104)
at java.base/java.lang.reflect.Method.invoke(Method.java:565)
at org.testng.internal.invokers.MethodInvocationHelper.invokeMethod(MethodInvocationHelper.java:141)
at org.testng.internal.invokers.TestInvoker.invokeMethod(TestInvoker.java:687)
at org.testng.internal.invokers.TestInvoker.invokeTestMethod(TestInvoker.java:230)
at org.testng.internal.invokers.MethodRunner.runInSequence(MethodRunner.java:63)
at org.testng.internal.invokers.TestInvoker$MethodInvocationAgent.invoke(TestInvoker.java:995)
at org.testng.internal.invokers.TestInvoker.invokeTestMethods(TestInvoker.java:203)
at org.testng.internal.invokers.TestMethodWorker.invokeTestMethods(TestMethodWorker.java:154)
at org.testng.internal.invokers.TestMethodWorker.run(TestMethodWorker.java:134)
at java.base/java.util.ArrayList.forEach(ArrayList.java:1604)
at org.testng.TestRunner.privateRun(TestRunner.java:741)
at org.testng.TestRunner.run(TestRunner.java:616)
at org.testng.SuiteRunner.runTest(SuiteRunner.java:421)
at org.testng.SuiteRunner.runSequentially(SuiteRunner.java:413)
at org.testng.SuiteRunner.privateRun(SuiteRunner.java:373)
at org.testng.SuiteRunner.run(SuiteRunner.java:312)
at org.testng.SuiteRunnerWorker.runSuite(SuiteRunnerWorker.java:52)
at org.testng.SuiteRunnerWorker.run(SuiteRunnerWorker.java:95)
at org.testng.TestNG.runSuitesSequentially(TestNG.java:1274)
at org.testng.TestNG.runSuitesLocally(TestNG.java:1208)
at org.testng.TestNG.runSuites(TestNG.java:1112)
at org.testng.TestNG.run(TestNG.java:1079)
at org.testng.remote.AbstractRemoteTestNG.run(AbstractRemoteTestNG.java:115)
at org.testng.remote.RemoteTestNG.initAndRun(RemoteTestNG.java:293)
at org.testng.remote.RemoteTestNG.main(RemoteTestNG.java:91)
]]>
            </full-stacktrace>
          </exception> <!-- java.lang.AssertionError -->
          <reporter-output>
          </reporter-output>
        </test-method> <!-- test_1_1_NormalText -->
        <test-method signature="test_1_1_NormalText(java.lang.String,boolean,java.lang.String)[pri:1, instance:com.practice.QAPractice.QaPractice@3349e9bb]" started-at="٢٠٢٦-٠٦-٠٢T١٣:٤٧:٥٩ IDT" name="test_1_1_NormalText" data-provider="normalTextData" finished-at="٢٠٢٦-٠٦-٠٢T١٣:٤٨:٠١ IDT" duration-ms="2134" status="FAIL">
          <params>
            <param index="0">
              <value>
                <![CDATA[]]>
              </value>
            </param>
            <param index="1">
              <value>
                <![CDATA[false]]>
              </value>
            </param>
            <param index="2">
              <value>
                <![CDATA[invalid - empty required]]>
              </value>
            </param>
          </params>
          <exception class="java.lang.AssertionError">
            <message>
              <![CDATA[Expected ERROR message but non found expected [true] but found [false]]]>
            </message>
            <full-stacktrace>
              <![CDATA[java.lang.AssertionError: Expected ERROR message but non found expected [true] but found [false]
at org.testng.Assert.fail(Assert.java:111)
at org.testng.Assert.failNotEquals(Assert.java:1590)
at org.testng.Assert.assertTrue(Assert.java:57)
at com.practice.QAPractice.QaPractice.assertResult(QaPractice.java:18)
at com.practice.QAPractice.QaPractice.test_1_1_NormalText(QaPractice.java:43)
at java.base/jdk.internal.reflect.DirectMethodHandleAccessor.invoke(DirectMethodHandleAccessor.java:104)
at java.base/java.lang.reflect.Method.invoke(Method.java:565)
at org.testng.internal.invokers.MethodInvocationHelper.invokeMethod(MethodInvocationHelper.java:141)
at org.testng.internal.invokers.TestInvoker.invokeMethod(TestInvoker.java:687)
at org.testng.internal.invokers.TestInvoker.invokeTestMethod(TestInvoker.java:230)
at org.testng.internal.invokers.MethodRunner.runInSequence(MethodRunner.java:63)
at org.testng.internal.invokers.TestInvoker$MethodInvocationAgent.invoke(TestInvoker.java:995)
at org.testng.internal.invokers.TestInvoker.invokeTestMethods(TestInvoker.java:203)
at org.testng.internal.invokers.TestMethodWorker.invokeTestMethods(TestMethodWorker.java:154)
at org.testng.internal.invokers.TestMethodWorker.run(TestMethodWorker.java:134)
at java.base/java.util.ArrayList.forEach(ArrayList.java:1604)
at org.testng.TestRunner.privateRun(TestRunner.java:741)
at org.testng.TestRunner.run(TestRunner.java:616)
at org.testng.SuiteRunner.runTest(SuiteRunner.java:421)
at org.testng.SuiteRunner.runSequentially(SuiteRunner.java:413)
at org.testng.SuiteRunner.privateRun(SuiteRunner.java:373)
at org.testng.SuiteRunner.run(SuiteRunner.java:312)
at org.testng.SuiteRunnerWorker.runSuite(SuiteRunnerWorker.java:52)
at org.testng.SuiteRunnerWorker.run(SuiteRunnerWorker.java:95)
at org.testng.TestNG.runSuitesSequentially(TestNG.java:1274)
at org.testng.TestNG.runSuitesLocally(TestNG.java:1208)
at org.testng.TestNG.runSuites(TestNG.java:1112)
at org.testng.TestNG.run(TestNG.java:1079)
at org.testng.remote.AbstractRemoteTestNG.run(AbstractRemoteTestNG.java:115)
at org.testng.remote.RemoteTestNG.initAndRun(RemoteTestNG.java:293)
at org.testng.remote.RemoteTestNG.main(RemoteTestNG.java:91)
]]>
            </full-stacktrace>
          </exception> <!-- java.lang.AssertionError -->
          <reporter-output>
          </reporter-output>
        </test-method> <!-- test_1_1_NormalText -->
        <test-method signature="test_1_1_NormalText(java.lang.String,boolean,java.lang.String)[pri:1, instance:com.practice.QAPractice.QaPractice@3349e9bb]" started-at="٢٠٢٦-٠٦-٠٢T١٣:٤٨:٠١ IDT" name="test_1_1_NormalText" data-provider="normalTextData" finished-at="٢٠٢٦-٠٦-٠٢T١٣:٤٨:٠٤ IDT" duration-ms="2542" status="PASS">
          <params>
            <param index="0">
              <value>
                <![CDATA[A]]>
              </value>
            </param>
            <param index="1">
              <value>
                <![CDATA[false]]>
              </value>
            </param>
            <param index="2">
              <value>
                <![CDATA[invalid - below min 1 char]]>
              </value>
            </param>
          </params>
          <reporter-output>
          </reporter-output>
        </test-method> <!-- test_1_1_NormalText -->
        <test-method signature="test_1_1_NormalText(java.lang.String,boolean,java.lang.String)[pri:1, instance:com.practice.QAPractice.QaPractice@3349e9bb]" started-at="٢٠٢٦-٠٦-٠٢T١٣:٤٨:٠٤ IDT" name="test_1_1_NormalText" data-provider="normalTextData" finished-at="٢٠٢٦-٠٦-٠٢T١٣:٤٨:٠٦ IDT" duration-ms="2294" status="PASS">
          <params>
            <param index="0">
              <value>
                <![CDATA[Invalid_String12345678901234]]>
              </value>
            </param>
            <param index="1">
              <value>
                <![CDATA[false]]>
              </value>
            </param>
            <param index="2">
              <value>
                <![CDATA[invalid - above max 26 chars]]>
              </value>
            </param>
          </params>
          <reporter-output>
          </reporter-output>
        </test-method> <!-- test_1_1_NormalText -->
        <test-method signature="test_1_1_NormalText(java.lang.String,boolean,java.lang.String)[pri:1, instance:com.practice.QAPractice.QaPractice@3349e9bb]" started-at="٢٠٢٦-٠٦-٠٢T١٣:٤٨:٠٦ IDT" name="test_1_1_NormalText" data-provider="normalTextData" finished-at="٢٠٢٦-٠٦-٠٢T١٣:٤٨:٠٨ IDT" duration-ms="2156" status="PASS">
          <params>
            <param index="0">
              <value>
                <![CDATA[Hello@World!]]>
              </value>
            </param>
            <param index="1">
              <value>
                <![CDATA[false]]>
              </value>
            </param>
            <param index="2">
              <value>
                <![CDATA[invalid - special chars]]>
              </value>
            </param>
          </params>
          <reporter-output>
          </reporter-output>
        </test-method> <!-- test_1_1_NormalText -->
        <test-method signature="test_1_1_NormalText(java.lang.String,boolean,java.lang.String)[pri:1, instance:com.practice.QAPractice.QaPractice@3349e9bb]" started-at="٢٠٢٦-٠٦-٠٢T١٣:٤٨:٠٨ IDT" name="test_1_1_NormalText" data-provider="normalTextData" finished-at="٢٠٢٦-٠٦-٠٢T١٣:٤٨:١١ IDT" duration-ms="2112" status="PASS">
          <params>
            <param index="0">
              <value>
                <![CDATA[Hello World]]>
              </value>
            </param>
            <param index="1">
              <value>
                <![CDATA[false]]>
              </value>
            </param>
            <param index="2">
              <value>
                <![CDATA[invalid - spaces]]>
              </value>
            </param>
          </params>
          <reporter-output>
          </reporter-output>
        </test-method> <!-- test_1_1_NormalText -->
        <test-method signature="test_1_1_NormalText(java.lang.String,boolean,java.lang.String)[pri:1, instance:com.practice.QAPractice.QaPractice@3349e9bb]" started-at="٢٠٢٦-٠٦-٠٢T١٣:٤٨:١١ IDT" name="test_1_1_NormalText" data-provider="normalTextData" finished-at="٢٠٢٦-٠٦-٠٢T١٣:٤٨:١٣ IDT" duration-ms="2189" status="PASS">
          <params>
            <param index="0">
              <value>
                <![CDATA[مرحبا]]>
              </value>
            </param>
            <param index="1">
              <value>
                <![CDATA[false]]>
              </value>
            </param>
            <param index="2">
              <value>
                <![CDATA[invalid - non english]]>
              </value>
            </param>
          </params>
          <reporter-output>
          </reporter-output>
        </test-method> <!-- test_1_1_NormalText -->
        <test-method signature="test_1_2_EmailField(java.lang.String,boolean,java.lang.String)[pri:2, instance:com.practice.QAPractice.QaPractice@3349e9bb]" started-at="٢٠٢٦-٠٦-٠٢T١٣:٤٨:١٣ IDT" name="test_1_2_EmailField" data-provider="emailData" finished-at="٢٠٢٦-٠٦-٠٢T١٣:٤٨:١٥ IDT" duration-ms="2363" status="PASS">
          <params>
            <param index="0">
              <value>
                <![CDATA[test@gmail.com]]>
              </value>
            </param>
            <param index="1">
              <value>
                <![CDATA[true]]>
              </value>
            </param>
            <param index="2">
              <value>
                <![CDATA[valid - standard format]]>
              </value>
            </param>
          </params>
          <reporter-output>
          </reporter-output>
        </test-method> <!-- test_1_2_EmailField -->
        <test-method signature="test_1_2_EmailField(java.lang.String,boolean,java.lang.String)[pri:2, instance:com.practice.QAPractice.QaPractice@3349e9bb]" started-at="٢٠٢٦-٠٦-٠٢T١٣:٤٨:١٥ IDT" name="test_1_2_EmailField" data-provider="emailData" finished-at="٢٠٢٦-٠٦-٠٢T١٣:٤٨:١٧ IDT" duration-ms="2147" status="PASS">
          <params>
            <param index="0">
              <value>
                <![CDATA[test@localhost]]>
              </value>
            </param>
            <param index="1">
              <value>
                <![CDATA[true]]>
              </value>
            </param>
            <param index="2">
              <value>
                <![CDATA[valid - localhost allowed]]>
              </value>
            </param>
          </params>
          <reporter-output>
          </reporter-output>
        </test-method> <!-- test_1_2_EmailField -->
        <test-method signature="test_1_2_EmailField(java.lang.String,boolean,java.lang.String)[pri:2, instance:com.practice.QAPractice.QaPractice@3349e9bb]" started-at="٢٠٢٦-٠٦-٠٢T١٣:٤٨:١٧ IDT" name="test_1_2_EmailField" data-provider="emailData" finished-at="٢٠٢٦-٠٦-٠٢T١٣:٤٨:١٩ IDT" duration-ms="2216" status="PASS">
          <params>
            <param index="0">
              <value>
                <![CDATA[test@mail.company.com]]>
              </value>
            </param>
            <param index="1">
              <value>
                <![CDATA[true]]>
              </value>
            </param>
            <param index="2">
              <value>
                <![CDATA[valid - subdomain]]>
              </value>
            </param>
          </params>
          <reporter-output>
          </reporter-output>
        </test-method> <!-- test_1_2_EmailField -->
        <test-method signature="test_1_2_EmailField(java.lang.String,boolean,java.lang.String)[pri:2, instance:com.practice.QAPractice.QaPractice@3349e9bb]" started-at="٢٠٢٦-٠٦-٠٢T١٣:٤٨:١٩ IDT" name="test_1_2_EmailField" data-provider="emailData" finished-at="٢٠٢٦-٠٦-٠٢T١٣:٤٨:٢٢ IDT" duration-ms="2083" status="FAIL">
          <params>
            <param index="0">
              <value>
                <![CDATA[]]>
              </value>
            </param>
            <param index="1">
              <value>
                <![CDATA[false]]>
              </value>
            </param>
            <param index="2">
              <value>
                <![CDATA[invalid - empty required]]>
              </value>
            </param>
          </params>
          <exception class="java.lang.AssertionError">
            <message>
              <![CDATA[Expected ERROR message but non found expected [true] but found [false]]]>
            </message>
            <full-stacktrace>
              <![CDATA[java.lang.AssertionError: Expected ERROR message but non found expected [true] but found [false]
at org.testng.Assert.fail(Assert.java:111)
at org.testng.Assert.failNotEquals(Assert.java:1590)
at org.testng.Assert.assertTrue(Assert.java:57)
at com.practice.QAPractice.QaPractice.assertResult(QaPractice.java:18)
at com.practice.QAPractice.QaPractice.test_1_2_EmailField(QaPractice.java:69)
at java.base/jdk.internal.reflect.DirectMethodHandleAccessor.invoke(DirectMethodHandleAccessor.java:104)
at java.base/java.lang.reflect.Method.invoke(Method.java:565)
at org.testng.internal.invokers.MethodInvocationHelper.invokeMethod(MethodInvocationHelper.java:141)
at org.testng.internal.invokers.TestInvoker.invokeMethod(TestInvoker.java:687)
at org.testng.internal.invokers.TestInvoker.invokeTestMethod(TestInvoker.java:230)
at org.testng.internal.invokers.MethodRunner.runInSequence(MethodRunner.java:63)
at org.testng.internal.invokers.TestInvoker$MethodInvocationAgent.invoke(TestInvoker.java:995)
at org.testng.internal.invokers.TestInvoker.invokeTestMethods(TestInvoker.java:203)
at org.testng.internal.invokers.TestMethodWorker.invokeTestMethods(TestMethodWorker.java:154)
at org.testng.internal.invokers.TestMethodWorker.run(TestMethodWorker.java:134)
at java.base/java.util.ArrayList.forEach(ArrayList.java:1604)
at org.testng.TestRunner.privateRun(TestRunner.java:741)
at org.testng.TestRunner.run(TestRunner.java:616)
at org.testng.SuiteRunner.runTest(SuiteRunner.java:421)
at org.testng.SuiteRunner.runSequentially(SuiteRunner.java:413)
at org.testng.SuiteRunner.privateRun(SuiteRunner.java:373)
at org.testng.SuiteRunner.run(SuiteRunner.java:312)
at org.testng.SuiteRunnerWorker.runSuite(SuiteRunnerWorker.java:52)
at org.testng.SuiteRunnerWorker.run(SuiteRunnerWorker.java:95)
at org.testng.TestNG.runSuitesSequentially(TestNG.java:1274)
at org.testng.TestNG.runSuitesLocally(TestNG.java:1208)
at org.testng.TestNG.runSuites(TestNG.java:1112)
at org.testng.TestNG.run(TestNG.java:1079)
at org.testng.remote.AbstractRemoteTestNG.run(AbstractRemoteTestNG.java:115)
at org.testng.remote.RemoteTestNG.initAndRun(RemoteTestNG.java:293)
at org.testng.remote.RemoteTestNG.main(RemoteTestNG.java:91)
]]>
            </full-stacktrace>
          </exception> <!-- java.lang.AssertionError -->
          <reporter-output>
          </reporter-output>
        </test-method> <!-- test_1_2_EmailField -->
        <test-method signature="test_1_2_EmailField(java.lang.String,boolean,java.lang.String)[pri:2, instance:com.practice.QAPractice.QaPractice@3349e9bb]" started-at="٢٠٢٦-٠٦-٠٢T١٣:٤٨:٢٢ IDT" name="test_1_2_EmailField" data-provider="emailData" finished-at="٢٠٢٦-٠٦-٠٢T١٣:٤٨:٢٤ IDT" duration-ms="2329" status="PASS">
          <params>
            <param index="0">
              <value>
                <![CDATA[testgmail.com]]>
              </value>
            </param>
            <param index="1">
              <value>
                <![CDATA[false]]>
              </value>
            </param>
            <param index="2">
              <value>
                <![CDATA[invalid - missing @]]>
              </value>
            </param>
          </params>
          <reporter-output>
          </reporter-output>
        </test-method> <!-- test_1_2_EmailField -->
        <test-method signature="test_1_2_EmailField(java.lang.String,boolean,java.lang.String)[pri:2, instance:com.practice.QAPractice.QaPractice@3349e9bb]" started-at="٢٠٢٦-٠٦-٠٢T١٣:٤٨:٢٤ IDT" name="test_1_2_EmailField" data-provider="emailData" finished-at="٢٠٢٦-٠٦-٠٢T١٣:٤٨:٢٦ IDT" duration-ms="2198" status="PASS">
          <params>
            <param index="0">
              <value>
                <![CDATA[test@gmail]]>
              </value>
            </param>
            <param index="1">
              <value>
                <![CDATA[false]]>
              </value>
            </param>
            <param index="2">
              <value>
                <![CDATA[invalid - missing extension]]>
              </value>
            </param>
          </params>
          <reporter-output>
          </reporter-output>
        </test-method> <!-- test_1_2_EmailField -->
        <test-method signature="test_1_2_EmailField(java.lang.String,boolean,java.lang.String)[pri:2, instance:com.practice.QAPractice.QaPractice@3349e9bb]" started-at="٢٠٢٦-٠٦-٠٢T١٣:٤٨:٢٦ IDT" name="test_1_2_EmailField" data-provider="emailData" finished-at="٢٠٢٦-٠٦-٠٢T١٣:٤٨:٢٨ IDT" duration-ms="2096" status="PASS">
          <params>
            <param index="0">
              <value>
                <![CDATA[@gmail.com]]>
              </value>
            </param>
            <param index="1">
              <value>
                <![CDATA[false]]>
              </value>
            </param>
            <param index="2">
              <value>
                <![CDATA[invalid - missing username]]>
              </value>
            </param>
          </params>
          <reporter-output>
          </reporter-output>
        </test-method> <!-- test_1_2_EmailField -->
        <test-method signature="test_1_2_EmailField(java.lang.String,boolean,java.lang.String)[pri:2, instance:com.practice.QAPractice.QaPractice@3349e9bb]" started-at="٢٠٢٦-٠٦-٠٢T١٣:٤٨:٢٨ IDT" name="test_1_2_EmailField" data-provider="emailData" finished-at="٢٠٢٦-٠٦-٠٢T١٣:٤٨:٣٠ IDT" duration-ms="2154" status="PASS">
          <params>
            <param index="0">
              <value>
                <![CDATA[test@@gmail.com]]>
              </value>
            </param>
            <param index="1">
              <value>
                <![CDATA[false]]>
              </value>
            </param>
            <param index="2">
              <value>
                <![CDATA[invalid - double @]]>
              </value>
            </param>
          </params>
          <reporter-output>
          </reporter-output>
        </test-method> <!-- test_1_2_EmailField -->
        <test-method signature="test_1_2_EmailField(java.lang.String,boolean,java.lang.String)[pri:2, instance:com.practice.QAPractice.QaPractice@3349e9bb]" started-at="٢٠٢٦-٠٦-٠٢T١٣:٤٨:٣٠ IDT" name="test_1_2_EmailField" data-provider="emailData" finished-at="٢٠٢٦-٠٦-٠٢T١٣:٤٨:٣٢ IDT" duration-ms="2105" status="PASS">
          <params>
            <param index="0">
              <value>
                <![CDATA[test @gmail.com]]>
              </value>
            </param>
            <param index="1">
              <value>
                <![CDATA[false]]>
              </value>
            </param>
            <param index="2">
              <value>
                <![CDATA[invalid - spaces]]>
              </value>
            </param>
          </params>
          <reporter-output>
          </reporter-output>
        </test-method> <!-- test_1_2_EmailField -->
        <test-method signature="test_1_2_EmailField(java.lang.String,boolean,java.lang.String)[pri:2, instance:com.practice.QAPractice.QaPractice@3349e9bb]" started-at="٢٠٢٦-٠٦-٠٢T١٣:٤٨:٣٢ IDT" name="test_1_2_EmailField" data-provider="emailData" finished-at="٢٠٢٦-٠٦-٠٢T١٣:٤٨:٣٥ IDT" duration-ms="2115" status="PASS">
          <params>
            <param index="0">
              <value>
                <![CDATA[plaintext]]>
              </value>
            </param>
            <param index="1">
              <value>
                <![CDATA[false]]>
              </value>
            </param>
            <param index="2">
              <value>
                <![CDATA[invalid - no format at all]]>
              </value>
            </param>
          </params>
          <reporter-output>
          </reporter-output>
        </test-method> <!-- test_1_2_EmailField -->
        <test-method signature="test_1_3_PasswordField(java.lang.String,boolean,java.lang.String)[pri:3, instance:com.practice.QAPractice.QaPractice@3349e9bb]" started-at="٢٠٢٦-٠٦-٠٢T١٣:٤٨:٣٥ IDT" name="test_1_3_PasswordField" data-provider="passwordData" finished-at="٢٠٢٦-٠٦-٠٢T١٣:٤٨:٣٧ IDT" duration-ms="2161" status="PASS">
          <params>
            <param index="0">
              <value>
                <![CDATA[Admin123$]]>
              </value>
            </param>
            <param index="1">
              <value>
                <![CDATA[true]]>
              </value>
            </param>
            <param index="2">
              <value>
                <![CDATA[valid - all conditions met]]>
              </value>
            </param>
          </params>
          <reporter-output>
          </reporter-output>
        </test-method> <!-- test_1_3_PasswordField -->
        <test-method signature="test_1_3_PasswordField(java.lang.String,boolean,java.lang.String)[pri:3, instance:com.practice.QAPractice.QaPractice@3349e9bb]" started-at="٢٠٢٦-٠٦-٠٢T١٣:٤٨:٣٧ IDT" name="test_1_3_PasswordField" data-provider="passwordData" finished-at="٢٠٢٦-٠٦-٠٢T١٣:٤٨:٣٩ IDT" duration-ms="1941" status="FAIL">
          <params>
            <param index="0">
              <value>
                <![CDATA[]]>
              </value>
            </param>
            <param index="1">
              <value>
                <![CDATA[false]]>
              </value>
            </param>
            <param index="2">
              <value>
                <![CDATA[invalid - empty required]]>
              </value>
            </param>
          </params>
          <exception class="java.lang.AssertionError">
            <message>
              <![CDATA[Expected ERROR message but non found expected [true] but found [false]]]>
            </message>
            <full-stacktrace>
              <![CDATA[java.lang.AssertionError: Expected ERROR message but non found expected [true] but found [false]
at org.testng.Assert.fail(Assert.java:111)
at org.testng.Assert.failNotEquals(Assert.java:1590)
at org.testng.Assert.assertTrue(Assert.java:57)
at com.practice.QAPractice.QaPractice.assertResult(QaPractice.java:18)
at com.practice.QAPractice.QaPractice.test_1_3_PasswordField(QaPractice.java:94)
at java.base/jdk.internal.reflect.DirectMethodHandleAccessor.invoke(DirectMethodHandleAccessor.java:104)
at java.base/java.lang.reflect.Method.invoke(Method.java:565)
at org.testng.internal.invokers.MethodInvocationHelper.invokeMethod(MethodInvocationHelper.java:141)
at org.testng.internal.invokers.TestInvoker.invokeMethod(TestInvoker.java:687)
at org.testng.internal.invokers.TestInvoker.invokeTestMethod(TestInvoker.java:230)
at org.testng.internal.invokers.MethodRunner.runInSequence(MethodRunner.java:63)
at org.testng.internal.invokers.TestInvoker$MethodInvocationAgent.invoke(TestInvoker.java:995)
at org.testng.internal.invokers.TestInvoker.invokeTestMethods(TestInvoker.java:203)
at org.testng.internal.invokers.TestMethodWorker.invokeTestMethods(TestMethodWorker.java:154)
at org.testng.internal.invokers.TestMethodWorker.run(TestMethodWorker.java:134)
at java.base/java.util.ArrayList.forEach(ArrayList.java:1604)
at org.testng.TestRunner.privateRun(TestRunner.java:741)
at org.testng.TestRunner.run(TestRunner.java:616)
at org.testng.SuiteRunner.runTest(SuiteRunner.java:421)
at org.testng.SuiteRunner.runSequentially(SuiteRunner.java:413)
at org.testng.SuiteRunner.privateRun(SuiteRunner.java:373)
at org.testng.SuiteRunner.run(SuiteRunner.java:312)
at org.testng.SuiteRunnerWorker.runSuite(SuiteRunnerWorker.java:52)
at org.testng.SuiteRunnerWorker.run(SuiteRunnerWorker.java:95)
at org.testng.TestNG.runSuitesSequentially(TestNG.java:1274)
at org.testng.TestNG.runSuitesLocally(TestNG.java:1208)
at org.testng.TestNG.runSuites(TestNG.java:1112)
at org.testng.TestNG.run(TestNG.java:1079)
at org.testng.remote.AbstractRemoteTestNG.run(AbstractRemoteTestNG.java:115)
at org.testng.remote.RemoteTestNG.initAndRun(RemoteTestNG.java:293)
at org.testng.remote.RemoteTestNG.main(RemoteTestNG.java:91)
]]>
            </full-stacktrace>
          </exception> <!-- java.lang.AssertionError -->
          <reporter-output>
          </reporter-output>
        </test-method> <!-- test_1_3_PasswordField -->
        <test-method signature="test_1_3_PasswordField(java.lang.String,boolean,java.lang.String)[pri:3, instance:com.practice.QAPractice.QaPractice@3349e9bb]" started-at="٢٠٢٦-٠٦-٠٢T١٣:٤٨:٣٩ IDT" name="test_1_3_PasswordField" data-provider="passwordData" finished-at="٢٠٢٦-٠٦-٠٢T١٣:٤٨:٤١ IDT" duration-ms="2387" status="PASS">
          <params>
            <param index="0">
              <value>
                <![CDATA[Ad1$]]>
              </value>
            </param>
            <param index="1">
              <value>
                <![CDATA[false]]>
              </value>
            </param>
            <param index="2">
              <value>
                <![CDATA[invalid - less than 8 chars]]>
              </value>
            </param>
          </params>
          <reporter-output>
          </reporter-output>
        </test-method> <!-- test_1_3_PasswordField -->
        <test-method signature="test_1_3_PasswordField(java.lang.String,boolean,java.lang.String)[pri:3, instance:com.practice.QAPractice.QaPractice@3349e9bb]" started-at="٢٠٢٦-٠٦-٠٢T١٣:٤٨:٤١ IDT" name="test_1_3_PasswordField" data-provider="passwordData" finished-at="٢٠٢٦-٠٦-٠٢T١٣:٤٨:٤٤ IDT" duration-ms="2460" status="PASS">
          <params>
            <param index="0">
              <value>
                <![CDATA[admin123$]]>
              </value>
            </param>
            <param index="1">
              <value>
                <![CDATA[false]]>
              </value>
            </param>
            <param index="2">
              <value>
                <![CDATA[invalid - no uppercase]]>
              </value>
            </param>
          </params>
          <reporter-output>
          </reporter-output>
        </test-method> <!-- test_1_3_PasswordField -->
        <test-method signature="test_1_3_PasswordField(java.lang.String,boolean,java.lang.String)[pri:3, instance:com.practice.QAPractice.QaPractice@3349e9bb]" started-at="٢٠٢٦-٠٦-٠٢T١٣:٤٨:٤٤ IDT" name="test_1_3_PasswordField" data-provider="passwordData" finished-at="٢٠٢٦-٠٦-٠٢T١٣:٤٨:٤٦ IDT" duration-ms="2227" status="PASS">
          <params>
            <param index="0">
              <value>
                <![CDATA[ADMIN123$]]>
              </value>
            </param>
            <param index="1">
              <value>
                <![CDATA[false]]>
              </value>
            </param>
            <param index="2">
              <value>
                <![CDATA[invalid - no lowercase]]>
              </value>
            </param>
          </params>
          <reporter-output>
          </reporter-output>
        </test-method> <!-- test_1_3_PasswordField -->
        <test-method signature="test_1_3_PasswordField(java.lang.String,boolean,java.lang.String)[pri:3, instance:com.practice.QAPractice.QaPractice@3349e9bb]" started-at="٢٠٢٦-٠٦-٠٢T١٣:٤٨:٤٦ IDT" name="test_1_3_PasswordField" data-provider="passwordData" finished-at="٢٠٢٦-٠٦-٠٢T١٣:٤٨:٤٨ IDT" duration-ms="2156" status="PASS">
          <params>
            <param index="0">
              <value>
                <![CDATA[AdminAdmin$]]>
              </value>
            </param>
            <param index="1">
              <value>
                <![CDATA[false]]>
              </value>
            </param>
            <param index="2">
              <value>
                <![CDATA[invalid - no digit]]>
              </value>
            </param>
          </params>
          <reporter-output>
          </reporter-output>
        </test-method> <!-- test_1_3_PasswordField -->
        <test-method signature="test_1_3_PasswordField(java.lang.String,boolean,java.lang.String)[pri:3, instance:com.practice.QAPractice.QaPractice@3349e9bb]" started-at="٢٠٢٦-٠٦-٠٢T١٣:٤٨:٤٨ IDT" name="test_1_3_PasswordField" data-provider="passwordData" finished-at="٢٠٢٦-٠٦-٠٢T١٣:٤٨:٥٠ IDT" duration-ms="2332" status="PASS">
          <params>
            <param index="0">
              <value>
                <![CDATA[Admin123]]>
              </value>
            </param>
            <param index="1">
              <value>
                <![CDATA[false]]>
              </value>
            </param>
            <param index="2">
              <value>
                <![CDATA[invalid - no special char]]>
              </value>
            </param>
          </params>
          <reporter-output>
          </reporter-output>
        </test-method> <!-- test_1_3_PasswordField -->
        <test-method signature="test_1_3_PasswordField(java.lang.String,boolean,java.lang.String)[pri:3, instance:com.practice.QAPractice.QaPractice@3349e9bb]" started-at="٢٠٢٦-٠٦-٠٢T١٣:٤٨:٥٠ IDT" name="test_1_3_PasswordField" data-provider="passwordData" finished-at="٢٠٢٦-٠٦-٠٢T١٣:٤٨:٥٢ IDT" duration-ms="2177" status="PASS">
          <params>
            <param index="0">
              <value>
                <![CDATA[Admin12$]]>
              </value>
            </param>
            <param index="1">
              <value>
                <![CDATA[true]]>
              </value>
            </param>
            <param index="2">
              <value>
                <![CDATA[valid - boundary exactly 8 chars]]>
              </value>
            </param>
          </params>
          <reporter-output>
          </reporter-output>
        </test-method> <!-- test_1_3_PasswordField -->
        <test-method signature="test_1_3_PasswordField(java.lang.String,boolean,java.lang.String)[pri:3, instance:com.practice.QAPractice.QaPractice@3349e9bb]" started-at="٢٠٢٦-٠٦-٠٢T١٣:٤٨:٥٢ IDT" name="test_1_3_PasswordField" data-provider="passwordData" finished-at="٢٠٢٦-٠٦-٠٢T١٣:٤٨:٥٥ IDT" duration-ms="2149" status="PASS">
          <params>
            <param index="0">
              <value>
                <![CDATA[Admi1$x]]>
              </value>
            </param>
            <param index="1">
              <value>
                <![CDATA[false]]>
              </value>
            </param>
            <param index="2">
              <value>
                <![CDATA[invalid - boundary exactly 7 chars]]>
              </value>
            </param>
          </params>
          <reporter-output>
          </reporter-output>
        </test-method> <!-- test_1_3_PasswordField -->
        <test-method signature="test_1_3_PasswordField(java.lang.String,boolean,java.lang.String)[pri:3, instance:com.practice.QAPractice.QaPractice@3349e9bb]" started-at="٢٠٢٦-٠٦-٠٢T١٣:٤٨:٥٥ IDT" name="test_1_3_PasswordField" data-provider="passwordData" finished-at="٢٠٢٦-٠٦-٠٢T١٣:٤٨:٥٧ IDT" duration-ms="2174" status="PASS">
          <params>
            <param index="0">
              <value>
                <![CDATA[   ]]>
              </value>
            </param>
            <param index="1">
              <value>
                <![CDATA[false]]>
              </value>
            </param>
            <param index="2">
              <value>
                <![CDATA[invalid - spaces only]]>
              </value>
            </param>
          </params>
          <reporter-output>
          </reporter-output>
        </test-method> <!-- test_1_3_PasswordField -->
        <test-method signature="test_2_1_SimpleButton()[pri:4, instance:com.practice.QAPractice.QaPractice@3349e9bb]" started-at="٢٠٢٦-٠٦-٠٢T١٣:٤٨:٥٧ IDT" name="test_2_1_SimpleButton" finished-at="٢٠٢٦-٠٦-٠٢T١٣:٤٨:٥٨ IDT" duration-ms="1602" status="PASS">
          <reporter-output>
          </reporter-output>
        </test-method> <!-- test_2_1_SimpleButton -->
        <test-method signature="test_2_2_LooksLikeButton()[pri:5, instance:com.practice.QAPractice.QaPractice@3349e9bb]" started-at="٢٠٢٦-٠٦-٠٢T١٣:٤٨:٥٨ IDT" name="test_2_2_LooksLikeButton" finished-at="٢٠٢٦-٠٦-٠٢T١٣:٤٩:٠٠ IDT" duration-ms="1688" status="PASS">
          <reporter-output>
          </reporter-output>
        </test-method> <!-- test_2_2_LooksLikeButton -->
        <test-method signature="test_2_3_DisabledButton(java.lang.String,boolean,java.lang.String)[pri:6, instance:com.practice.QAPractice.QaPractice@3349e9bb]" started-at="٢٠٢٦-٠٦-٠٢T١٣:٤٩:٠٠ IDT" name="test_2_3_DisabledButton" data-provider="disabledButtonData" finished-at="٢٠٢٦-٠٦-٠٢T١٣:٤٩:٠٢ IDT" duration-ms="2216" status="PASS">
          <params>
            <param index="0">
              <value>
                <![CDATA[enabled]]>
              </value>
            </param>
            <param index="1">
              <value>
                <![CDATA[true]]>
              </value>
            </param>
            <param index="2">
              <value>
                <![CDATA[valid - select enabled state]]>
              </value>
            </param>
          </params>
          <reporter-output>
          </reporter-output>
        </test-method> <!-- test_2_3_DisabledButton -->
        <test-method signature="test_3_1_SingleCheckbox(boolean,boolean,java.lang.String)[pri:7, instance:com.practice.QAPractice.QaPractice@3349e9bb]" started-at="٢٠٢٦-٠٦-٠٢T١٣:٤٩:٠٢ IDT" name="test_3_1_SingleCheckbox" data-provider="singleCheckboxData" finished-at="٢٠٢٦-٠٦-٠٢T١٣:٤٩:٠٤ IDT" duration-ms="1639" status="FAIL">
          <params>
            <param index="0">
              <value>
                <![CDATA[false]]>
              </value>
            </param>
            <param index="1">
              <value>
                <![CDATA[false]]>
              </value>
            </param>
            <param index="2">
              <value>
                <![CDATA[invalid - checkbox empty]]>
              </value>
            </param>
          </params>
          <exception class="java.lang.AssertionError">
            <message>
              <![CDATA[Expected ERROR message but non found expected [true] but found [false]]]>
            </message>
            <full-stacktrace>
              <![CDATA[java.lang.AssertionError: Expected ERROR message but non found expected [true] but found [false]
at org.testng.Assert.fail(Assert.java:111)
at org.testng.Assert.failNotEquals(Assert.java:1590)
at org.testng.Assert.assertTrue(Assert.java:57)
at com.practice.QAPractice.QaPractice.assertResult(QaPractice.java:18)
at com.practice.QAPractice.QaPractice.test_3_1_SingleCheckbox(QaPractice.java:159)
at java.base/jdk.internal.reflect.DirectMethodHandleAccessor.invoke(DirectMethodHandleAccessor.java:104)
at java.base/java.lang.reflect.Method.invoke(Method.java:565)
at org.testng.internal.invokers.MethodInvocationHelper.invokeMethod(MethodInvocationHelper.java:141)
at org.testng.internal.invokers.TestInvoker.invokeMethod(TestInvoker.java:687)
at org.testng.internal.invokers.TestInvoker.invokeTestMethod(TestInvoker.java:230)
at org.testng.internal.invokers.MethodRunner.runInSequence(MethodRunner.java:63)
at org.testng.internal.invokers.TestInvoker$MethodInvocationAgent.invoke(TestInvoker.java:995)
at org.testng.internal.invokers.TestInvoker.invokeTestMethods(TestInvoker.java:203)
at org.testng.internal.invokers.TestMethodWorker.invokeTestMethods(TestMethodWorker.java:154)
at org.testng.internal.invokers.TestMethodWorker.run(TestMethodWorker.java:134)
at java.base/java.util.ArrayList.forEach(ArrayList.java:1604)
at org.testng.TestRunner.privateRun(TestRunner.java:741)
at org.testng.TestRunner.run(TestRunner.java:616)
at org.testng.SuiteRunner.runTest(SuiteRunner.java:421)
at org.testng.SuiteRunner.runSequentially(SuiteRunner.java:413)
at org.testng.SuiteRunner.privateRun(SuiteRunner.java:373)
at org.testng.SuiteRunner.run(SuiteRunner.java:312)
at org.testng.SuiteRunnerWorker.runSuite(SuiteRunnerWorker.java:52)
at org.testng.SuiteRunnerWorker.run(SuiteRunnerWorker.java:95)
at org.testng.TestNG.runSuitesSequentially(TestNG.java:1274)
at org.testng.TestNG.runSuitesLocally(TestNG.java:1208)
at org.testng.TestNG.runSuites(TestNG.java:1112)
at org.testng.TestNG.run(TestNG.java:1079)
at org.testng.remote.AbstractRemoteTestNG.run(AbstractRemoteTestNG.java:115)
at org.testng.remote.RemoteTestNG.initAndRun(RemoteTestNG.java:293)
at org.testng.remote.RemoteTestNG.main(RemoteTestNG.java:91)
]]>
            </full-stacktrace>
          </exception> <!-- java.lang.AssertionError -->
          <reporter-output>
          </reporter-output>
        </test-method> <!-- test_3_1_SingleCheckbox -->
        <test-method signature="test_3_1_SingleCheckbox(boolean,boolean,java.lang.String)[pri:7, instance:com.practice.QAPractice.QaPractice@3349e9bb]" started-at="٢٠٢٦-٠٦-٠٢T١٣:٤٩:٠٤ IDT" name="test_3_1_SingleCheckbox" data-provider="singleCheckboxData" finished-at="٢٠٢٦-٠٦-٠٢T١٣:٤٩:٠٦ IDT" duration-ms="2156" status="PASS">
          <params>
            <param index="0">
              <value>
                <![CDATA[true]]>
              </value>
            </param>
            <param index="1">
              <value>
                <![CDATA[true]]>
              </value>
            </param>
            <param index="2">
              <value>
                <![CDATA[valid - checkbox checked]]>
              </value>
            </param>
          </params>
          <reporter-output>
          </reporter-output>
        </test-method> <!-- test_3_1_SingleCheckbox -->
        <test-method signature="test_3_2_MultiCheckbox(boolean,boolean,boolean,boolean,java.lang.String)[pri:8, instance:com.practice.QAPractice.QaPractice@3349e9bb]" started-at="٢٠٢٦-٠٦-٠٢T١٣:٤٩:٠٦ IDT" name="test_3_2_MultiCheckbox" data-provider="multiCheckboxData" finished-at="٢٠٢٦-٠٦-٠٢T١٣:٤٩:٠٨ IDT" duration-ms="1661" status="FAIL">
          <params>
            <param index="0">
              <value>
                <![CDATA[false]]>
              </value>
            </param>
            <param index="1">
              <value>
                <![CDATA[false]]>
              </value>
            </param>
            <param index="2">
              <value>
                <![CDATA[false]]>
              </value>
            </param>
            <param index="3">
              <value>
                <![CDATA[false]]>
              </value>
            </param>
            <param index="4">
              <value>
                <![CDATA[invalid - all empty]]>
              </value>
            </param>
          </params>
          <exception class="java.lang.AssertionError">
            <message>
              <![CDATA[Expected ERROR message but non found expected [true] but found [false]]]>
            </message>
            <full-stacktrace>
              <![CDATA[java.lang.AssertionError: Expected ERROR message but non found expected [true] but found [false]
at org.testng.Assert.fail(Assert.java:111)
at org.testng.Assert.failNotEquals(Assert.java:1590)
at org.testng.Assert.assertTrue(Assert.java:57)
at com.practice.QAPractice.QaPractice.assertResult(QaPractice.java:18)
at com.practice.QAPractice.QaPractice.test_3_2_MultiCheckbox(QaPractice.java:196)
at java.base/jdk.internal.reflect.DirectMethodHandleAccessor.invoke(DirectMethodHandleAccessor.java:104)
at java.base/java.lang.reflect.Method.invoke(Method.java:565)
at org.testng.internal.invokers.MethodInvocationHelper.invokeMethod(MethodInvocationHelper.java:141)
at org.testng.internal.invokers.TestInvoker.invokeMethod(TestInvoker.java:687)
at org.testng.internal.invokers.TestInvoker.invokeTestMethod(TestInvoker.java:230)
at org.testng.internal.invokers.MethodRunner.runInSequence(MethodRunner.java:63)
at org.testng.internal.invokers.TestInvoker$MethodInvocationAgent.invoke(TestInvoker.java:995)
at org.testng.internal.invokers.TestInvoker.invokeTestMethods(TestInvoker.java:203)
at org.testng.internal.invokers.TestMethodWorker.invokeTestMethods(TestMethodWorker.java:154)
at org.testng.internal.invokers.TestMethodWorker.run(TestMethodWorker.java:134)
at java.base/java.util.ArrayList.forEach(ArrayList.java:1604)
at org.testng.TestRunner.privateRun(TestRunner.java:741)
at org.testng.TestRunner.run(TestRunner.java:616)
at org.testng.SuiteRunner.runTest(SuiteRunner.java:421)
at org.testng.SuiteRunner.runSequentially(SuiteRunner.java:413)
at org.testng.SuiteRunner.privateRun(SuiteRunner.java:373)
at org.testng.SuiteRunner.run(SuiteRunner.java:312)
at org.testng.SuiteRunnerWorker.runSuite(SuiteRunnerWorker.java:52)
at org.testng.SuiteRunnerWorker.run(SuiteRunnerWorker.java:95)
at org.testng.TestNG.runSuitesSequentially(TestNG.java:1274)
at org.testng.TestNG.runSuitesLocally(TestNG.java:1208)
at org.testng.TestNG.runSuites(TestNG.java:1112)
at org.testng.TestNG.run(TestNG.java:1079)
at org.testng.remote.AbstractRemoteTestNG.run(AbstractRemoteTestNG.java:115)
at org.testng.remote.RemoteTestNG.initAndRun(RemoteTestNG.java:293)
at org.testng.remote.RemoteTestNG.main(RemoteTestNG.java:91)
]]>
            </full-stacktrace>
          </exception> <!-- java.lang.AssertionError -->
          <reporter-output>
          </reporter-output>
        </test-method> <!-- test_3_2_MultiCheckbox -->
        <test-method signature="test_3_2_MultiCheckbox(boolean,boolean,boolean,boolean,java.lang.String)[pri:8, instance:com.practice.QAPractice.QaPractice@3349e9bb]" started-at="٢٠٢٦-٠٦-٠٢T١٣:٤٩:٠٨ IDT" name="test_3_2_MultiCheckbox" data-provider="multiCheckboxData" finished-at="٢٠٢٦-٠٦-٠٢T١٣:٤٩:١٠ IDT" duration-ms="1926" status="PASS">
          <params>
            <param index="0">
              <value>
                <![CDATA[true]]>
              </value>
            </param>
            <param index="1">
              <value>
                <![CDATA[false]]>
              </value>
            </param>
            <param index="2">
              <value>
                <![CDATA[false]]>
              </value>
            </param>
            <param index="3">
              <value>
                <![CDATA[true]]>
              </value>
            </param>
            <param index="4">
              <value>
                <![CDATA[valid - first only]]>
              </value>
            </param>
          </params>
          <reporter-output>
          </reporter-output>
        </test-method> <!-- test_3_2_MultiCheckbox -->
        <test-method signature="test_3_2_MultiCheckbox(boolean,boolean,boolean,boolean,java.lang.String)[pri:8, instance:com.practice.QAPractice.QaPractice@3349e9bb]" started-at="٢٠٢٦-٠٦-٠٢T١٣:٤٩:١٠ IDT" name="test_3_2_MultiCheckbox" data-provider="multiCheckboxData" finished-at="٢٠٢٦-٠٦-٠٢T١٣:٤٩:١٢ IDT" duration-ms="2216" status="PASS">
          <params>
            <param index="0">
              <value>
                <![CDATA[false]]>
              </value>
            </param>
            <param index="1">
              <value>
                <![CDATA[true]]>
              </value>
            </param>
            <param index="2">
              <value>
                <![CDATA[false]]>
              </value>
            </param>
            <param index="3">
              <value>
                <![CDATA[true]]>
              </value>
            </param>
            <param index="4">
              <value>
                <![CDATA[valid - second only]]>
              </value>
            </param>
          </params>
          <reporter-output>
          </reporter-output>
        </test-method> <!-- test_3_2_MultiCheckbox -->
        <test-method signature="test_3_2_MultiCheckbox(boolean,boolean,boolean,boolean,java.lang.String)[pri:8, instance:com.practice.QAPractice.QaPractice@3349e9bb]" started-at="٢٠٢٦-٠٦-٠٢T١٣:٤٩:١٢ IDT" name="test_3_2_MultiCheckbox" data-provider="multiCheckboxData" finished-at="٢٠٢٦-٠٦-٠٢T١٣:٤٩:١٤ IDT" duration-ms="2143" status="PASS">
          <params>
            <param index="0">
              <value>
                <![CDATA[false]]>
              </value>
            </param>
            <param index="1">
              <value>
                <![CDATA[false]]>
              </value>
            </param>
            <param index="2">
              <value>
                <![CDATA[true]]>
              </value>
            </param>
            <param index="3">
              <value>
                <![CDATA[true]]>
              </value>
            </param>
            <param index="4">
              <value>
                <![CDATA[valid - third only]]>
              </value>
            </param>
          </params>
          <reporter-output>
          </reporter-output>
        </test-method> <!-- test_3_2_MultiCheckbox -->
        <test-method signature="test_3_2_MultiCheckbox(boolean,boolean,boolean,boolean,java.lang.String)[pri:8, instance:com.practice.QAPractice.QaPractice@3349e9bb]" started-at="٢٠٢٦-٠٦-٠٢T١٣:٤٩:١٤ IDT" name="test_3_2_MultiCheckbox" data-provider="multiCheckboxData" finished-at="٢٠٢٦-٠٦-٠٢T١٣:٤٩:١٦ IDT" duration-ms="2497" status="PASS">
          <params>
            <param index="0">
              <value>
                <![CDATA[true]]>
              </value>
            </param>
            <param index="1">
              <value>
                <![CDATA[true]]>
              </value>
            </param>
            <param index="2">
              <value>
                <![CDATA[false]]>
              </value>
            </param>
            <param index="3">
              <value>
                <![CDATA[true]]>
              </value>
            </param>
            <param index="4">
              <value>
                <![CDATA[valid - first and second]]>
              </value>
            </param>
          </params>
          <reporter-output>
          </reporter-output>
        </test-method> <!-- test_3_2_MultiCheckbox -->
        <test-method signature="test_3_2_MultiCheckbox(boolean,boolean,boolean,boolean,java.lang.String)[pri:8, instance:com.practice.QAPractice.QaPractice@3349e9bb]" started-at="٢٠٢٦-٠٦-٠٢T١٣:٤٩:١٦ IDT" name="test_3_2_MultiCheckbox" data-provider="multiCheckboxData" finished-at="٢٠٢٦-٠٦-٠٢T١٣:٤٩:١٩ IDT" duration-ms="2773" status="PASS">
          <params>
            <param index="0">
              <value>
                <![CDATA[true]]>
              </value>
            </param>
            <param index="1">
              <value>
                <![CDATA[false]]>
              </value>
            </param>
            <param index="2">
              <value>
                <![CDATA[true]]>
              </value>
            </param>
            <param index="3">
              <value>
                <![CDATA[true]]>
              </value>
            </param>
            <param index="4">
              <value>
                <![CDATA[valid - first and third]]>
              </value>
            </param>
          </params>
          <reporter-output>
          </reporter-output>
        </test-method> <!-- test_3_2_MultiCheckbox -->
        <test-method signature="test_3_2_MultiCheckbox(boolean,boolean,boolean,boolean,java.lang.String)[pri:8, instance:com.practice.QAPractice.QaPractice@3349e9bb]" started-at="٢٠٢٦-٠٦-٠٢T١٣:٤٩:١٩ IDT" name="test_3_2_MultiCheckbox" data-provider="multiCheckboxData" finished-at="٢٠٢٦-٠٦-٠٢T١٣:٤٩:٢٢ IDT" duration-ms="2750" status="PASS">
          <params>
            <param index="0">
              <value>
                <![CDATA[false]]>
              </value>
            </param>
            <param index="1">
              <value>
                <![CDATA[true]]>
              </value>
            </param>
            <param index="2">
              <value>
                <![CDATA[true]]>
              </value>
            </param>
            <param index="3">
              <value>
                <![CDATA[true]]>
              </value>
            </param>
            <param index="4">
              <value>
                <![CDATA[valid - second and third]]>
              </value>
            </param>
          </params>
          <reporter-output>
          </reporter-output>
        </test-method> <!-- test_3_2_MultiCheckbox -->
        <test-method signature="test_3_2_MultiCheckbox(boolean,boolean,boolean,boolean,java.lang.String)[pri:8, instance:com.practice.QAPractice.QaPractice@3349e9bb]" started-at="٢٠٢٦-٠٦-٠٢T١٣:٤٩:٢٢ IDT" name="test_3_2_MultiCheckbox" data-provider="multiCheckboxData" finished-at="٢٠٢٦-٠٦-٠٢T١٣:٤٩:٢٥ IDT" duration-ms="3285" status="PASS">
          <params>
            <param index="0">
              <value>
                <![CDATA[true]]>
              </value>
            </param>
            <param index="1">
              <value>
                <![CDATA[true]]>
              </value>
            </param>
            <param index="2">
              <value>
                <![CDATA[true]]>
              </value>
            </param>
            <param index="3">
              <value>
                <![CDATA[true]]>
              </value>
            </param>
            <param index="4">
              <value>
                <![CDATA[valid - all checked]]>
              </value>
            </param>
          </params>
          <reporter-output>
          </reporter-output>
        </test-method> <!-- test_3_2_MultiCheckbox -->
        <test-method signature="test_4_1_SingleSelect(java.lang.String,boolean,java.lang.String)[pri:9, instance:com.practice.QAPractice.QaPractice@3349e9bb]" started-at="٢٠٢٦-٠٦-٠٢T١٣:٤٩:٢٥ IDT" name="test_4_1_SingleSelect" data-provider="singleSelectData" finished-at="٢٠٢٦-٠٦-٠٢T١٣:٤٩:٢٧ IDT" duration-ms="2121" status="FAIL">
          <params>
            <param index="0">
              <value>
                <![CDATA[]]>
              </value>
            </param>
            <param index="1">
              <value>
                <![CDATA[false]]>
              </value>
            </param>
            <param index="2">
              <value>
                <![CDATA[invalid - empty select]]>
              </value>
            </param>
          </params>
          <exception class="java.lang.AssertionError">
            <message>
              <![CDATA[Expected ERROR message but non found expected [true] but found [false]]]>
            </message>
            <full-stacktrace>
              <![CDATA[java.lang.AssertionError: Expected ERROR message but non found expected [true] but found [false]
at org.testng.Assert.fail(Assert.java:111)
at org.testng.Assert.failNotEquals(Assert.java:1590)
at org.testng.Assert.assertTrue(Assert.java:57)
at com.practice.QAPractice.QaPractice.assertResult(QaPractice.java:18)
at com.practice.QAPractice.QaPractice.test_4_1_SingleSelect(QaPractice.java:223)
at java.base/jdk.internal.reflect.DirectMethodHandleAccessor.invoke(DirectMethodHandleAccessor.java:104)
at java.base/java.lang.reflect.Method.invoke(Method.java:565)
at org.testng.internal.invokers.MethodInvocationHelper.invokeMethod(MethodInvocationHelper.java:141)
at org.testng.internal.invokers.TestInvoker.invokeMethod(TestInvoker.java:687)
at org.testng.internal.invokers.TestInvoker.invokeTestMethod(TestInvoker.java:230)
at org.testng.internal.invokers.MethodRunner.runInSequence(MethodRunner.java:63)
at org.testng.internal.invokers.TestInvoker$MethodInvocationAgent.invoke(TestInvoker.java:995)
at org.testng.internal.invokers.TestInvoker.invokeTestMethods(TestInvoker.java:203)
at org.testng.internal.invokers.TestMethodWorker.invokeTestMethods(TestMethodWorker.java:154)
at org.testng.internal.invokers.TestMethodWorker.run(TestMethodWorker.java:134)
at java.base/java.util.ArrayList.forEach(ArrayList.java:1604)
at org.testng.TestRunner.privateRun(TestRunner.java:741)
at org.testng.TestRunner.run(TestRunner.java:616)
at org.testng.SuiteRunner.runTest(SuiteRunner.java:421)
at org.testng.SuiteRunner.runSequentially(SuiteRunner.java:413)
at org.testng.SuiteRunner.privateRun(SuiteRunner.java:373)
at org.testng.SuiteRunner.run(SuiteRunner.java:312)
at org.testng.SuiteRunnerWorker.runSuite(SuiteRunnerWorker.java:52)
at org.testng.SuiteRunnerWorker.run(SuiteRunnerWorker.java:95)
at org.testng.TestNG.runSuitesSequentially(TestNG.java:1274)
at org.testng.TestNG.runSuitesLocally(TestNG.java:1208)
at org.testng.TestNG.runSuites(TestNG.java:1112)
at org.testng.TestNG.run(TestNG.java:1079)
at org.testng.remote.AbstractRemoteTestNG.run(AbstractRemoteTestNG.java:115)
at org.testng.remote.RemoteTestNG.initAndRun(RemoteTestNG.java:293)
at org.testng.remote.RemoteTestNG.main(RemoteTestNG.java:91)
]]>
            </full-stacktrace>
          </exception> <!-- java.lang.AssertionError -->
          <reporter-output>
          </reporter-output>
        </test-method> <!-- test_4_1_SingleSelect -->
        <test-method signature="test_4_1_SingleSelect(java.lang.String,boolean,java.lang.String)[pri:9, instance:com.practice.QAPractice.QaPractice@3349e9bb]" started-at="٢٠٢٦-٠٦-٠٢T١٣:٤٩:٢٧ IDT" name="test_4_1_SingleSelect" data-provider="singleSelectData" finished-at="٢٠٢٦-٠٦-٠٢T١٣:٤٩:٢٩ IDT" duration-ms="1950" status="PASS">
          <params>
            <param index="0">
              <value>
                <![CDATA[1]]>
              </value>
            </param>
            <param index="1">
              <value>
                <![CDATA[true]]>
              </value>
            </param>
            <param index="2">
              <value>
                <![CDATA[valid - option 1]]>
              </value>
            </param>
          </params>
          <reporter-output>
          </reporter-output>
        </test-method> <!-- test_4_1_SingleSelect -->
        <test-method signature="test_4_1_SingleSelect(java.lang.String,boolean,java.lang.String)[pri:9, instance:com.practice.QAPractice.QaPractice@3349e9bb]" started-at="٢٠٢٦-٠٦-٠٢T١٣:٤٩:٢٩ IDT" name="test_4_1_SingleSelect" data-provider="singleSelectData" finished-at="٢٠٢٦-٠٦-٠٢T١٣:٤٩:٣٢ IDT" duration-ms="2228" status="PASS">
          <params>
            <param index="0">
              <value>
                <![CDATA[2]]>
              </value>
            </param>
            <param index="1">
              <value>
                <![CDATA[true]]>
              </value>
            </param>
            <param index="2">
              <value>
                <![CDATA[valid - option 2]]>
              </value>
            </param>
          </params>
          <reporter-output>
          </reporter-output>
        </test-method> <!-- test_4_1_SingleSelect -->
        <test-method signature="test_4_1_SingleSelect(java.lang.String,boolean,java.lang.String)[pri:9, instance:com.practice.QAPractice.QaPractice@3349e9bb]" started-at="٢٠٢٦-٠٦-٠٢T١٣:٤٩:٣٢ IDT" name="test_4_1_SingleSelect" data-provider="singleSelectData" finished-at="٢٠٢٦-٠٦-٠٢T١٣:٤٩:٣٤ IDT" duration-ms="2095" status="PASS">
          <params>
            <param index="0">
              <value>
                <![CDATA[3]]>
              </value>
            </param>
            <param index="1">
              <value>
                <![CDATA[true]]>
              </value>
            </param>
            <param index="2">
              <value>
                <![CDATA[valid - option 3]]>
              </value>
            </param>
          </params>
          <reporter-output>
          </reporter-output>
        </test-method> <!-- test_4_1_SingleSelect -->
        <test-method signature="test_4_1_SingleSelect(java.lang.String,boolean,java.lang.String)[pri:9, instance:com.practice.QAPractice.QaPractice@3349e9bb]" started-at="٢٠٢٦-٠٦-٠٢T١٣:٤٩:٣٤ IDT" name="test_4_1_SingleSelect" data-provider="singleSelectData" finished-at="٢٠٢٦-٠٦-٠٢T١٣:٤٩:٣٦ IDT" duration-ms="2251" status="PASS">
          <params>
            <param index="0">
              <value>
                <![CDATA[4]]>
              </value>
            </param>
            <param index="1">
              <value>
                <![CDATA[true]]>
              </value>
            </param>
            <param index="2">
              <value>
                <![CDATA[valid - option 4]]>
              </value>
            </param>
          </params>
          <reporter-output>
          </reporter-output>
        </test-method> <!-- test_4_1_SingleSelect -->
        <test-method signature="test_4_1_SingleSelect(java.lang.String,boolean,java.lang.String)[pri:9, instance:com.practice.QAPractice.QaPractice@3349e9bb]" started-at="٢٠٢٦-٠٦-٠٢T١٣:٤٩:٣٦ IDT" name="test_4_1_SingleSelect" data-provider="singleSelectData" finished-at="٢٠٢٦-٠٦-٠٢T١٣:٤٩:٣٨ IDT" duration-ms="1963" status="PASS">
          <params>
            <param index="0">
              <value>
                <![CDATA[5]]>
              </value>
            </param>
            <param index="1">
              <value>
                <![CDATA[true]]>
              </value>
            </param>
            <param index="2">
              <value>
                <![CDATA[valid - option 5]]>
              </value>
            </param>
          </params>
          <reporter-output>
          </reporter-output>
        </test-method> <!-- test_4_1_SingleSelect -->
        <test-method signature="test_4_2_MultiSelectValidation(java.lang.String,java.lang.String,java.lang.String,boolean,java.lang.String)[pri:10, instance:com.practice.QAPractice.QaPractice@3349e9bb]" started-at="٢٠٢٦-٠٦-٠٢T١٣:٤٩:٣٨ IDT" name="test_4_2_MultiSelectValidation" data-provider="multiSelectValidationData" finished-at="٢٠٢٦-٠٦-٠٢T١٣:٤٩:٣٩ IDT" duration-ms="1400" status="FAIL">
          <params>
            <param index="0">
              <value>
                <![CDATA[]]>
              </value>
            </param>
            <param index="1">
              <value>
                <![CDATA[]]>
              </value>
            </param>
            <param index="2">
              <value>
                <![CDATA[]]>
              </value>
            </param>
            <param index="3">
              <value>
                <![CDATA[false]]>
              </value>
            </param>
            <param index="4">
              <value>
                <![CDATA[invalid - all three empty]]>
              </value>
            </param>
          </params>
          <exception class="java.lang.AssertionError">
            <message>
              <![CDATA[Expected ERROR message but non found expected [true] but found [false]]]>
            </message>
            <full-stacktrace>
              <![CDATA[java.lang.AssertionError: Expected ERROR message but non found expected [true] but found [false]
at org.testng.Assert.fail(Assert.java:111)
at org.testng.Assert.failNotEquals(Assert.java:1590)
at org.testng.Assert.assertTrue(Assert.java:57)
at com.practice.QAPractice.QaPractice.assertResult(QaPractice.java:18)
at com.practice.QAPractice.QaPractice.test_4_2_MultiSelectValidation(QaPractice.java:256)
at java.base/jdk.internal.reflect.DirectMethodHandleAccessor.invoke(DirectMethodHandleAccessor.java:104)
at java.base/java.lang.reflect.Method.invoke(Method.java:565)
at org.testng.internal.invokers.MethodInvocationHelper.invokeMethod(MethodInvocationHelper.java:141)
at org.testng.internal.invokers.TestInvoker.invokeMethod(TestInvoker.java:687)
at org.testng.internal.invokers.TestInvoker.invokeTestMethod(TestInvoker.java:230)
at org.testng.internal.invokers.MethodRunner.runInSequence(MethodRunner.java:63)
at org.testng.internal.invokers.TestInvoker$MethodInvocationAgent.invoke(TestInvoker.java:995)
at org.testng.internal.invokers.TestInvoker.invokeTestMethods(TestInvoker.java:203)
at org.testng.internal.invokers.TestMethodWorker.invokeTestMethods(TestMethodWorker.java:154)
at org.testng.internal.invokers.TestMethodWorker.run(TestMethodWorker.java:134)
at java.base/java.util.ArrayList.forEach(ArrayList.java:1604)
at org.testng.TestRunner.privateRun(TestRunner.java:741)
at org.testng.TestRunner.run(TestRunner.java:616)
at org.testng.SuiteRunner.runTest(SuiteRunner.java:421)
at org.testng.SuiteRunner.runSequentially(SuiteRunner.java:413)
at org.testng.SuiteRunner.privateRun(SuiteRunner.java:373)
at org.testng.SuiteRunner.run(SuiteRunner.java:312)
at org.testng.SuiteRunnerWorker.runSuite(SuiteRunnerWorker.java:52)
at org.testng.SuiteRunnerWorker.run(SuiteRunnerWorker.java:95)
at org.testng.TestNG.runSuitesSequentially(TestNG.java:1274)
at org.testng.TestNG.runSuitesLocally(TestNG.java:1208)
at org.testng.TestNG.runSuites(TestNG.java:1112)
at org.testng.TestNG.run(TestNG.java:1079)
at org.testng.remote.AbstractRemoteTestNG.run(AbstractRemoteTestNG.java:115)
at org.testng.remote.RemoteTestNG.initAndRun(RemoteTestNG.java:293)
at org.testng.remote.RemoteTestNG.main(RemoteTestNG.java:91)
]]>
            </full-stacktrace>
          </exception> <!-- java.lang.AssertionError -->
          <reporter-output>
          </reporter-output>
        </test-method> <!-- test_4_2_MultiSelectValidation -->
        <test-method signature="test_4_2_MultiSelectValidation(java.lang.String,java.lang.String,java.lang.String,boolean,java.lang.String)[pri:10, instance:com.practice.QAPractice.QaPractice@3349e9bb]" started-at="٢٠٢٦-٠٦-٠٢T١٣:٤٩:٣٩ IDT" name="test_4_2_MultiSelectValidation" data-provider="multiSelectValidationData" finished-at="٢٠٢٦-٠٦-٠٢T١٣:٤٩:٤١ IDT" duration-ms="2061" status="FAIL">
          <params>
            <param index="0">
              <value>
                <![CDATA[1]]>
              </value>
            </param>
            <param index="1">
              <value>
                <![CDATA[]]>
              </value>
            </param>
            <param index="2">
              <value>
                <![CDATA[]]>
              </value>
            </param>
            <param index="3">
              <value>
                <![CDATA[false]]>
              </value>
            </param>
            <param index="4">
              <value>
                <![CDATA[invalid - only first filled]]>
              </value>
            </param>
          </params>
          <exception class="java.lang.AssertionError">
            <message>
              <![CDATA[Expected ERROR message but non found expected [true] but found [false]]]>
            </message>
            <full-stacktrace>
              <![CDATA[java.lang.AssertionError: Expected ERROR message but non found expected [true] but found [false]
at org.testng.Assert.fail(Assert.java:111)
at org.testng.Assert.failNotEquals(Assert.java:1590)
at org.testng.Assert.assertTrue(Assert.java:57)
at com.practice.QAPractice.QaPractice.assertResult(QaPractice.java:18)
at com.practice.QAPractice.QaPractice.test_4_2_MultiSelectValidation(QaPractice.java:256)
at java.base/jdk.internal.reflect.DirectMethodHandleAccessor.invoke(DirectMethodHandleAccessor.java:104)
at java.base/java.lang.reflect.Method.invoke(Method.java:565)
at org.testng.internal.invokers.MethodInvocationHelper.invokeMethod(MethodInvocationHelper.java:141)
at org.testng.internal.invokers.TestInvoker.invokeMethod(TestInvoker.java:687)
at org.testng.internal.invokers.TestInvoker.invokeTestMethod(TestInvoker.java:230)
at org.testng.internal.invokers.MethodRunner.runInSequence(MethodRunner.java:63)
at org.testng.internal.invokers.TestInvoker$MethodInvocationAgent.invoke(TestInvoker.java:995)
at org.testng.internal.invokers.TestInvoker.invokeTestMethods(TestInvoker.java:203)
at org.testng.internal.invokers.TestMethodWorker.invokeTestMethods(TestMethodWorker.java:154)
at org.testng.internal.invokers.TestMethodWorker.run(TestMethodWorker.java:134)
at java.base/java.util.ArrayList.forEach(ArrayList.java:1604)
at org.testng.TestRunner.privateRun(TestRunner.java:741)
at org.testng.TestRunner.run(TestRunner.java:616)
at org.testng.SuiteRunner.runTest(SuiteRunner.java:421)
at org.testng.SuiteRunner.runSequentially(SuiteRunner.java:413)
at org.testng.SuiteRunner.privateRun(SuiteRunner.java:373)
at org.testng.SuiteRunner.run(SuiteRunner.java:312)
at org.testng.SuiteRunnerWorker.runSuite(SuiteRunnerWorker.java:52)
at org.testng.SuiteRunnerWorker.run(SuiteRunnerWorker.java:95)
at org.testng.TestNG.runSuitesSequentially(TestNG.java:1274)
at org.testng.TestNG.runSuitesLocally(TestNG.java:1208)
at org.testng.TestNG.runSuites(TestNG.java:1112)
at org.testng.TestNG.run(TestNG.java:1079)
at org.testng.remote.AbstractRemoteTestNG.run(AbstractRemoteTestNG.java:115)
at org.testng.remote.RemoteTestNG.initAndRun(RemoteTestNG.java:293)
at org.testng.remote.RemoteTestNG.main(RemoteTestNG.java:91)
]]>
            </full-stacktrace>
          </exception> <!-- java.lang.AssertionError -->
          <reporter-output>
          </reporter-output>
        </test-method> <!-- test_4_2_MultiSelectValidation -->
        <test-method signature="test_4_2_MultiSelectValidation(java.lang.String,java.lang.String,java.lang.String,boolean,java.lang.String)[pri:10, instance:com.practice.QAPractice.QaPractice@3349e9bb]" started-at="٢٠٢٦-٠٦-٠٢T١٣:٤٩:٤١ IDT" name="test_4_2_MultiSelectValidation" data-provider="multiSelectValidationData" finished-at="٢٠٢٦-٠٦-٠٢T١٣:٤٩:٤٤ IDT" duration-ms="2763" status="FAIL">
          <params>
            <param index="0">
              <value>
                <![CDATA[1]]>
              </value>
            </param>
            <param index="1">
              <value>
                <![CDATA[1]]>
              </value>
            </param>
            <param index="2">
              <value>
                <![CDATA[]]>
              </value>
            </param>
            <param index="3">
              <value>
                <![CDATA[false]]>
              </value>
            </param>
            <param index="4">
              <value>
                <![CDATA[invalid - first and second filled third empty]]>
              </value>
            </param>
          </params>
          <exception class="java.lang.AssertionError">
            <message>
              <![CDATA[Expected ERROR message but non found expected [true] but found [false]]]>
            </message>
            <full-stacktrace>
              <![CDATA[java.lang.AssertionError: Expected ERROR message but non found expected [true] but found [false]
at org.testng.Assert.fail(Assert.java:111)
at org.testng.Assert.failNotEquals(Assert.java:1590)
at org.testng.Assert.assertTrue(Assert.java:57)
at com.practice.QAPractice.QaPractice.assertResult(QaPractice.java:18)
at com.practice.QAPractice.QaPractice.test_4_2_MultiSelectValidation(QaPractice.java:256)
at java.base/jdk.internal.reflect.DirectMethodHandleAccessor.invoke(DirectMethodHandleAccessor.java:104)
at java.base/java.lang.reflect.Method.invoke(Method.java:565)
at org.testng.internal.invokers.MethodInvocationHelper.invokeMethod(MethodInvocationHelper.java:141)
at org.testng.internal.invokers.TestInvoker.invokeMethod(TestInvoker.java:687)
at org.testng.internal.invokers.TestInvoker.invokeTestMethod(TestInvoker.java:230)
at org.testng.internal.invokers.MethodRunner.runInSequence(MethodRunner.java:63)
at org.testng.internal.invokers.TestInvoker$MethodInvocationAgent.invoke(TestInvoker.java:995)
at org.testng.internal.invokers.TestInvoker.invokeTestMethods(TestInvoker.java:203)
at org.testng.internal.invokers.TestMethodWorker.invokeTestMethods(TestMethodWorker.java:154)
at org.testng.internal.invokers.TestMethodWorker.run(TestMethodWorker.java:134)
at java.base/java.util.ArrayList.forEach(ArrayList.java:1604)
at org.testng.TestRunner.privateRun(TestRunner.java:741)
at org.testng.TestRunner.run(TestRunner.java:616)
at org.testng.SuiteRunner.runTest(SuiteRunner.java:421)
at org.testng.SuiteRunner.runSequentially(SuiteRunner.java:413)
at org.testng.SuiteRunner.privateRun(SuiteRunner.java:373)
at org.testng.SuiteRunner.run(SuiteRunner.java:312)
at org.testng.SuiteRunnerWorker.runSuite(SuiteRunnerWorker.java:52)
at org.testng.SuiteRunnerWorker.run(SuiteRunnerWorker.java:95)
at org.testng.TestNG.runSuitesSequentially(TestNG.java:1274)
at org.testng.TestNG.runSuitesLocally(TestNG.java:1208)
at org.testng.TestNG.runSuites(TestNG.java:1112)
at org.testng.TestNG.run(TestNG.java:1079)
at org.testng.remote.AbstractRemoteTestNG.run(AbstractRemoteTestNG.java:115)
at org.testng.remote.RemoteTestNG.initAndRun(RemoteTestNG.java:293)
at org.testng.remote.RemoteTestNG.main(RemoteTestNG.java:91)
]]>
            </full-stacktrace>
          </exception> <!-- java.lang.AssertionError -->
          <reporter-output>
          </reporter-output>
        </test-method> <!-- test_4_2_MultiSelectValidation -->
        <test-method signature="test_4_2_MultiSelectValidation(java.lang.String,java.lang.String,java.lang.String,boolean,java.lang.String)[pri:10, instance:com.practice.QAPractice.QaPractice@3349e9bb]" started-at="٢٠٢٦-٠٦-٠٢T١٣:٤٩:٤٤ IDT" name="test_4_2_MultiSelectValidation" data-provider="multiSelectValidationData" finished-at="٢٠٢٦-٠٦-٠٢T١٣:٤٩:٤٧ IDT" duration-ms="2680" status="FAIL">
          <params>
            <param index="0">
              <value>
                <![CDATA[]]>
              </value>
            </param>
            <param index="1">
              <value>
                <![CDATA[1]]>
              </value>
            </param>
            <param index="2">
              <value>
                <![CDATA[1]]>
              </value>
            </param>
            <param index="3">
              <value>
                <![CDATA[false]]>
              </value>
            </param>
            <param index="4">
              <value>
                <![CDATA[invalid - first empty second and third filled]]>
              </value>
            </param>
          </params>
          <exception class="java.lang.AssertionError">
            <message>
              <![CDATA[Expected ERROR message but non found expected [true] but found [false]]]>
            </message>
            <full-stacktrace>
              <![CDATA[java.lang.AssertionError: Expected ERROR message but non found expected [true] but found [false]
at org.testng.Assert.fail(Assert.java:111)
at org.testng.Assert.failNotEquals(Assert.java:1590)
at org.testng.Assert.assertTrue(Assert.java:57)
at com.practice.QAPractice.QaPractice.assertResult(QaPractice.java:18)
at com.practice.QAPractice.QaPractice.test_4_2_MultiSelectValidation(QaPractice.java:256)
at java.base/jdk.internal.reflect.DirectMethodHandleAccessor.invoke(DirectMethodHandleAccessor.java:104)
at java.base/java.lang.reflect.Method.invoke(Method.java:565)
at org.testng.internal.invokers.MethodInvocationHelper.invokeMethod(MethodInvocationHelper.java:141)
at org.testng.internal.invokers.TestInvoker.invokeMethod(TestInvoker.java:687)
at org.testng.internal.invokers.TestInvoker.invokeTestMethod(TestInvoker.java:230)
at org.testng.internal.invokers.MethodRunner.runInSequence(MethodRunner.java:63)
at org.testng.internal.invokers.TestInvoker$MethodInvocationAgent.invoke(TestInvoker.java:995)
at org.testng.internal.invokers.TestInvoker.invokeTestMethods(TestInvoker.java:203)
at org.testng.internal.invokers.TestMethodWorker.invokeTestMethods(TestMethodWorker.java:154)
at org.testng.internal.invokers.TestMethodWorker.run(TestMethodWorker.java:134)
at java.base/java.util.ArrayList.forEach(ArrayList.java:1604)
at org.testng.TestRunner.privateRun(TestRunner.java:741)
at org.testng.TestRunner.run(TestRunner.java:616)
at org.testng.SuiteRunner.runTest(SuiteRunner.java:421)
at org.testng.SuiteRunner.runSequentially(SuiteRunner.java:413)
at org.testng.SuiteRunner.privateRun(SuiteRunner.java:373)
at org.testng.SuiteRunner.run(SuiteRunner.java:312)
at org.testng.SuiteRunnerWorker.runSuite(SuiteRunnerWorker.java:52)
at org.testng.SuiteRunnerWorker.run(SuiteRunnerWorker.java:95)
at org.testng.TestNG.runSuitesSequentially(TestNG.java:1274)
at org.testng.TestNG.runSuitesLocally(TestNG.java:1208)
at org.testng.TestNG.runSuites(TestNG.java:1112)
at org.testng.TestNG.run(TestNG.java:1079)
at org.testng.remote.AbstractRemoteTestNG.run(AbstractRemoteTestNG.java:115)
at org.testng.remote.RemoteTestNG.initAndRun(RemoteTestNG.java:293)
at org.testng.remote.RemoteTestNG.main(RemoteTestNG.java:91)
]]>
            </full-stacktrace>
          </exception> <!-- java.lang.AssertionError -->
          <reporter-output>
          </reporter-output>
        </test-method> <!-- test_4_2_MultiSelectValidation -->
        <test-method signature="test_4_2_MultiSelectAllCombinations(java.lang.String,java.lang.String,java.lang.String,boolean,java.lang.String)[pri:11, instance:com.practice.QAPractice.QaPractice@3349e9bb]" started-at="٢٠٢٦-٠٦-٠٢T١٣:٤٩:٤٧ IDT" name="test_4_2_MultiSelectAllCombinations" data-provider="multiSelectAllCombinationsData" finished-at="٢٠٢٦-٠٦-٠٢T١٣:٤٩:٥٠ IDT" duration-ms="3291" status="PASS">
          <params>
            <param index="0">
              <value>
                <![CDATA[1]]>
              </value>
            </param>
            <param index="1">
              <value>
                <![CDATA[1]]>
              </value>
            </param>
            <param index="2">
              <value>
                <![CDATA[1]]>
              </value>
            </param>
            <param index="3">
              <value>
                <![CDATA[true]]>
              </value>
            </param>
            <param index="4">
              <value>
                <![CDATA[place=1 transport=1 when=1]]>
              </value>
            </param>
          </params>
          <reporter-output>
          </reporter-output>
        </test-method> <!-- test_4_2_MultiSelectAllCombinations -->
        <test-method signature="test_4_2_MultiSelectAllCombinations(java.lang.String,java.lang.String,java.lang.String,boolean,java.lang.String)[pri:11, instance:com.practice.QAPractice.QaPractice@3349e9bb]" started-at="٢٠٢٦-٠٦-٠٢T١٣:٤٩:٥٠ IDT" name="test_4_2_MultiSelectAllCombinations" data-provider="multiSelectAllCombinationsData" finished-at="٢٠٢٦-٠٦-٠٢T١٣:٤٩:٥٣ IDT" duration-ms="3238" status="PASS">
          <params>
            <param index="0">
              <value>
                <![CDATA[1]]>
              </value>
[...]
Element: [[EdgeDriver: MicrosoftEdge on windows (bdbffc5e2215b3bd0658b19cd0c6ba21)] -> xpath: //input[starts-with(@type,'sub')]]
Session ID: bdbffc5e2215b3bd0658b19cd0c6ba21
at java.base/jdk.internal.reflect.DirectConstructorHandleAccessor.newInstance(DirectConstructorHandleAccessor.java:62)
at java.base/java.lang.reflect.Constructor.newInstanceWithCaller(Constructor.java:499)
at java.base/java.lang.reflect.Constructor.newInstance(Constructor.java:483)
at org.openqa.selenium.remote.ErrorCodec.decode(ErrorCodec.java:167)
at org.openqa.selenium.remote.codec.w3c.W3CHttpResponseCodec.decode(W3CHttpResponseCodec.java:138)
at org.openqa.selenium.remote.codec.w3c.W3CHttpResponseCodec.decode(W3CHttpResponseCodec.java:50)
at org.openqa.selenium.remote.HttpCommandExecutor.execute(HttpCommandExecutor.java:215)
at org.openqa.selenium.remote.service.DriverCommandExecutor.invokeExecute(DriverCommandExecutor.java:216)
at org.openqa.selenium.remote.service.DriverCommandExecutor.execute(DriverCommandExecutor.java:174)
at org.openqa.selenium.remote.RemoteWebDriver.execute(RemoteWebDriver.java:557)
at org.openqa.selenium.remote.RemoteWebElement.execute(RemoteWebElement.java:223)
at org.openqa.selenium.remote.RemoteWebElement.click(RemoteWebElement.java:76)
at com.practice.QAPractice.TextAreaPage.submitMultiple(TextAreaPage.java:53)
at com.practice.QAPractice.QaPractice.test_6_2_MultipleTextAreas(QaPractice.java:387)
at java.base/jdk.internal.reflect.DirectMethodHandleAccessor.invoke(DirectMethodHandleAccessor.java:104)
at java.base/java.lang.reflect.Method.invoke(Method.java:565)
at org.testng.internal.invokers.MethodInvocationHelper.invokeMethod(MethodInvocationHelper.java:141)
at org.testng.internal.invokers.TestInvoker.invokeMethod(TestInvoker.java:687)
at org.testng.internal.invokers.TestInvoker.invokeTestMethod(TestInvoker.java:230)
at org.testng.internal.invokers.MethodRunner.runInSequence(MethodRunner.java:63)
at org.testng.internal.invokers.TestInvoker$MethodInvocationAgent.invoke(TestInvoker.java:995)
at org.testng.internal.invokers.TestInvoker.invokeTestMethods(TestInvoker.java:203)
at org.testng.internal.invokers.TestMethodWorker.invokeTestMethods(TestMethodWorker.java:154)
at org.testng.internal.invokers.TestMethodWorker.run(TestMethodWorker.java:134)
at java.base/java.util.ArrayList.forEach(ArrayList.java:1604)
at org.testng.TestRunner.privateRun(TestRunner.java:741)
at org.testng.TestRunner.run(TestRunner.java:616)
at org.testng.SuiteRunner.runTest(SuiteRunner.java:421)
at org.testng.SuiteRunner.runSequentially(SuiteRunner.java:413)
at org.testng.SuiteRunner.privateRun(SuiteRunner.java:373)
at org.testng.SuiteRunner.run(SuiteRunner.java:312)
at org.testng.SuiteRunnerWorker.runSuite(SuiteRunnerWorker.java:52)
at org.testng.SuiteRunnerWorker.run(SuiteRunnerWorker.java:95)
at org.testng.TestNG.runSuitesSequentially(TestNG.java:1274)
at org.testng.TestNG.runSuitesLocally(TestNG.java:1208)
at org.testng.TestNG.runSuites(TestNG.java:1112)
at org.testng.TestNG.run(TestNG.java:1079)
at org.testng.remote.AbstractRemoteTestNG.run(AbstractRemoteTestNG.java:115)
at org.testng.remote.RemoteTestNG.initAndRun(RemoteTestNG.java:293)
at org.testng.remote.RemoteTestNG.main(RemoteTestNG.java:91)
]]>
            </full-stacktrace>
          </exception> <!-- org.openqa.selenium.ElementClickInterceptedException -->
          <reporter-output>
          </reporter-output>
        </test-method> <!-- test_6_2_MultipleTextAreas -->
        <test-method signature="test_6_2_MultipleTextAreas(java.lang.String,java.lang.String,java.lang.String,boolean,java.lang.String)[pri:15, instance:com.practice.QAPractice.QaPractice@3349e9bb]" started-at="٢٠٢٦-٠٦-٠٢T١٣:٥٣:٣٠ IDT" name="test_6_2_MultipleTextAreas" data-provider="multipleTextAreaData" finished-at="٢٠٢٦-٠٦-٠٢T١٣:٥٣:٣٤ IDT" duration-ms="3728" status="FAIL">
          <params>
            <param index="0">
              <value>
                <![CDATA[The quick brown fox jumps over the lazy dog.]]>
              </value>
            </param>
            <param index="1">
              <value>
                <![CDATA[]]>
              </value>
            </param>
            <param index="2">
              <value>
                <![CDATA[]]>
              </value>
            </param>
            <param index="3">
              <value>
                <![CDATA[true]]>
              </value>
            </param>
            <param index="4">
              <value>
                <![CDATA[valid - only first filled second and third empty]]>
              </value>
            </param>
          </params>
          <exception class="org.openqa.selenium.ElementClickInterceptedException">
            <message>
              <![CDATA[element click intercepted: Element is not clickable at point (387, 919)
  (Session info: MicrosoftEdge=148.0.3967.96)
Build info: version: '4.38.0', revision: '6b412e825c*'
System info: os.name: 'Windows 11', os.arch: 'amd64', os.version: '10.0', java.version: '25.0.3'
Driver info: org.openqa.selenium.edge.EdgeDriver
Command: [bdbffc5e2215b3bd0658b19cd0c6ba21, clickElement {id=f.BF9B6A64B7D84349320983DF6C07697F.d.4915B0B796C5D51F07C6F41F5FE95C18.e.64431}]
Capabilities {acceptInsecureCerts: false, browserName: MicrosoftEdge, browserVersion: 148.0.3967.96, fedcm:accounts: true, goog:processID: 3452, ms:edgeOptions: {debuggerAddress: localhost:51292}, msedge: {msedgedriverVersion: 148.0.3967.96 (9df8cc82dba1..., userDataDir: C:\Users\DVDSTORE\AppData\L...}, networkConnectionEnabled: false, pageLoadStrategy: normal, platformName: windows, proxy: Proxy(), se:cdp: ws://localhost:51292/devtoo..., se:cdpVersion: 148.0.3967.96, setWindowRect: true, strictFileInteractability: false, timeouts: {implicit: 0, pageLoad: 300000, script: 30000}, unhandledPromptBehavior: dismiss and notify, webauthn:extension:credBlob: true, webauthn:extension:largeBlob: true, webauthn:extension:minPinLength: true, webauthn:extension:prf: true, webauthn:virtualAuthenticators: true}
Element: [[EdgeDriver: MicrosoftEdge on windows (bdbffc5e2215b3bd0658b19cd0c6ba21)] -> xpath: //input[starts-with(@type,'sub')]]
Session ID: bdbffc5e2215b3bd0658b19cd0c6ba21]]>
            </message>
            <full-stacktrace>
              <![CDATA[org.openqa.selenium.ElementClickInterceptedException: element click intercepted: Element is not clickable at point (387, 919)
  (Session info: MicrosoftEdge=148.0.3967.96)
Build info: version: '4.38.0', revision: '6b412e825c*'
System info: os.name: 'Windows 11', os.arch: 'amd64', os.version: '10.0', java.version: '25.0.3'
Driver info: org.openqa.selenium.edge.EdgeDriver
Command: [bdbffc5e2215b3bd0658b19cd0c6ba21, clickElement {id=f.BF9B6A64B7D84349320983DF6C07697F.d.4915B0B796C5D51F07C6F41F5FE95C18.e.64431}]
Capabilities {acceptInsecureCerts: false, browserName: MicrosoftEdge, browserVersion: 148.0.3967.96, fedcm:accounts: true, goog:processID: 3452, ms:edgeOptions: {debuggerAddress: localhost:51292}, msedge: {msedgedriverVersion: 148.0.3967.96 (9df8cc82dba1..., userDataDir: C:\Users\DVDSTORE\AppData\L...}, networkConnectionEnabled: false, pageLoadStrategy: normal, platformName: windows, proxy: Proxy(), se:cdp: ws://localhost:51292/devtoo..., se:cdpVersion: 148.0.3967.96, setWindowRect: true, strictFileInteractability: false, timeouts: {implicit: 0, pageLoad: 300000, script: 30000}, unhandledPromptBehavior: dismiss and notify, webauthn:extension:credBlob: true, webauthn:extension:largeBlob: true, webauthn:extension:minPinLength: true, webauthn:extension:prf: true, webauthn:virtualAuthenticators: true}
Element: [[EdgeDriver: MicrosoftEdge on windows (bdbffc5e2215b3bd0658b19cd0c6ba21)] -> xpath: //input[starts-with(@type,'sub')]]
Session ID: bdbffc5e2215b3bd0658b19cd0c6ba21
at java.base/jdk.internal.reflect.DirectConstructorHandleAccessor.newInstance(DirectConstructorHandleAccessor.java:62)
at java.base/java.lang.reflect.Constructor.newInstanceWithCaller(Constructor.java:499)
at java.base/java.lang.reflect.Constructor.newInstance(Constructor.java:483)
at org.openqa.selenium.remote.ErrorCodec.decode(ErrorCodec.java:167)
at org.openqa.selenium.remote.codec.w3c.W3CHttpResponseCodec.decode(W3CHttpResponseCodec.java:138)
at org.openqa.selenium.remote.codec.w3c.W3CHttpResponseCodec.decode(W3CHttpResponseCodec.java:50)
at org.openqa.selenium.remote.HttpCommandExecutor.execute(HttpCommandExecutor.java:215)
at org.openqa.selenium.remote.service.DriverCommandExecutor.invokeExecute(DriverCommandExecutor.java:216)
at org.openqa.selenium.remote.service.DriverCommandExecutor.execute(DriverCommandExecutor.java:174)
at org.openqa.selenium.remote.RemoteWebDriver.execute(RemoteWebDriver.java:557)
at org.openqa.selenium.remote.RemoteWebElement.execute(RemoteWebElement.java:223)
at org.openqa.selenium.remote.RemoteWebElement.click(RemoteWebElement.java:76)
at com.practice.QAPractice.TextAreaPage.submitMultiple(TextAreaPage.java:53)
at com.practice.QAPractice.QaPractice.test_6_2_MultipleTextAreas(QaPractice.java:387)
at java.base/jdk.internal.reflect.DirectMethodHandleAccessor.invoke(DirectMethodHandleAccessor.java:104)
at java.base/java.lang.reflect.Method.invoke(Method.java:565)
at org.testng.internal.invokers.MethodInvocationHelper.invokeMethod(MethodInvocationHelper.java:141)
at org.testng.internal.invokers.TestInvoker.invokeMethod(TestInvoker.java:687)
at org.testng.internal.invokers.TestInvoker.invokeTestMethod(TestInvoker.java:230)
at org.testng.internal.invokers.MethodRunner.runInSequence(MethodRunner.java:63)
at org.testng.internal.invokers.TestInvoker$MethodInvocationAgent.invoke(TestInvoker.java:995)
at org.testng.internal.invokers.TestInvoker.invokeTestMethods(TestInvoker.java:203)
at org.testng.internal.invokers.TestMethodWorker.invokeTestMethods(TestMethodWorker.java:154)
at org.testng.internal.invokers.TestMethodWorker.run(TestMethodWorker.java:134)
at java.base/java.util.ArrayList.forEach(ArrayList.java:1604)
at org.testng.TestRunner.privateRun(TestRunner.java:741)
at org.testng.TestRunner.run(TestRunner.java:616)
at org.testng.SuiteRunner.runTest(SuiteRunner.java:421)
at org.testng.SuiteRunner.runSequentially(SuiteRunner.java:413)
at org.testng.SuiteRunner.privateRun(SuiteRunner.java:373)
at org.testng.SuiteRunner.run(SuiteRunner.java:312)
at org.testng.SuiteRunnerWorker.runSuite(SuiteRunnerWorker.java:52)
at org.testng.SuiteRunnerWorker.run(SuiteRunnerWorker.java:95)
at org.testng.TestNG.runSuitesSequentially(TestNG.java:1274)
at org.testng.TestNG.runSuitesLocally(TestNG.java:1208)
at org.testng.TestNG.runSuites(TestNG.java:1112)
at org.testng.TestNG.run(TestNG.java:1079)
at org.testng.remote.AbstractRemoteTestNG.run(AbstractRemoteTestNG.java:115)
at org.testng.remote.RemoteTestNG.initAndRun(RemoteTestNG.java:293)
at org.testng.remote.RemoteTestNG.main(RemoteTestNG.java:91)
]]>
            </full-stacktrace>
          </exception> <!-- org.openqa.selenium.ElementClickInterceptedException -->
          <reporter-output>
          </reporter-output>
        </test-method> <!-- test_6_2_MultipleTextAreas -->
        <test-method signature="test_7_1_NormalAlert()[pri:16, instance:com.practice.QAPractice.QaPractice@3349e9bb]" started-at="٢٠٢٦-٠٦-٠٢T١٣:٥٣:٣٤ IDT" name="test_7_1_NormalAlert" finished-at="٢٠٢٦-٠٦-٠٢T١٣:٥٣:٣٦ IDT" duration-ms="2103" status="PASS">
          <reporter-output>
          </reporter-output>
        </test-method> <!-- test_7_1_NormalAlert -->
        <test-method signature="test_7_2_ConfirmBox(boolean,boolean,java.lang.String)[pri:17, instance:com.practice.QAPractice.QaPractice@3349e9bb]" started-at="٢٠٢٦-٠٦-٠٢T١٣:٥٣:٣٦ IDT" name="test_7_2_ConfirmBox" data-provider="confirmBoxData" finished-at="٢٠٢٦-٠٦-٠٢T١٣:٥٣:٣٨ IDT" duration-ms="1847" status="PASS">
          <params>
            <param index="0">
              <value>
                <![CDATA[true]]>
              </value>
            </param>
            <param index="1">
              <value>
                <![CDATA[true]]>
              </value>
            </param>
            <param index="2">
              <value>
                <![CDATA[valid - accept confirm box]]>
              </value>
            </param>
          </params>
          <reporter-output>
          </reporter-output>
        </test-method> <!-- test_7_2_ConfirmBox -->
        <test-method signature="test_7_2_ConfirmBox(boolean,boolean,java.lang.String)[pri:17, instance:com.practice.QAPractice.QaPractice@3349e9bb]" started-at="٢٠٢٦-٠٦-٠٢T١٣:٥٣:٣٨ IDT" name="test_7_2_ConfirmBox" data-provider="confirmBoxData" finished-at="٢٠٢٦-٠٦-٠٢T١٣:٥٣:٤٠ IDT" duration-ms="1848" status="PASS">
          <params>
            <param index="0">
              <value>
                <![CDATA[false]]>
              </value>
            </param>
            <param index="1">
              <value>
                <![CDATA[true]]>
              </value>
            </param>
            <param index="2">
              <value>
                <![CDATA[valid - dismiss confirm box]]>
              </value>
            </param>
          </params>
          <reporter-output>
          </reporter-output>
        </test-method> <!-- test_7_2_ConfirmBox -->
        <test-method signature="test_7_3_PromptBox(java.lang.String,boolean,boolean,java.lang.String)[pri:18, instance:com.practice.QAPractice.QaPractice@3349e9bb]" started-at="٢٠٢٦-٠٦-٠٢T١٣:٥٣:٤٠ IDT" name="test_7_3_PromptBox" data-provider="promptBoxData" finished-at="٢٠٢٦-٠٦-٠٢T١٣:٥٣:٤٢ IDT" duration-ms="1858" status="PASS">
          <params>
            <param index="0">
              <value>
                <![CDATA[This is normal string]]>
              </value>
            </param>
            <param index="1">
              <value>
                <![CDATA[true]]>
              </value>
            </param>
            <param index="2">
              <value>
                <![CDATA[true]]>
              </value>
            </param>
            <param index="3">
              <value>
                <![CDATA[valid - normal string accepted]]>
              </value>
            </param>
          </params>
          <reporter-output>
          </reporter-output>
        </test-method> <!-- test_7_3_PromptBox -->
        <test-method signature="test_7_3_PromptBox(java.lang.String,boolean,boolean,java.lang.String)[pri:18, instance:com.practice.QAPractice.QaPractice@3349e9bb]" started-at="٢٠٢٦-٠٦-٠٢T١٣:٥٣:٤٢ IDT" name="test_7_3_PromptBox" data-provider="promptBoxData" finished-at="٢٠٢٦-٠٦-٠٢T١٣:٥٣:٤٣ IDT" duration-ms="1859" status="FAIL">
          <params>
            <param index="0">
              <value>
                <![CDATA[]]>
              </value>
            </param>
            <param index="1">
              <value>
                <![CDATA[true]]>
              </value>
            </param>
            <param index="2">
              <value>
                <![CDATA[false]]>
              </value>
            </param>
            <param index="3">
              <value>
                <![CDATA[invalid - empty string]]>
              </value>
            </param>
          </params>
          <exception class="java.lang.AssertionError">
            <message>
              <![CDATA[Expected ERROR message but non found expected [true] but found [false]]]>
            </message>
            <full-stacktrace>
              <![CDATA[java.lang.AssertionError: Expected ERROR message but non found expected [true] but found [false]
at org.testng.Assert.fail(Assert.java:111)
at org.testng.Assert.failNotEquals(Assert.java:1590)
at org.testng.Assert.assertTrue(Assert.java:57)
at com.practice.QAPractice.QaPractice.assertResult(QaPractice.java:18)
at com.practice.QAPractice.QaPractice.test_7_3_PromptBox(QaPractice.java:452)
at java.base/jdk.internal.reflect.DirectMethodHandleAccessor.invoke(DirectMethodHandleAccessor.java:104)
at java.base/java.lang.reflect.Method.invoke(Method.java:565)
at org.testng.internal.invokers.MethodInvocationHelper.invokeMethod(MethodInvocationHelper.java:141)
at org.testng.internal.invokers.TestInvoker.invokeMethod(TestInvoker.java:687)
at org.testng.internal.invokers.TestInvoker.invokeTestMethod(TestInvoker.java:230)
at org.testng.internal.invokers.MethodRunner.runInSequence(MethodRunner.java:63)
at org.testng.internal.invokers.TestInvoker$MethodInvocationAgent.invoke(TestInvoker.java:995)
at org.testng.internal.invokers.TestInvoker.invokeTestMethods(TestInvoker.java:203)
at org.testng.internal.invokers.TestMethodWorker.invokeTestMethods(TestMethodWorker.java:154)
at org.testng.internal.invokers.TestMethodWorker.run(TestMethodWorker.java:134)
at java.base/java.util.ArrayList.forEach(ArrayList.java:1604)
at org.testng.TestRunner.privateRun(TestRunner.java:741)
at org.testng.TestRunner.run(TestRunner.java:616)
at org.testng.SuiteRunner.runTest(SuiteRunner.java:421)
at org.testng.SuiteRunner.runSequentially(SuiteRunner.java:413)
at org.testng.SuiteRunner.privateRun(SuiteRunner.java:373)
at org.testng.SuiteRunner.run(SuiteRunner.java:312)
at org.testng.SuiteRunnerWorker.runSuite(SuiteRunnerWorker.java:52)
at org.testng.SuiteRunnerWorker.run(SuiteRunnerWorker.java:95)
at org.testng.TestNG.runSuitesSequentially(TestNG.java:1274)
at org.testng.TestNG.runSuitesLocally(TestNG.java:1208)
at org.testng.TestNG.runSuites(TestNG.java:1112)
at org.testng.TestNG.run(TestNG.java:1079)
at org.testng.remote.AbstractRemoteTestNG.run(AbstractRemoteTestNG.java:115)
at org.testng.remote.RemoteTestNG.initAndRun(RemoteTestNG.java:293)
at org.testng.remote.RemoteTestNG.main(RemoteTestNG.java:91)
]]>
            </full-stacktrace>
          </exception> <!-- java.lang.AssertionError -->
          <reporter-output>
          </reporter-output>
        </test-method> <!-- test_7_3_PromptBox -->
        <test-method signature="test_7_3_PromptBox(java.lang.String,boolean,boolean,java.lang.String)[pri:18, instance:com.practice.QAPractice.QaPractice@3349e9bb]" started-at="٢٠٢٦-٠٦-٠٢T١٣:٥٣:٤٣ IDT" name="test_7_3_PromptBox" data-provider="promptBoxData" finished-at="٢٠٢٦-٠٦-٠٢T١٣:٥٣:٤٥ IDT" duration-ms="1995" status="PASS">
          <params>
            <param index="0">
              <value is-null="true"/>
            </param>
            <param index="1">
              <value>
                <![CDATA[false]]>
              </value>
            </param>
            <param index="2">
              <value>
                <![CDATA[true]]>
              </value>
            </param>
            <param index="3">
              <value>
                <![CDATA[valid - prompt dismissed]]>
              </value>
            </param>
          </params>
          <reporter-output>
          </reporter-output>
        </test-method> <!-- test_7_3_PromptBox -->
        <test-method is-config="true" signature="tearDown()[pri:0, instance:com.practice.QAPractice.QaPractice@3349e9bb]" started-at="٢٠٢٦-٠٦-٠٢T١٣:٥٣:٤٦ IDT" name="tearDown" finished-at="٢٠٢٦-٠٦-٠٢T١٣:٥٣:٤٦ IDT" duration-ms="303" status="PASS">
          <reporter-output>
          </reporter-output>
        </test-method> <!-- tearDown -->
      </class> <!-- com.practice.QAPractice.QaPractice -->
    </test> <!-- Default test -->
  </suite> <!-- Default suite -->
</testng-results>
