<?xml version="1.0" encoding="UTF-8"?>
<!-- Generated by org.testng.reporters.JUnitReportReporter -->
<testsuite hostname="DESKTOP-3J0MIIV" failures="14" tests="127" name="com.practice.QAPractice.QaPractice" time="٣٥٥.٣١٩" errors="4" timestamp="٢٠٢٦-٠٦-٠٢T١٣:٥٣:٤٦ IDT" skipped="0">
  <testcase classname="com.practice.QAPractice.QaPractice" name="test_1_1_NormalText" time="٢.٢٩٤"/>
  <testcase classname="com.practice.QAPractice.QaPractice" name="test_1_1_NormalText" time="٢.٣٩٩">
    <failure message="Expected SUCCESS message but non found expected [true] but found [false]" type="java.lang.AssertionError">
      <![CDATA[java.lang.AssertionError: Expected SUCCESS message but non found expected [true] but found [false]
at org.testng.Assert.fail(Assert.java:111)
at org.testng.Assert.failNotEquals(Assert.java:1590)
at org.testng.Assert.assertTrue(Assert.java:57)
at com.practice.QAPractice.QaPractice.assertResult(QaPractice.java:16)
at com.practice.QAPractice.QaPractice.test_1_1_NormalText(QaPractice.java:43)
at java.base/jdk.internal.reflect.DirectMethodHandleAccessor.invoke(DirectMethodHandleAccessor.java:104)
at java.base/java.lang.reflect.Method.invoke(Method.java:565)
at org.testng.internal.invokers.MethodInvocationHelper.invokeMethod(MethodInvocationHelper.java:141)
at org.testng.internal.invokers.TestInvoker.invokeMethod(TestInvoker.java:687)
at org.testng.internal.invokers.TestInvoker.invokeTestMethod(TestInvoker.java:230)
at org.testng.internal.invokers.MethodRunner.runInSequence(MethodRunner.java:63)
at org.testng.internal.invokers.TestInvoker$MethodInvocationAgent.invoke(TestInvoker.java:995)
at org.testng.internal.invokers.TestInvoker.invokeTestMethods(TestInvoker.java:203)
at org.testng.internal.invokers.TestMethodWorker.invokeTestMethods(TestMethodWorker.java:154)
at org.testng.internal.invokers.TestMethodWorker.run(TestMethodWorker.java:134)
at java.base/java.util.ArrayList.forEach(ArrayList.java:1604)
at org.testng.TestRunner.privateRun(TestRunner.java:741)
at org.testng.TestRunner.run(TestRunner.java:616)
at org.testng.SuiteRunner.runTest(SuiteRunner.java:421)
at org.testng.SuiteRunner.runSequentially(SuiteRunner.java:413)
at org.testng.SuiteRunner.privateRun(SuiteRunner.java:373)
at org.testng.SuiteRunner.run(SuiteRunner.java:312)
at org.testng.SuiteRunnerWorker.runSuite(SuiteRunnerWorker.java:52)
at org.testng.SuiteRunnerWorker.run(SuiteRunnerWorker.java:95)
at org.testng.TestNG.runSuitesSequentially(TestNG.java:1274)
at org.testng.TestNG.runSuitesLocally(TestNG.java:1208)
at org.testng.TestNG.runSuites(TestNG.java:1112)
at org.testng.TestNG.run(TestNG.java:1079)
at org.testng.remote.AbstractRemoteTestNG.run(AbstractRemoteTestNG.java:115)
at org.testng.remote.RemoteTestNG.initAndRun(RemoteTestNG.java:293)
at org.testng.remote.RemoteTestNG.main(RemoteTestNG.java:91)
]]>
    </failure>
  </testcase> <!-- test_1_1_NormalText -->
  <testcase classname="com.practice.QAPractice.QaPractice" name="test_1_1_NormalText" time="٢.١٨٩"/>
  <testcase classname="com.practice.QAPractice.QaPractice" name="test_1_1_NormalText" time="٢.١٣٤">
    <failure message="Expected ERROR message but non found expected [true] but found [false]" type="java.lang.AssertionError">
      <![CDATA[java.lang.AssertionError: Expected ERROR message but non found expected [true] but found [false]
at org.testng.Assert.fail(Assert.java:111)
at org.testng.Assert.failNotEquals(Assert.java:1590)
at org.testng.Assert.assertTrue(Assert.java:57)
at com.practice.QAPractice.QaPractice.assertResult(QaPractice.java:18)
at com.practice.QAPractice.QaPractice.test_1_1_NormalText(QaPractice.java:43)
at java.base/jdk.internal.reflect.DirectMethodHandleAccessor.invoke(DirectMethodHandleAccessor.java:104)
at java.base/java.lang.reflect.Method.invoke(Method.java:565)
at org.testng.internal.invokers.MethodInvocationHelper.invokeMethod(MethodInvocationHelper.java:141)
at org.testng.internal.invokers.TestInvoker.invokeMethod(TestInvoker.java:687)
at org.testng.internal.invokers.TestInvoker.invokeTestMethod(TestInvoker.java:230)
at org.testng.internal.invokers.MethodRunner.runInSequence(MethodRunner.java:63)
at org.testng.internal.invokers.TestInvoker$MethodInvocationAgent.invoke(TestInvoker.java:995)
at org.testng.internal.invokers.TestInvoker.invokeTestMethods(TestInvoker.java:203)
at org.testng.internal.invokers.TestMethodWorker.invokeTestMethods(TestMethodWorker.java:154)
at org.testng.internal.invokers.TestMethodWorker.run(TestMethodWorker.java:134)
at java.base/java.util.ArrayList.forEach(ArrayList.java:1604)
at org.testng.TestRunner.privateRun(TestRunner.java:741)
at org.testng.TestRunner.run(TestRunner.java:616)
at org.testng.SuiteRunner.runTest(SuiteRunner.java:421)
at org.testng.SuiteRunner.runSequentially(SuiteRunner.java:413)
at org.testng.SuiteRunner.privateRun(SuiteRunner.java:373)
at org.testng.SuiteRunner.run(SuiteRunner.java:312)
at org.testng.SuiteRunnerWorker.runSuite(SuiteRunnerWorker.java:52)
at org.testng.SuiteRunnerWorker.run(SuiteRunnerWorker.java:95)
at org.testng.TestNG.runSuitesSequentially(TestNG.java:1274)
at org.testng.TestNG.runSuitesLocally(TestNG.java:1208)
at org.testng.TestNG.runSuites(TestNG.java:1112)
at org.testng.TestNG.run(TestNG.java:1079)
at org.testng.remote.AbstractRemoteTestNG.run(AbstractRemoteTestNG.java:115)
at org.testng.remote.RemoteTestNG.initAndRun(RemoteTestNG.java:293)
at org.testng.remote.RemoteTestNG.main(RemoteTestNG.java:91)
]]>
    </failure>
  </testcase> <!-- test_1_1_NormalText -->
  <testcase classname="com.practice.QAPractice.QaPractice" name="test_1_1_NormalText" time="٢.١١٢"/>
  <testcase classname="com.practice.QAPractice.QaPractice" name="test_1_1_NormalText" time="٢.١٢٣"/>
  <testcase classname="com.practice.QAPractice.QaPractice" name="test_1_1_NormalText" time="٢.٣٩٩"/>
  <testcase classname="com.practice.QAPractice.QaPractice" name="test_1_1_NormalText" time="٢.١٥٦"/>
  <testcase classname="com.practice.QAPractice.QaPractice" name="test_1_1_NormalText" time="٢.٣٨٩"/>
  <testcase classname="com.practice.QAPractice.QaPractice" name="test_1_1_NormalText" time="٢.٥٤٢"/>
  <testcase classname="com.practice.QAPractice.QaPractice" name="test_1_2_EmailField" time="٢.١٥٤"/>
  <testcase classname="com.practice.QAPractice.QaPractice" name="test_1_2_EmailField" time="٢.١١٥"/>
  <testcase classname="com.practice.QAPractice.QaPractice" name="test_1_2_EmailField" time="٢.٢١٦"/>
  <testcase classname="com.practice.QAPractice.QaPractice" name="test_1_2_EmailField" time="٢.١٤٧"/>
  <testcase classname="com.practice.QAPractice.QaPractice" name="test_1_2_EmailField" time="٢.١٠٥"/>
  <testcase classname="com.practice.QAPractice.QaPractice" name="test_1_2_EmailField" time="٢.٣٦٣"/>
  <testcase classname="com.practice.QAPractice.QaPractice" name="test_1_2_EmailField" time="٢.٠٨٣">
    <failure message="Expected ERROR message but non found expected [true] but found [false]" type="java.lang.AssertionError">
      <![CDATA[java.lang.AssertionError: Expected ERROR message but non found expected [true] but found [false]
at org.testng.Assert.fail(Assert.java:111)
at org.testng.Assert.failNotEquals(Assert.java:1590)
at org.testng.Assert.assertTrue(Assert.java:57)
at com.practice.QAPractice.QaPractice.assertResult(QaPractice.java:18)
at com.practice.QAPractice.QaPractice.test_1_2_EmailField(QaPractice.java:69)
at java.base/jdk.internal.reflect.DirectMethodHandleAccessor.invoke(DirectMethodHandleAccessor.java:104)
at java.base/java.lang.reflect.Method.invoke(Method.java:565)
at org.testng.internal.invokers.MethodInvocationHelper.invokeMethod(MethodInvocationHelper.java:141)
at org.testng.internal.invokers.TestInvoker.invokeMethod(TestInvoker.java:687)
at org.testng.internal.invokers.TestInvoker.invokeTestMethod(TestInvoker.java:230)
at org.testng.internal.invokers.MethodRunner.runInSequence(MethodRunner.java:63)
at org.testng.internal.invokers.TestInvoker$MethodInvocationAgent.invoke(TestInvoker.java:995)
at org.testng.internal.invokers.TestInvoker.invokeTestMethods(TestInvoker.java:203)
at org.testng.internal.invokers.TestMethodWorker.invokeTestMethods(TestMethodWorker.java:154)
at org.testng.internal.invokers.TestMethodWorker.run(TestMethodWorker.java:134)
at java.base/java.util.ArrayList.forEach(ArrayList.java:1604)
at org.testng.TestRunner.privateRun(TestRunner.java:741)
at org.testng.TestRunner.run(TestRunner.java:616)
at org.testng.SuiteRunner.runTest(SuiteRunner.java:421)
at org.testng.SuiteRunner.runSequentially(SuiteRunner.java:413)
at org.testng.SuiteRunner.privateRun(SuiteRunner.java:373)
at org.testng.SuiteRunner.run(SuiteRunner.java:312)
at org.testng.SuiteRunnerWorker.runSuite(SuiteRunnerWorker.java:52)
at org.testng.SuiteRunnerWorker.run(SuiteRunnerWorker.java:95)
at org.testng.TestNG.runSuitesSequentially(TestNG.java:1274)
at org.testng.TestNG.runSuitesLocally(TestNG.java:1208)
at org.testng.TestNG.runSuites(TestNG.java:1112)
at org.testng.TestNG.run(TestNG.java:1079)
at org.testng.remote.AbstractRemoteTestNG.run(AbstractRemoteTestNG.java:115)
at org.testng.remote.RemoteTestNG.initAndRun(RemoteTestNG.java:293)
at org.testng.remote.RemoteTestNG.main(RemoteTestNG.java:91)
]]>
    </failure>
  </testcase> <!-- test_1_2_EmailField -->
  <testcase classname="com.practice.QAPractice.QaPractice" name="test_1_2_EmailField" time="٢.٠٩٦"/>
  <testcase classname="com.practice.QAPractice.QaPractice" name="test_1_2_EmailField" time="٢.١٩٨"/>
  <testcase classname="com.practice.QAPractice.QaPractice" name="test_1_2_EmailField" time="٢.٣٢٩"/>
  <testcase classname="com.practice.QAPractice.QaPractice" name="test_1_3_PasswordField" time="٢.١٤٩"/>
  <testcase classname="com.practice.QAPractice.QaPractice" name="test_1_3_PasswordField" time="٢.٣٣٢"/>
  <testcase classname="com.practice.QAPractice.QaPractice" name="test_1_3_PasswordField" time="١.٩٤١">
    <failure message="Expected ERROR message but non found expected [true] but found [false]" type="java.lang.AssertionError">
      <![CDATA[java.lang.AssertionError: Expected ERROR message but non found expected [true] but found [false]
at org.testng.Assert.fail(Assert.java:111)
at org.testng.Assert.failNotEquals(Assert.java:1590)
at org.testng.Assert.assertTrue(Assert.java:57)
at com.practice.QAPractice.QaPractice.assertResult(QaPractice.java:18)
at com.practice.QAPractice.QaPractice.test_1_3_PasswordField(QaPractice.java:94)
at java.base/jdk.internal.reflect.DirectMethodHandleAccessor.invoke(DirectMethodHandleAccessor.java:104)
at java.base/java.lang.reflect.Method.invoke(Method.java:565)
at org.testng.internal.invokers.MethodInvocationHelper.invokeMethod(MethodInvocationHelper.java:141)
at org.testng.internal.invokers.TestInvoker.invokeMethod(TestInvoker.java:687)
at org.testng.internal.invokers.TestInvoker.invokeTestMethod(TestInvoker.java:230)
at org.testng.internal.invokers.MethodRunner.runInSequence(MethodRunner.java:63)
at org.testng.internal.invokers.TestInvoker$MethodInvocationAgent.invoke(TestInvoker.java:995)
at org.testng.internal.invokers.TestInvoker.invokeTestMethods(TestInvoker.java:203)
at org.testng.internal.invokers.TestMethodWorker.invokeTestMethods(TestMethodWorker.java:154)
at org.testng.internal.invokers.TestMethodWorker.run(TestMethodWorker.java:134)
at java.base/java.util.ArrayList.forEach(ArrayList.java:1604)
at org.testng.TestRunner.privateRun(TestRunner.java:741)
at org.testng.TestRunner.run(TestRunner.java:616)
at org.testng.SuiteRunner.runTest(SuiteRunner.java:421)
at org.testng.SuiteRunner.runSequentially(SuiteRunner.java:413)
at org.testng.SuiteRunner.privateRun(SuiteRunner.java:373)
at org.testng.SuiteRunner.run(SuiteRunner.java:312)
at org.testng.SuiteRunnerWorker.runSuite(SuiteRunnerWorker.java:52)
at org.testng.SuiteRunnerWorker.run(SuiteRunnerWorker.java:95)
at org.testng.TestNG.runSuitesSequentially(TestNG.java:1274)
at org.testng.TestNG.runSuitesLocally(TestNG.java:1208)
at org.testng.TestNG.runSuites(TestNG.java:1112)
at org.testng.TestNG.run(TestNG.java:1079)
at org.testng.remote.AbstractRemoteTestNG.run(AbstractRemoteTestNG.java:115)
at org.testng.remote.RemoteTestNG.initAndRun(RemoteTestNG.java:293)
at org.testng.remote.RemoteTestNG.main(RemoteTestNG.java:91)
]]>
    </failure>
  </testcase> <!-- test_1_3_PasswordField -->
  <testcase classname="com.practice.QAPractice.QaPractice" name="test_1_3_PasswordField" time="٢.١٧٧"/>
  <testcase classname="com.practice.QAPractice.QaPractice" name="test_1_3_PasswordField" time="٢.٢٢٧"/>
  <testcase classname="com.practice.QAPractice.QaPractice" name="test_1_3_PasswordField" time="٢.٤٦٠"/>
  <testcase classname="com.practice.QAPractice.QaPractice" name="test_1_3_PasswordField" time="٢.٣٨٧"/>
  <testcase classname="com.practice.QAPractice.QaPractice" name="test_1_3_PasswordField" time="٢.١٥٦"/>
  <testcase classname="com.practice.QAPractice.QaPractice" name="test_1_3_PasswordField" time="٢.١٦١"/>
  <testcase classname="com.practice.QAPractice.QaPractice" name="test_1_3_PasswordField" time="٢.١٧٤"/>
  <testcase classname="com.practice.QAPractice.QaPractice" name="test_2_1_SimpleButton" time="١.٦٠٢"/>
  <testcase classname="com.practice.QAPractice.QaPractice" name="test_2_2_LooksLikeButton" time="١.٦٨٨"/>
  <testcase classname="com.practice.QAPractice.QaPractice" name="test_2_3_DisabledButton" time="٢.٢١٦"/>
  <testcase classname="com.practice.QAPractice.QaPractice" name="test_3_1_SingleCheckbox" time="٢.١٥٦"/>
  <testcase classname="com.practice.QAPractice.QaPractice" name="test_3_1_SingleCheckbox" time="١.٦٣٩">
    <failure message="Expected ERROR message but non found expected [true] but found [false]" type="java.lang.AssertionError">
      <![CDATA[java.lang.AssertionError: Expected ERROR message but non found expected [true] but found [false]
at org.testng.Assert.fail(Assert.java:111)
at org.testng.Assert.failNotEquals(Assert.java:1590)
at org.testng.Assert.assertTrue(Assert.java:57)
at com.practice.QAPractice.QaPractice.assertResult(QaPractice.java:18)
at com.practice.QAPractice.QaPractice.test_3_1_SingleCheckbox(QaPractice.java:159)
at java.base/jdk.internal.reflect.DirectMethodHandleAccessor.invoke(DirectMethodHandleAccessor.java:104)
at java.base/java.lang.reflect.Method.invoke(Method.java:565)
at org.testng.internal.invokers.MethodInvocationHelper.invokeMethod(MethodInvocationHelper.java:141)
at org.testng.internal.invokers.TestInvoker.invokeMethod(TestInvoker.java:687)
at org.testng.internal.invokers.TestInvoker.invokeTestMethod(TestInvoker.java:230)
at org.testng.internal.invokers.MethodRunner.runInSequence(MethodRunner.java:63)
at org.testng.internal.invokers.TestInvoker$MethodInvocationAgent.invoke(TestInvoker.java:995)
at org.testng.internal.invokers.TestInvoker.invokeTestMethods(TestInvoker.java:203)
at org.testng.internal.invokers.TestMethodWorker.invokeTestMethods(TestMethodWorker.java:154)
at org.testng.internal.invokers.TestMethodWorker.run(TestMethodWorker.java:134)
at java.base/java.util.ArrayList.forEach(ArrayList.java:1604)
at org.testng.TestRunner.privateRun(TestRunner.java:741)
at org.testng.TestRunner.run(TestRunner.java:616)
at org.testng.SuiteRunner.runTest(SuiteRunner.java:421)
at org.testng.SuiteRunner.runSequentially(SuiteRunner.java:413)
at org.testng.SuiteRunner.privateRun(SuiteRunner.java:373)
at org.testng.SuiteRunner.run(SuiteRunner.java:312)
at org.testng.SuiteRunnerWorker.runSuite(SuiteRunnerWorker.java:52)
at org.testng.SuiteRunnerWorker.run(SuiteRunnerWorker.java:95)
at org.testng.TestNG.runSuitesSequentially(TestNG.java:1274)
at org.testng.TestNG.runSuitesLocally(TestNG.java:1208)
at org.testng.TestNG.runSuites(TestNG.java:1112)
at org.testng.TestNG.run(TestNG.java:1079)
at org.testng.remote.AbstractRemoteTestNG.run(AbstractRemoteTestNG.java:115)
at org.testng.remote.RemoteTestNG.initAndRun(RemoteTestNG.java:293)
at org.testng.remote.RemoteTestNG.main(RemoteTestNG.java:91)
]]>
    </failure>
  </testcase> <!-- test_3_1_SingleCheckbox -->
  <testcase classname="com.practice.QAPractice.QaPractice" name="test_3_2_MultiCheckbox" time="٢.١٤٣"/>
  <testcase classname="com.practice.QAPractice.QaPractice" name="test_3_2_MultiCheckbox" time="٣.٢٨٥"/>
  <testcase classname="com.practice.QAPractice.QaPractice" name="test_3_2_MultiCheckbox" time="١.٦٦١">
    <failure message="Expected ERROR message but non found expected [true] but found [false]" type="java.lang.AssertionError">
      <![CDATA[java.lang.AssertionError: Expected ERROR message but non found expected [true] but found [false]
at org.testng.Assert.fail(Assert.java:111)
at org.testng.Assert.failNotEquals(Assert.java:1590)
at org.testng.Assert.assertTrue(Assert.java:57)
at com.practice.QAPractice.QaPractice.assertResult(QaPractice.java:18)
at com.practice.QAPractice.QaPractice.test_3_2_MultiCheckbox(QaPractice.java:196)
at java.base/jdk.internal.reflect.DirectMethodHandleAccessor.invoke(DirectMethodHandleAccessor.java:104)
at java.base/java.lang.reflect.Method.invoke(Method.java:565)
at org.testng.internal.invokers.MethodInvocationHelper.invokeMethod(MethodInvocationHelper.java:141)
at org.testng.internal.invokers.TestInvoker.invokeMethod(TestInvoker.java:687)
at org.testng.internal.invokers.TestInvoker.invokeTestMethod(TestInvoker.java:230)
at org.testng.internal.invokers.MethodRunner.runInSequence(MethodRunner.java:63)
at org.testng.internal.invokers.TestInvoker$MethodInvocationAgent.invoke(TestInvoker.java:995)
at org.testng.internal.invokers.TestInvoker.invokeTestMethods(TestInvoker.java:203)
at org.testng.internal.invokers.TestMethodWorker.invokeTestMethods(TestMethodWorker.java:154)
at org.testng.internal.invokers.TestMethodWorker.run(TestMethodWorker.java:134)
at java.base/java.util.ArrayList.forEach(ArrayList.java:1604)
at org.testng.TestRunner.privateRun(TestRunner.java:741)
at org.testng.TestRunner.run(TestRunner.java:616)
at org.testng.SuiteRunner.runTest(SuiteRunner.java:421)
at org.testng.SuiteRunner.runSequentially(SuiteRunner.java:413)
at org.testng.SuiteRunner.privateRun(SuiteRunner.java:373)
at org.testng.SuiteRunner.run(SuiteRunner.java:312)
at org.testng.SuiteRunnerWorker.runSuite(SuiteRunnerWorker.java:52)
at org.testng.SuiteRunnerWorker.run(SuiteRunnerWorker.java:95)
at org.testng.TestNG.runSuitesSequentially(TestNG.java:1274)
at org.testng.TestNG.runSuitesLocally(TestNG.java:1208)
at org.testng.TestNG.runSuites(TestNG.java:1112)
at org.testng.TestNG.run(TestNG.java:1079)
at org.testng.remote.AbstractRemoteTestNG.run(AbstractRemoteTestNG.java:115)
at org.testng.remote.RemoteTestNG.initAndRun(RemoteTestNG.java:293)
at org.testng.remote.RemoteTestNG.main(RemoteTestNG.java:91)
]]>
    </failure>
  </testcase> <!-- test_3_2_MultiCheckbox -->
  <testcase classname="com.practice.QAPractice.QaPractice" name="test_3_2_MultiCheckbox" time="٢.٢١٦"/>
  <testcase classname="com.practice.QAPractice.QaPractice" name="test_3_2_MultiCheckbox" time="٢.٧٥٠"/>
  <testcase classname="com.practice.QAPractice.QaPractice" name="test_3_2_MultiCheckbox" time="١.٩٢٦"/>
  <testcase classname="com.practice.QAPractice.QaPractice" name="test_3_2_MultiCheckbox" time="٢.٧٧٣"/>
  <testcase classname="com.practice.QAPractice.QaPractice" name="test_3_2_MultiCheckbox" time="٢.٤٩٧"/>
  <testcase classname="com.practice.QAPractice.QaPractice" name="test_4_1_SingleSelect" time="١.٩٦٣"/>
  <testcase classname="com.practice.QAPractice.QaPractice" name="test_4_1_SingleSelect" time="١.٩٥٠"/>
  <testcase classname="com.practice.QAPractice.QaPractice" name="test_4_1_SingleSelect" time="٢.٢٥١"/>
  <testcase classname="com.practice.QAPractice.QaPractice" name="test_4_1_SingleSelect" time="٢.١٢١">
    <failure message="Expected ERROR message but non found expected [true] but found [false]" type="java.lang.AssertionError">
      <![CDATA[java.lang.AssertionError: Expected ERROR message but non found expected [true] but found [false]
at org.testng.Assert.fail(Assert.java:111)
at org.testng.Assert.failNotEquals(Assert.java:1590)
at org.testng.Assert.assertTrue(Assert.java:57)
at com.practice.QAPractice.QaPractice.assertResult(QaPractice.java:18)
at com.practice.QAPractice.QaPractice.test_4_1_SingleSelect(QaPractice.java:223)
at java.base/jdk.internal.reflect.DirectMethodHandleAccessor.invoke(DirectMethodHandleAccessor.java:104)
at java.base/java.lang.reflect.Method.invoke(Method.java:565)
at org.testng.internal.invokers.MethodInvocationHelper.invokeMethod(MethodInvocationHelper.java:141)
at org.testng.internal.invokers.TestInvoker.invokeMethod(TestInvoker.java:687)
at org.testng.internal.invokers.TestInvoker.invokeTestMethod(TestInvoker.java:230)
at org.testng.internal.invokers.MethodRunner.runInSequence(MethodRunner.java:63)
at org.testng.internal.invokers.TestInvoker$MethodInvocationAgent.invoke(TestInvoker.java:995)
at org.testng.internal.invokers.TestInvoker.invokeTestMethods(TestInvoker.java:203)
at org.testng.internal.invokers.TestMethodWorker.invokeTestMethods(TestMethodWorker.java:154)
at org.testng.internal.invokers.TestMethodWorker.run(TestMethodWorker.java:134)
at java.base/java.util.ArrayList.forEach(ArrayList.java:1604)
at org.testng.TestRunner.privateRun(TestRunner.java:741)
at org.testng.TestRunner.run(TestRunner.java:616)
at org.testng.SuiteRunner.runTest(SuiteRunner.java:421)
at org.testng.SuiteRunner.runSequentially(SuiteRunner.java:413)
at org.testng.SuiteRunner.privateRun(SuiteRunner.java:373)
at org.testng.SuiteRunner.run(SuiteRunner.java:312)
at org.testng.SuiteRunnerWorker.runSuite(SuiteRunnerWorker.java:52)
at org.testng.SuiteRunnerWorker.run(SuiteRunnerWorker.java:95)
at org.testng.TestNG.runSuitesSequentially(TestNG.java:1274)
at org.testng.TestNG.runSuitesLocally(TestNG.java:1208)
at org.testng.TestNG.runSuites(TestNG.java:1112)
at org.testng.TestNG.run(TestNG.java:1079)
at org.testng.remote.AbstractRemoteTestNG.run(AbstractRemoteTestNG.java:115)
at org.testng.remote.RemoteTestNG.initAndRun(RemoteTestNG.java:293)
at org.testng.remote.RemoteTestNG.main(RemoteTestNG.java:91)
]]>
    </failure>
  </testcase> <!-- test_4_1_SingleSelect -->
  <testcase classname="com.practice.QAPractice.QaPractice" name="test_4_1_SingleSelect" time="٢.٢٢٨"/>
  <testcase classname="com.practice.QAPractice.QaPractice" name="test_4_1_SingleSelect" time="٢.٠٩٥"/>
  <testcase classname="com.practice.QAPractice.QaPractice" name="test_4_2_MultiSelectValidation" time="٢.٧٦٣">
    <failure message="Expected ERROR message but non found expected [true] but found [false]" type="java.lang.AssertionError">
      <![CDATA[java.lang.AssertionError: Expected ERROR message but non found expected [true] but found [false]
at org.testng.Assert.fail(Assert.java:111)
at org.testng.Assert.failNotEquals(Assert.java:1590)
at org.testng.Assert.assertTrue(Assert.java:57)
at com.practice.QAPractice.QaPractice.assertResult(QaPractice.java:18)
at com.practice.QAPractice.QaPractice.test_4_2_MultiSelectValidation(QaPractice.java:256)
at java.base/jdk.internal.reflect.DirectMethodHandleAccessor.invoke(DirectMethodHandleAccessor.java:104)
at java.base/java.lang.reflect.Method.invoke(Method.java:565)
at org.testng.internal.invokers.MethodInvocationHelper.invokeMethod(MethodInvocationHelper.java:141)
at org.testng.internal.invokers.TestInvoker.invokeMethod(TestInvoker.java:687)
at org.testng.internal.invokers.TestInvoker.invokeTestMethod(TestInvoker.java:230)
at org.testng.internal.invokers.MethodRunner.runInSequence(MethodRunner.java:63)
at org.testng.internal.invokers.TestInvoker$MethodInvocationAgent.invoke(TestInvoker.java:995)
at org.testng.internal.invokers.TestInvoker.invokeTestMethods(TestInvoker.java:203)
at org.testng.internal.invokers.TestMethodWorker.invokeTestMethods(TestMethodWorker.java:154)
at org.testng.internal.invokers.TestMethodWorker.run(TestMethodWorker.java:134)
at java.base/java.util.ArrayList.forEach(ArrayList.java:1604)
at org.testng.TestRunner.privateRun(TestRunner.java:741)
at org.testng.TestRunner.run(TestRunner.java:616)
at org.testng.SuiteRunner.runTest(SuiteRunner.java:421)
at org.testng.SuiteRunner.runSequentially(SuiteRunner.java:413)
at org.testng.SuiteRunner.privateRun(SuiteRunner.java:373)
at org.testng.SuiteRunner.run(SuiteRunner.java:312)
at org.testng.SuiteRunnerWorker.runSuite(SuiteRunnerWorker.java:52)
at org.testng.SuiteRunnerWorker.run(SuiteRunnerWorker.java:95)
at org.testng.TestNG.runSuitesSequentially(TestNG.java:1274)
at org.testng.TestNG.runSuitesLocally(TestNG.java:1208)
at org.testng.TestNG.runSuites(TestNG.java:1112)
at org.testng.TestNG.run(TestNG.java:1079)
at org.testng.remote.AbstractRemoteTestNG.run(AbstractRemoteTestNG.java:115)
at org.testng.remote.RemoteTestNG.initAndRun(RemoteTestNG.java:293)
at org.testng.remote.RemoteTestNG.main(RemoteTestNG.java:91)
]]>
    </failure>
  </testcase> <!-- test_4_2_MultiSelectValidation -->
  <testcase classname="com.practice.QAPractice.QaPractice" name="test_4_2_MultiSelectValidation" time="١.٤٠٠">
    <failure message="Expected ERROR message but non found expected [true] but found [false]" type="java.lang.AssertionError">
      <![CDATA[java.lang.AssertionError: Expected ERROR message but non found expected [true] but found [false]
at org.testng.Assert.fail(Assert.java:111)
at org.testng.Assert.failNotEquals(Assert.java:1590)
at org.testng.Assert.assertTrue(Assert.java:57)
at com.practice.QAPractice.QaPractice.assertResult(QaPractice.java:18)
at com.practice.QAPractice.QaPractice.test_4_2_MultiSelectValidation(QaPractice.java:256)
at java.base/jdk.internal.reflect.DirectMethodHandleAccessor.invoke(DirectMethodHandleAccessor.java:104)
at java.base/java.lang.reflect.Method.invoke(Method.java:565)
at org.testng.internal.invokers.MethodInvocationHelper.invokeMethod(MethodInvocationHelper.java:141)
at org.testng.internal.invokers.TestInvoker.invokeMethod(TestInvoker.java:687)
at org.testng.internal.invokers.TestInvoker.invokeTestMethod(TestInvoker.java:230)
at org.testng.internal.invokers.MethodRunner.runInSequence(MethodRunner.java:63)
at org.testng.internal.invokers.TestInvoker$MethodInvocationAgent.invoke(TestInvoker.java:995)
at org.testng.internal.invokers.TestInvoker.invokeTestMethods(TestInvoker.java:203)
at org.testng.internal.invokers.TestMethodWorker.invokeTestMethods(TestMethodWorker.java:154)
at org.testng.internal.invokers.TestMethodWorker.run(TestMethodWorker.java:134)
at java.base/java.util.ArrayList.forEach(ArrayList.java:1604)
at org.testng.TestRunner.privateRun(TestRunner.java:741)
at org.testng.TestRunner.run(TestRunner.java:616)
at org.testng.SuiteRunner.runTest(SuiteRunner.java:421)
at org.testng.SuiteRunner.runSequentially(SuiteRunner.java:413)
at org.testng.SuiteRunner.privateRun(SuiteRunner.java:373)
at org.testng.SuiteRunner.run(SuiteRunner.java:312)
at org.testng.SuiteRunnerWorker.runSuite(SuiteRunnerWorker.java:52)
at org.testng.SuiteRunnerWorker.run(SuiteRunnerWorker.java:95)
at org.testng.TestNG.runSuitesSequentially(TestNG.java:1274)
at org.testng.TestNG.runSuitesLocally(TestNG.java:1208)
at org.testng.TestNG.runSuites(TestNG.java:1112)
at org.testng.TestNG.run(TestNG.java:1079)
at org.testng.remote.AbstractRemoteTestNG.run(AbstractRemoteTestNG.java:115)
at org.testng.remote.RemoteTestNG.initAndRun(RemoteTestNG.java:293)
at org.testng.remote.RemoteTestNG.main(RemoteTestNG.java:91)
]]>
    </failure>
  </testcase> <!-- test_4_2_MultiSelectValidation -->
  <testcase classname="com.practice.QAPractice.QaPractice" name="test_4_2_MultiSelectValidation" time="٢.٦٨٠">
    <failure message="Expected ERROR message but non found expected [true] but found [false]" type="java.lang.AssertionError">
      <![CDATA[java.lang.AssertionError: Expected ERROR message but non found expected [true] but found [false]
at org.testng.Assert.fail(Assert.java:111)
at org.testng.Assert.failNotEquals(Assert.java:1590)
at org.testng.Assert.assertTrue(Assert.java:57)
at com.practice.QAPractice.QaPractice.assertResult(QaPractice.java:18)
at com.practice.QAPractice.QaPractice.test_4_2_MultiSelectValidation(QaPractice.java:256)
at java.base/jdk.internal.reflect.DirectMethodHandleAccessor.invoke(DirectMethodHandleAccessor.java:104)
at java.base/java.lang.reflect.Method.invoke(Method.java:565)
at org.testng.internal.invokers.MethodInvocationHelper.invokeMethod(MethodInvocationHelper.java:141)
at org.testng.internal.invokers.TestInvoker.invokeMethod(TestInvoker.java:687)
at org.testng.internal.invokers.TestInvoker.invokeTestMethod(TestInvoker.java:230)
at org.testng.internal.invokers.MethodRunner.runInSequence(MethodRunner.java:63)
at org.testng.internal.invokers.TestInvoker$MethodInvocationAgent.invoke(TestInvoker.java:995)
at org.testng.internal.invokers.TestInvoker.invokeTestMethods(TestInvoker.java:203)
at org.testng.internal.invokers.TestMethodWorker.invokeTestMethods(TestMethodWorker.java:154)
at org.testng.internal.invokers.TestMethodWorker.run(TestMethodWorker.java:134)
at java.base/java.util.ArrayList.forEach(ArrayList.java:1604)
at org.testng.TestRunner.privateRun(TestRunner.java:741)
at org.testng.TestRunner.run(TestRunner.java:616)
at org.testng.SuiteRunner.runTest(SuiteRunner.java:421)
at org.testng.SuiteRunner.runSequentially(SuiteRunner.java:413)
at org.testng.SuiteRunner.privateRun(SuiteRunner.java:373)
at org.testng.SuiteRunner.run(SuiteRunner.java:312)
at org.testng.SuiteRunnerWorker.runSuite(SuiteRunnerWorker.java:52)
at org.testng.SuiteRunnerWorker.run(SuiteRunnerWorker.java:95)
at org.testng.TestNG.runSuitesSequentially(TestNG.java:1274)
at org.testng.TestNG.runSuitesLocally(TestNG.java:1208)
at org.testng.TestNG.runSuites(TestNG.java:1112)
at org.testng.TestNG.run(TestNG.java:1079)
at org.testng.remote.AbstractRemoteTestNG.run(AbstractRemoteTestNG.java:115)
at org.testng.remote.RemoteTestNG.initAndRun(RemoteTestNG.java:293)
at org.testng.remote.RemoteTestNG.main(RemoteTestNG.java:91)
]]>
    </failure>
  </testcase> <!-- test_4_2_MultiSelectValidation -->
  <testcase classname="com.practice.QAPractice.QaPractice" name="test_4_2_MultiSelectValidation" time="٢.٠٦١">
    <failure message="Expected ERROR message but non found expected [true] but found [false]" type="java.lang.AssertionError">
      <![CDATA[java.lang.AssertionError: Expected ERROR message but non found expected [true] but found [false]
at org.testng.Assert.fail(Assert.java:111)
at org.testng.Assert.failNotEquals(Assert.java:1590)
at org.testng.Assert.assertTrue(Assert.java:57)
at com.practice.QAPractice.QaPractice.assertResult(QaPractice.java:18)
at com.practice.QAPractice.QaPractice.test_4_2_MultiSelectValidation(QaPractice.java:256)
at java.base/jdk.internal.reflect.DirectMethodHandleAccessor.invoke(DirectMethodHandleAccessor.java:104)
at java.base/java.lang.reflect.Method.invoke(Method.java:565)
at org.testng.internal.invokers.MethodInvocationHelper.invokeMethod(MethodInvocationHelper.java:141)
at org.testng.internal.invokers.TestInvoker.invokeMethod(TestInvoker.java:687)
at org.testng.internal.invokers.TestInvoker.invokeTestMethod(TestInvoker.java:230)
at org.testng.internal.invokers.MethodRunner.runInSequence(MethodRunner.java:63)
at org.testng.internal.invokers.TestInvoker$MethodInvocationAgent.invoke(TestInvoker.java:995)
at org.testng.internal.invokers.TestInvoker.invokeTestMethods(TestInvoker.java:203)
at org.testng.internal.invokers.TestMethodWorker.invokeTestMethods(TestMethodWorker.java:154)
at org.testng.internal.invokers.TestMethodWorker.run(TestMethodWorker.java:134)
at java.base/java.util.ArrayList.forEach(ArrayList.java:1604)
at org.testng.TestRunner.privateRun(TestRunner.java:741)
at org.testng.TestRunner.run(TestRunner.java:616)
at org.testng.SuiteRunner.runTest(SuiteRunner.java:421)
at org.testng.SuiteRunner.runSequentially(SuiteRunner.java:413)
at org.testng.SuiteRunner.privateRun(SuiteRunner.java:373)
at org.testng.SuiteRunner.run(SuiteRunner.java:312)
at org.testng.SuiteRunnerWorker.runSuite(SuiteRunnerWorker.java:52)
at org.testng.SuiteRunnerWorker.run(SuiteRunnerWorker.java:95)
at org.testng.TestNG.runSuitesSequentially(TestNG.java:1274)
at org.testng.TestNG.runSuitesLocally(TestNG.java:1208)
at org.testng.TestNG.runSuites(TestNG.java:1112)
at org.testng.TestNG.run(TestNG.java:1079)
at org.testng.remote.AbstractRemoteTestNG.run(AbstractRemoteTestNG.java:115)
at org.testng.remote.RemoteTestNG.initAndRun(RemoteTestNG.java:293)
at org.testng.remote.RemoteTestNG.main(RemoteTestNG.java:91)
]]>
    </failure>
  </testcase> <!-- test_4_2_MultiSelectValidation -->
  <testcase classname="com.practice.QAPractice.QaPractice" name="test_4_2_MultiSelectAllCombinations" time="٣.٢٧٣"/>
  <testcase classname="com.practice.QAPractice.QaPractice" name="test_4_2_MultiSelectAllCombinations" time="٣.٣٤٧"/>
  <testcase classname="com.practice.QAPractice.QaPractice" name="test_4_2_MultiSelectAllCombinations" time="٣.٣٥٠"/>
  <testcase classname="com.practice.QAPractice.QaPractice" name="test_4_2_MultiSelectAllCombinations" time="٣.٨٠٥"/>
  <testcase classname="com.practice.QAPractice.QaPractice" name="test_4_2_MultiSelectAllCombinations" time="٣.٢٧١"/>
  <testcase classname="com.practice.QAPractice.QaPractice" name="test_4_2_MultiSelectAllCombinations" time="٣.٥٤٣"/>
  <testcase classname="com.practice.QAPractice.QaPractice" name="test_4_2_MultiSelectAllCombinations" time="٣.٥٤٠"/>
  <testcase classname="com.practice.QAPractice.QaPractice" name="test_4_2_MultiSelectAllCombinations" time="٣.٣٠٤"/>
  <testcase classname="com.practice.QAPractice.QaPractice" name="test_4_2_MultiSelectAllCombinations" time="٣.٣٢٧"/>
  <testcase classname="com.practice.QAPractice.QaPractice" name="test_4_2_MultiSelectAllCombinations" time="٣.٢٩١"/>
  <testcase classname="com.practice.QAPractice.QaPractice" name="test_4_2_MultiSelectAllCombinations" time="٣.٤١١"/>
  <testcase classname="com.practice.QAPractice.QaPractice" name="test_4_2_MultiSelectAllCombinations" time="٣.٠٧٢"/>
  <testcase classname="com.practice.QAPractice.QaPractice" name="test_4_2_MultiSelectAllCombinations" time="٣.٣١٤"/>
  <testcase classname="com.practice.QAPractice.QaPractice" name="test_4_2_MultiSelectAllCombinations" time="٣.٣٠٠"/>
  <testcase classname="com.practice.QAPractice.QaPractice" name="test_4_2_MultiSelectAllCombinations" time="٣.٢٠٨"/>
  <testcase classname="com.practice.QAPractice.QaPractice" name="test_4_2_MultiSelectAllCombinations" time="٣.٢٣٨"/>
  <testcase classname="com.practice.QAPractice.QaPractice" name="test_4_2_MultiSelectAllCombinations" time="٣.٣٧٢"/>
  <testcase classname="com.practice.QAPractice.QaPractice" name="test_4_2_MultiSelectAllCombinations" time="٣.١٧٠"/>
  <testcase classname="com.practice.QAPractice.QaPractice" name="test_4_2_MultiSelectAllCombinations" time="٣.٤٣٠"/>
  <testcase classname="com.practice.QAPractice.QaPractice" name="test_4_2_MultiSelectAllCombinations" time="٣.٢٤٥"/>
  <testcase classname="com.practice.QAPractice.QaPractice" name="test_4_2_MultiSelectAllCombinations" time="٣.٣٣٩"/>
  <testcase classname="com.practice.QAPractice.QaPractice" name="test_4_2_MultiSelectAllCombinations" time="٣.٣٨٩"/>
  <testcase classname="com.practice.QAPractice.QaPractice" name="test_4_2_MultiSelectAllCombinations" time="٣.٥٢٥"/>
  <testcase classname="com.practice.QAPractice.QaPractice" name="test_4_2_MultiSelectAllCombinations" time="٣.٣٤٧"/>
  <testcase classname="com.practice.QAPractice.QaPractice" name="test_4_2_MultiSelectAllCombinations" time="٣.١٨٦"/>
  <testcase classname="com.practice.QAPractice.QaPractice" name="test_4_2_MultiSelectAllCombinations" time="٣.١٨٩"/>
  <testcase classname="com.practice.QAPractice.QaPractice" name="test_4_2_MultiSelectAllCombinations" time="٣.٣٢٠"/>
  <testcase classname="com.practice.QAPractice.QaPractice" name="test_4_2_MultiSelectAllCombinations" time="٣.٤٦٨"/>
  <testcase classname="com.practice.QAPractice.QaPractice" name="test_4_2_MultiSelectAllCombinations" time="٣.٢٨٠"/>
  <testcase classname="com.practice.QAPractice.QaPractice" name="test_4_2_MultiSelectAllCombinations" time="٣.٣٩١"/>
  <testcase classname="com.practice.QAPractice.QaPractice" name="test_4_2_MultiSelectAllCombinations" time="٣.٤٤٠"/>
  <testcase classname="com.practice.QAPractice.QaPractice" name="test_4_2_MultiSelectAllCombinations" time="٣.٣٣٨"/>
  <testcase classname="com.practice.QAPractice.QaPractice" name="test_4_2_MultiSelectAllCombinations" time="٣.٥٩١"/>
  <testcase classname="com.practice.QAPractice.QaPractice" name="test_4_2_MultiSelectAllCombinations" time="٣.٢٩٢"/>
  <testcase classname="com.practice.QAPractice.QaPractice" name="test_4_2_MultiSelectAllCombinations" time="٣.٣٢٢"/>
  <testcase classname="com.practice.QAPractice.QaPractice" name="test_4_2_MultiSelectAllCombinations" time="٣.٠٩٨"/>
  <testcase classname="com.practice.QAPractice.QaPractice" name="test_4_2_MultiSelectAllCombinations" time="٣.٢٩٧"/>
  <testcase classname="com.practice.QAPractice.QaPractice" name="test_4_2_MultiSelectAllCombinations" time="٣.٤٨٢"/>
  <testcase classname="com.practice.QAPractice.QaPractice" name="test_4_2_MultiSelectAllCombinations" time="٣.٤٤٩"/>
  <testcase classname="com.practice.QAPractice.QaPractice" name="test_4_2_MultiSelectAllCombinations" time="٣.٢٤٠"/>
  <testcase classname="com.practice.QAPractice.QaPractice" name="test_4_2_MultiSelectAllCombinations" time="٣.٢٨١"/>
  <testcase classname="com.practice.QAPractice.QaPractice" name="test_4_2_MultiSelectAllCombinations" time="٣.٢٣٢"/>
  <testcase classname="com.practice.QAPractice.QaPractice" name="test_4_2_MultiSelectAllCombinations" time="٣.٥٤٠"/>
  <testcase classname="com.practice.QAPractice.QaPractice" name="test_4_2_MultiSelectAllCombinations" time="٣.٦٧٦"/>
  <testcase classname="com.practice.QAPractice.QaPractice" name="test_4_2_MultiSelectAllCombinations" time="٣.١٧٧"/>
  <testcase classname="com.practice.QAPractice.QaPractice" name="test_4_2_MultiSelectAllCombinations" time="٣.٢٤٥"/>
  <testcase classname="com.practice.QAPractice.QaPractice" name="test_4_2_MultiSelectAllCombinations" time="٣.٦٢٥"/>
  <testcase classname="com.practice.QAPractice.QaPractice" name="test_4_2_MultiSelectAllCombinations" time="٣.١١٢"/>
  <testcase classname="com.practice.QAPractice.QaPractice" name="test_4_2_MultiSelectAllCombinations" time="٣.٣٥١"/>
  <testcase classname="com.practice.QAPractice.QaPractice" name="test_4_2_MultiSelectAllCombinations" time="٣.٥٢٣"/>
  <testcase classname="com.practice.QAPractice.QaPractice" name="test_4_2_MultiSelectAllCombinations" time="٣.٤٣٦"/>
  <testcase classname="com.practice.QAPractice.QaPractice" name="test_4_2_MultiSelectAllCombinations" time="٣.٣٠٣"/>
  <testcase classname="com.practice.QAPractice.QaPractice" name="test_4_2_MultiSelectAllCombinations" time="٣.٤١٩"/>
  <testcase classname="com.practice.QAPractice.QaPractice" name="test_4_2_MultiSelectAllCombinations" time="٣.٣١٤"/>
  <testcase classname="com.practice.QAPractice.QaPractice" name="test_4_2_MultiSelectAllCombinations" time="٣.٥١٨"/>
  <testcase classname="com.practice.QAPractice.QaPractice" name="test_4_2_MultiSelectAllCombinations" time="٣.١١٢"/>
  <testcase classname="com.practice.QAPractice.QaPractice" name="test_4_2_MultiSelectAllCombinations" time="٣.٤٣٨"/>
  <testcase classname="com.practice.QAPractice.QaPractice" name="test_4_2_MultiSelectAllCombinations" time="٣.٣٩٦"/>
  <testcase classname="com.practice.QAPractice.QaPractice" name="test_4_2_MultiSelectAllCombinations" time="٣.٣٣٣"/>
  <testcase classname="com.practice.QAPractice.QaPractice" name="test_4_2_MultiSelectAllCombinations" time="٣.٤٢٥"/>
  <testcase classname="com.practice.QAPractice.QaPractice" name="test_5_1_NewTabLink" time="٣.٠٠٩"/>
  <testcase classname="com.practice.QAPractice.QaPractice" name="test_5_2_NewTabButton" time="٢.٩٨٩"/>
  <testcase classname="com.practice.QAPractice.QaPractice" name="test_6_1_SingleTextArea" time="٢.٠٦٦">
    <failure message="Expected ERROR message but non found expected [true] but found [false]" type="java.lang.AssertionError">
      <![CDATA[java.lang.AssertionError: Expected ERROR message but non found expected [true] but found [false]
at org.testng.Assert.fail(Assert.java:111)
at org.testng.Assert.failNotEquals(Assert.java:1590)
at org.testng.Assert.assertTrue(Assert.java:57)
at com.practice.QAPractice.QaPractice.assertResult(QaPractice.java:18)
at com.practice.QAPractice.QaPractice.test_6_1_SingleTextArea(QaPractice.java:357)
at java.base/jdk.internal.reflect.DirectMethodHandleAccessor.invoke(DirectMethodHandleAccessor.java:104)
at java.base/java.lang.reflect.Method.invoke(Method.java:565)
at org.testng.internal.invokers.MethodInvocationHelper.invokeMethod(MethodInvocationHelper.java:141)
at org.testng.internal.invokers.TestInvoker.invokeMethod(TestInvoker.java:687)
at org.testng.internal.invokers.TestInvoker.invokeTestMethod(TestInvoker.java:230)
at org.testng.internal.invokers.MethodRunner.runInSequence(MethodRunner.java:63)
at org.testng.internal.invokers.TestInvoker$MethodInvocationAgent.invoke(TestInvoker.java:995)
at org.testng.internal.invokers.TestInvoker.invokeTestMethods(TestInvoker.java:203)
at org.testng.internal.invokers.TestMethodWorker.invokeTestMethods(TestMethodWorker.java:154)
at org.testng.internal.invokers.TestMethodWorker.run(TestMethodWorker.java:134)
at java.base/java.util.ArrayList.forEach(ArrayList.java:1604)
at org.testng.TestRunner.privateRun(TestRunner.java:741)
at org.testng.TestRunner.run(TestRunner.java:616)
at org.testng.SuiteRunner.runTest(SuiteRunner.java:421)
at org.testng.SuiteRunner.runSequentially(SuiteRunner.java:413)
at org.testng.SuiteRunner.privateRun(SuiteRunner.java:373)
at org.testng.SuiteRunner.run(SuiteRunner.java:312)
at org.testng.SuiteRunnerWorker.runSuite(SuiteRunnerWorker.java:52)
at org.testng.SuiteRunnerWorker.run(SuiteRunnerWorker.java:95)
at org.testng.TestNG.runSuitesSequentially(TestNG.java:1274)
at org.testng.TestNG.runSuitesLocally(TestNG.java:1208)
at org.testng.TestNG.runSuites(TestNG.java:1112)
at org.testng.TestNG.run(TestNG.java:1079)
at org.testng.remote.AbstractRemoteTestNG.run(AbstractRemoteTestNG.java:115)
at org.testng.remote.RemoteTestNG.initAndRun(RemoteTestNG.java:293)
at org.testng.remote.RemoteTestNG.main(RemoteTestNG.java:91)
]]>
    </failure>
  </testcase> <!-- test_6_1_SingleTextArea -->
  <testcase classname="com.practice.QAPractice.QaPractice" name="test_6_1_SingleTextArea" time="٢.٢١١">
    <failure message="Expected SUCCESS message but non found expected [true] but found [false]" type="java.lang.AssertionError">
      <![CDATA[java.lang.AssertionError: Expected SUCCESS message but non found expected [true] but found [false]
at org.testng.Assert.fail(Assert.java:111)
at org.testng.Assert.failNotEquals(Assert.java:1590)
at org.testng.Assert.assertTrue(Assert.java:57)
at com.practice.QAPractice.QaPractice.assertResult(QaPractice.java:16)
at com.practice.QAPractice.QaPractice.test_6_1_SingleTextArea(QaPractice.java:357)
at java.base/jdk.internal.reflect.DirectMethodHandleAccessor.invoke(DirectMethodHandleAccessor.java:104)
at java.base/java.lang.reflect.Method.invoke(Method.java:565)
at org.testng.internal.invokers.MethodInvocationHelper.invokeMethod(MethodInvocationHelper.java:141)
at org.testng.internal.invokers.TestInvoker.invokeMethod(TestInvoker.java:687)
at org.testng.internal.invokers.TestInvoker.invokeTestMethod(TestInvoker.java:230)
at org.testng.internal.invokers.MethodRunner.runInSequence(MethodRunner.java:63)
at org.testng.internal.invokers.TestInvoker$MethodInvocationAgent.invoke(TestInvoker.java:995)
at org.testng.internal.invokers.TestInvoker.invokeTestMethods(TestInvoker.java:203)
at org.testng.internal.invokers.TestMethodWorker.invokeTestMethods(TestMethodWorker.java:154)
at org.testng.internal.invokers.TestMethodWorker.run(TestMethodWorker.java:134)
at java.base/java.util.ArrayList.forEach(ArrayList.java:1604)
at org.testng.TestRunner.privateRun(TestRunner.java:741)
at org.testng.TestRunner.run(TestRunner.java:616)
at org.testng.SuiteRunner.runTest(SuiteRunner.java:421)
at org.testng.SuiteRunner.runSequentially(SuiteRunner.java:413)
at org.testng.SuiteRunner.privateRun(SuiteRunner.java:373)
at org.testng.SuiteRunner.run(SuiteRunner.java:312)
at org.testng.SuiteRunnerWorker.runSuite(SuiteRunnerWorker.java:52)
at org.testng.SuiteRunnerWorker.run(SuiteRunnerWorker.java:95)
at org.testng.TestNG.runSuitesSequentially(TestNG.java:1274)
at org.testng.TestNG.runSuitesLocally(TestNG.java:1208)
at org.testng.TestNG.runSuites(TestNG.java:1112)
at org.testng.TestNG.run(TestNG.java:1079)
at org.testng.remote.AbstractRemoteTestNG.run(AbstractRemoteTestNG.java:115)
at org.testng.remote.RemoteTestNG.initAndRun(RemoteTestNG.java:293)
at org.testng.remote.RemoteTestNG.main(RemoteTestNG.java:91)
]]>
    </failure>
  </testcase> <!-- test_6_1_SingleTextArea -->
  <testcase classname="com.practice.QAPractice.QaPractice" name="test_6_2_MultipleTextAreas" time="٤.١٢٥">
    <error message="element click intercepted: Element is not clickable at point (387, 921)
  (Session info: MicrosoftEdge=148.0.3967.96)
Build info: version: &#039;4.38.0&#039;, revision: &#039;6b412e825c*&#039;
System info: os.name: &#039;Windows 11&#039;, os.arch: &#039;amd64&#039;, os.version: &#039;10.0&#039;, java.version: &#039;25.0.3&#039;
Driver info: org.openqa.selenium.edge.EdgeDriver
Command: [bdbffc5e2215b3bd0658b19cd0c6ba21, clickElement {id=f.BF9B6A64B7D84349320983DF6C07697F.d.A64EF47BD7630D6F920C9A3BA7204DBB.e.63742}]
Capabilities {acceptInsecureCerts: false, browserName: MicrosoftEdge, browserVersion: 148.0.3967.96, fedcm:accounts: true, goog:processID: 3452, ms:edgeOptions: {debuggerAddress: localhost:51292}, msedge: {msedgedriverVersion: 148.0.3967.96 (9df8cc82dba1..., userDataDir: C:\Users\DVDSTORE\AppData\L...}, networkConnectionEnabled: false, pageLoadStrategy: normal, platformName: windows, proxy: Proxy(), se:cdp: ws://localhost:51292/devtoo..., se:cdpVersion: 148.0.3967.96, setWindowRect: true, strictFileInteractability: false, timeouts: {implicit: 0, pageLoad: 300000, script: 30000}, unhandledPromptBehavior: dismiss and notify, webauthn:extension:credBlob: true, webauthn:extension:largeBlob: true, webauthn:extension:minPinLength: true, webauthn:extension:prf: true, webauthn:virtualAuthenticators: true}
Element: [[EdgeDriver: MicrosoftEdge on windows (bdbffc5e2215b3bd0658b19cd0c6ba21)] -&gt; xpath: //input[starts-with(@type,&#039;sub&#039;)]]
Session ID: bdbffc5e2215b3bd0658b19cd0c6ba21" type="org.openqa.selenium.ElementClickInterceptedException">
      <![CDATA[org.openqa.selenium.ElementClickInterceptedException: element click intercepted: Element is not clickable at point (387, 921)
  (Session info: MicrosoftEdge=148.0.3967.96)
Build info: version: '4.38.0', revision: '6b412e825c*'
System info: os.name: 'Windows 11', os.arch: 'amd64', os.version: '10.0', java.version: '25.0.3'
Driver info: org.openqa.selenium.edge.EdgeDriver
Command: [bdbffc5e2215b3bd0658b19cd0c6ba21, clickElement {id=f.BF9B6A64B7D84349320983DF6C07697F.d.A64EF47BD7630D6F920C9A3BA7204DBB.e.63742}]
Capabilities {acceptInsecureCerts: false, browserName: MicrosoftEdge, browserVersion: 148.0.3967.96, fedcm:accounts: true, goog:processID: 3452, ms:edgeOptions: {debuggerAddress: localhost:51292}, msedge: {msedgedriverVersion: 148.0.3967.96 (9df8cc82dba1..., userDataDir: C:\Users\DVDSTORE\AppData\L...}, networkConnectionEnabled: false, pageLoadStrategy: normal, platformName: windows, proxy: Proxy(), se:cdp: ws://localhost:51292/devtoo..., se:cdpVersion: 148.0.3967.96, setWindowRect: true, strictFileInteractability: false, timeouts: {implicit: 0, pageLoad: 300000, script: 30000}, unhandledPromptBehavior: dismiss and notify, webauthn:extension:credBlob: true, webauthn:extension:largeBlob: true, webauthn:extension:minPinLength: true, webauthn:extension:prf: true, webauthn:virtualAuthenticators: true}
Element: [[EdgeDriver: MicrosoftEdge on windows (bdbffc5e2215b3bd0658b19cd0c6ba21)] -> xpath: //input[starts-with(@type,'sub')]]
Session ID: bdbffc5e2215b3bd0658b19cd0c6ba21
at java.base/jdk.internal.reflect.DirectConstructorHandleAccessor.newInstance(DirectConstructorHandleAccessor.java:62)
at java.base/java.lang.reflect.Constructor.newInstanceWithCaller(Constructor.java:499)
at java.base/java.lang.reflect.Constructor.newInstance(Constructor.java:483)
at org.openqa.selenium.remote.ErrorCodec.decode(ErrorCodec.java:167)
at org.openqa.selenium.remote.codec.w3c.W3CHttpResponseCodec.decode(W3CHttpResponseCodec.java:138)
at org.openqa.selenium.remote.codec.w3c.W3CHttpResponseCodec.decode(W3CHttpResponseCodec.java:50)
at org.openqa.selenium.remote.HttpCommandExecutor.execute(HttpCommandExecutor.java:215)
at org.openqa.selenium.remote.service.DriverCommandExecutor.invokeExecute(DriverCommandExecutor.java:216)
at org.openqa.selenium.remote.service.DriverCommandExecutor.execute(DriverCommandExecutor.java:174)
at org.openqa.selenium.remote.RemoteWebDriver.execute(RemoteWebDriver.java:557)
at org.openqa.selenium.remote.RemoteWebElement.execute(RemoteWebElement.java:223)
at org.openqa.selenium.remote.RemoteWebElement.click(RemoteWebElement.java:76)
at com.practice.QAPractice.TextAreaPage.submitMultiple(TextAreaPage.java:53)
at com.practice.QAPractice.QaPractice.test_6_2_MultipleTextAreas(QaPractice.java:387)
at java.base/jdk.internal.reflect.DirectMethodHandleAccessor.invoke(DirectMethodHandleAccessor.java:104)
at java.base/java.lang.reflect.Method.invoke(Method.java:565)
at org.testng.internal.invokers.MethodInvocationHelper.invokeMethod(MethodInvocationHelper.java:141)
at org.testng.internal.invokers.TestInvoker.invokeMethod(TestInvoker.java:687)
at org.testng.internal.invokers.TestInvoker.invokeTestMethod(TestInvoker.java:230)
at org.testng.internal.invokers.MethodRunner.runInSequence(MethodRunner.java:63)
at org.testng.internal.invokers.TestInvoker$MethodInvocationAgent.invoke(TestInvoker.java:995)
at org.testng.internal.invokers.TestInvoker.invokeTestMethods(TestInvoker.java:203)
at org.testng.internal.invokers.TestMethodWorker.invokeTestMethods(TestMethodWorker.java:154)
at org.testng.internal.invokers.TestMethodWorker.run(TestMethodWorker.java:134)
at java.base/java.util.ArrayList.forEach(ArrayList.java:1604)
at org.testng.TestRunner.privateRun(TestRunner.java:741)
at org.testng.TestRunner.run(TestRunner.java:616)
at org.testng.SuiteRunner.runTest(SuiteRunner.java:421)
at org.testng.SuiteRunner.runSequentially(SuiteRunner.java:413)
at org.testng.SuiteRunner.privateRun(SuiteRunner.java:373)
at org.testng.SuiteRunner.run(SuiteRunner.java:312)
at org.testng.SuiteRunnerWorker.runSuite(SuiteRunnerWorker.java:52)
at org.testng.SuiteRunnerWorker.run(SuiteRunnerWorker.java:95)
at org.testng.TestNG.runSuitesSequentially(TestNG.java:1274)
at org.testng.TestNG.runSuitesLocally(TestNG.java:1208)
at org.testng.TestNG.runSuites(TestNG.java:1112)
at org.testng.TestNG.run(TestNG.java:1079)
at org.testng.remote.AbstractRemoteTestNG.run(AbstractRemoteTestNG.java:115)
at org.testng.remote.RemoteTestNG.initAndRun(RemoteTestNG.java:293)
at org.testng.remote.RemoteTestNG.main(RemoteTestNG.java:91)
]]>
    </error>
  </testcase> <!-- test_6_2_MultipleTextAreas -->
  <testcase classname="com.practice.QAPractice.QaPractice" name="test_6_2_MultipleTextAreas" time="٣.٨٢٨">
    <error message="element click intercepted: Element is not clickable at point (387, 917)
  (Session info: MicrosoftEdge=148.0.3967.96)
Build info: version: &#039;4.38.0&#039;, revision: &#039;6b412e825c*&#039;
System info: os.name: &#039;Windows 11&#039;, os.arch: &#039;amd64&#039;, os.version: &#039;10.0&#039;, java.version: &#039;25.0.3&#039;
Driver info: org.openqa.selenium.edge.EdgeDriver
Command: [bdbffc5e2215b3bd0658b19cd0c6ba21, clickElement {id=f.BF9B6A64B7D84349320983DF6C07697F.d.A3F142C72A0AFDBB49A4D95A9AEF3ED4.e.64203}]
Capabilities {acceptInsecureCerts: false, browserName: MicrosoftEdge, browserVersion: 148.0.3967.96, fedcm:accounts: true, goog:processID: 3452, ms:edgeOptions: {debuggerAddress: localhost:51292}, msedge: {msedgedriverVersion: 148.0.3967.96 (9df8cc82dba1..., userDataDir: C:\Users\DVDSTORE\AppData\L...}, networkConnectionEnabled: false, pageLoadStrategy: normal, platformName: windows, proxy: Proxy(), se:cdp: ws://localhost:51292/devtoo..., se:cdpVersion: 148.0.3967.96, setWindowRect: true, strictFileInteractability: false, timeouts: {implicit: 0, pageLoad: 300000, script: 30000}, unhandledPromptBehavior: dismiss and notify, webauthn:extension:credBlob: true, webauthn:extension:largeBlob: true, webauthn:extension:minPinLength: true, webauthn:extension:prf: true, webauthn:virtualAuthenticators: true}
Element: [[EdgeDriver: MicrosoftEdge on windows (bdbffc5e2215b3bd0658b19cd0c6ba21)] -&gt; xpath: //input[starts-with(@type,&#039;sub&#039;)]]
Session ID: bdbffc5e2215b3bd0658b19cd0c6ba21" type="org.openqa.selenium.ElementClickInterceptedException">
      <![CDATA[org.openqa.selenium.ElementClickInterceptedException: element click intercepted: Element is not clickable at point (387, 917)
  (Session info: MicrosoftEdge=148.0.3967.96)
Build info: version: '4.38.0', revision: '6b412e825c*'
System info: os.name: 'Windows 11', os.arch: 'amd64', os.version: '10.0', java.version: '25.0.3'
Driver info: org.openqa.selenium.edge.EdgeDriver
Command: [bdbffc5e2215b3bd0658b19cd0c6ba21, clickElement {id=f.BF9B6A64B7D84349320983DF6C07697F.d.A3F142C72A0AFDBB49A4D95A9AEF3ED4.e.64203}]
Capabilities {acceptInsecureCerts: false, browserName: MicrosoftEdge, browserVersion: 148.0.3967.96, fedcm:accounts: true, goog:processID: 3452, ms:edgeOptions: {debuggerAddress: localhost:51292}, msedge: {msedgedriverVersion: 148.0.3967.96 (9df8cc82dba1..., userDataDir: C:\Users\DVDSTORE\AppData\L...}, networkConnectionEnabled: false, pageLoadStrategy: normal, platformName: windows, proxy: Proxy(), se:cdp: ws://localhost:51292/devtoo..., se:cdpVersion: 148.0.3967.96, setWindowRect: true, strictFileInteractability: false, timeouts: {implicit: 0, pageLoad: 300000, script: 30000}, unhandledPromptBehavior: dismiss and notify, webauthn:extension:credBlob: true, webauthn:extension:largeBlob: true, webauthn:extension:minPinLength: true, webauthn:extension:prf: true, webauthn:virtualAuthenticators: true}
Element: [[EdgeDriver: MicrosoftEdge on windows (bdbffc5e2215b3bd0658b19cd0c6ba21)] -> xpath: //input[starts-with(@type,'sub')]]
Session ID: bdbffc5e2215b3bd0658b19cd0c6ba21
at java.base/jdk.internal.reflect.DirectConstructorHandleAccessor.newInstance(DirectConstructorHandleAccessor.java:62)
at java.base/java.lang.reflect.Constructor.newInstanceWithCaller(Constructor.java:499)
at java.base/java.lang.reflect.Constructor.newInstance(Constructor.java:483)
at org.openqa.selenium.remote.ErrorCodec.decode(ErrorCodec.java:167)
at org.openqa.selenium.remote.codec.w3c.W3CHttpResponseCodec.decode(W3CHttpResponseCodec.java:138)
at org.openqa.selenium.remote.codec.w3c.W3CHttpResponseCodec.decode(W3CHttpResponseCodec.java:50)
at org.openqa.selenium.remote.HttpCommandExecutor.execute(HttpCommandExecutor.java:215)
at org.openqa.selenium.remote.service.DriverCommandExecutor.invokeExecute(DriverCommandExecutor.java:216)
at org.openqa.selenium.remote.service.DriverCommandExecutor.execute(DriverCommandExecutor.java:174)
at org.openqa.selenium.remote.RemoteWebDriver.execute(RemoteWebDriver.java:557)
at org.openqa.selenium.remote.RemoteWebElement.execute(RemoteWebElement.java:223)
at org.openqa.selenium.remote.RemoteWebElement.click(RemoteWebElement.java:76)
at com.practice.QAPractice.TextAreaPage.submitMultiple(TextAreaPage.java:53)
at com.practice.QAPractice.QaPractice.test_6_2_MultipleTextAreas(QaPractice.java:387)
at java.base/jdk.internal.reflect.DirectMethodHandleAccessor.invoke(DirectMethodHandleAccessor.java:104)
at java.base/java.lang.reflect.Method.invoke(Method.java:565)
at org.testng.internal.invokers.MethodInvocationHelper.invokeMethod(MethodInvocationHelper.java:141)
at org.testng.internal.invokers.TestInvoker.invokeMethod(TestInvoker.java:687)
at org.testng.internal.invokers.TestInvoker.invokeTestMethod(TestInvoker.java:230)
at org.testng.internal.invokers.MethodRunner.runInSequence(MethodRunner.java:63)
at org.testng.internal.invokers.TestInvoker$MethodInvocationAgent.invoke(TestInvoker.java:995)
at org.testng.internal.invokers.TestInvoker.invokeTestMethods(TestInvoker.java:203)
at org.testng.internal.invokers.TestMethodWorker.invokeTestMethods(TestMethodWorker.java:154)
at org.testng.internal.invokers.TestMethodWorker.run(TestMethodWorker.java:134)
at java.base/java.util.ArrayList.forEach(ArrayList.java:1604)
at org.testng.TestRunner.privateRun(TestRunner.java:741)
at org.testng.TestRunner.run(TestRunner.java:616)
at org.testng.SuiteRunner.runTest(SuiteRunner.java:421)
at org.testng.SuiteRunner.runSequentially(SuiteRunner.java:413)
at org.testng.SuiteRunner.privateRun(SuiteRunner.java:373)
at org.testng.SuiteRunner.run(SuiteRunner.java:312)
at org.testng.SuiteRunnerWorker.runSuite(SuiteRunnerWorker.java:52)
at org.testng.SuiteRunnerWorker.run(SuiteRunnerWorker.java:95)
at org.testng.TestNG.runSuitesSequentially(TestNG.java:1274)
at org.testng.TestNG.runSuitesLocally(TestNG.java:1208)
at org.testng.TestNG.runSuites(TestNG.java:1112)
at org.testng.TestNG.run(TestNG.java:1079)
at org.testng.remote.AbstractRemoteTestNG.run(AbstractRemoteTestNG.java:115)
at org.testng.remote.RemoteTestNG.initAndRun(RemoteTestNG.java:293)
at org.testng.remote.RemoteTestNG.main(RemoteTestNG.java:91)
]]>
    </error>
  </testcase> <!-- test_6_2_MultipleTextAreas -->
  <testcase classname="com.practice.QAPractice.QaPractice" name="test_6_2_MultipleTextAreas" time="٣.٧٢٨">
    <error message="element click intercepted: Element is not clickable at point (387, 919)
  (Session info: MicrosoftEdge=148.0.3967.96)
Build info: version: &#039;4.38.0&#039;, revision: &#039;6b412e825c*&#039;
System info: os.name: &#039;Windows 11&#039;, os.arch: &#039;amd64&#039;, os.version: &#039;10.0&#039;, java.version: &#039;25.0.3&#039;
Driver info: org.openqa.selenium.edge.EdgeDriver
Command: [bdbffc5e2215b3bd0658b19cd0c6ba21, clickElement {id=f.BF9B6A64B7D84349320983DF6C07697F.d.4915B0B796C5D51F07C6F41F5FE95C18.e.64431}]
Capabilities {acceptInsecureCerts: false, browserName: MicrosoftEdge, browserVersion: 148.0.3967.96, fedcm:accounts: true, goog:processID: 3452, ms:edgeOptions: {debuggerAddress: localhost:51292}, msedge: {msedgedriverVersion: 148.0.3967.96 (9df8cc82dba1..., userDataDir: C:\Users\DVDSTORE\AppData\L...}, networkConnectionEnabled: false, pageLoadStrategy: normal, platformName: windows, proxy: Proxy(), se:cdp: ws://localhost:51292/devtoo..., se:cdpVersion: 148.0.3967.96, setWindowRect: true, strictFileInteractability: false, timeouts: {implicit: 0, pageLoad: 300000, script: 30000}, unhandledPromptBehavior: dismiss and notify, webauthn:extension:credBlob: true, webauthn:extension:largeBlob: true, webauthn:extension:minPinLength: true, webauthn:extension:prf: true, webauthn:virtualAuthenticators: true}
Element: [[EdgeDriver: MicrosoftEdge on windows (bdbffc5e2215b3bd0658b19cd0c6ba21)] -&gt; xpath: //input[starts-with(@type,&#039;sub&#039;)]]
Session ID: bdbffc5e2215b3bd0658b19cd0c6ba21" type="org.openqa.selenium.ElementClickInterceptedException">
      <![CDATA[org.openqa.selenium.ElementClickInterceptedException: element click intercepted: Element is not clickable at point (387, 919)
  (Session info: MicrosoftEdge=148.0.3967.96)
Build info: version: '4.38.0', revision: '6b412e825c*'
System info: os.name: 'Windows 11', os.arch: 'amd64', os.version: '10.0', java.version: '25.0.3'
Driver info: org.openqa.selenium.edge.EdgeDriver
Command: [bdbffc5e2215b3bd0658b19cd0c6ba21, clickElement {id=f.BF9B6A64B7D84349320983DF6C07697F.d.4915B0B796C5D51F07C6F41F5FE95C18.e.64431}]
Capabilities {acceptInsecureCerts: false, browserName: MicrosoftEdge, browserVersion: 148.0.3967.96, fedcm:accounts: true, goog:processID: 3452, ms:edgeOptions: {debuggerAddress: localhost:51292}, msedge: {msedgedriverVersion: 148.0.3967.96 (9df8cc82dba1..., userDataDir: C:\Users\DVDSTORE\AppData\L...}, networkConnectionEnabled: false, pageLoadStrategy: normal, platformName: windows, proxy: Proxy(), se:cdp: ws://localhost:51292/devtoo..., se:cdpVersion: 148.0.3967.96, setWindowRect: true, strictFileInteractability: false, timeouts: {implicit: 0, pageLoad: 300000, script: 30000}, unhandledPromptBehavior: dismiss and notify, webauthn:extension:credBlob: true, webauthn:extension:largeBlob: true, webauthn:extension:minPinLength: true, webauthn:extension:prf: true, webauthn:virtualAuthenticators: true}
Element: [[EdgeDriver: MicrosoftEdge on windows (bdbffc5e2215b3bd0658b19cd0c6ba21)] -> xpath: //input[starts-with(@type,'sub')]]
Session ID: bdbffc5e2215b3bd0658b19cd0c6ba21
at java.base/jdk.internal.reflect.DirectConstructorHandleAccessor.newInstance(DirectConstructorHandleAccessor.java:62)
at java.base/java.lang.reflect.Constructor.newInstanceWithCaller(Constructor.java:499)
at java.base/java.lang.reflect.Constructor.newInstance(Constructor.java:483)
at org.openqa.selenium.remote.ErrorCodec.decode(ErrorCodec.java:167)
at org.openqa.selenium.remote.codec.w3c.W3CHttpResponseCodec.decode(W3CHttpResponseCodec.java:138)
at org.openqa.selenium.remote.codec.w3c.W3CHttpResponseCodec.decode(W3CHttpResponseCodec.java:50)
at org.openqa.selenium.remote.HttpCommandExecutor.execute(HttpCommandExecutor.java:215)
at org.openqa.selenium.remote.service.DriverCommandExecutor.invokeExecute(DriverCommandExecutor.java:216)
at org.openqa.selenium.remote.service.DriverCommandExecutor.execute(DriverCommandExecutor.java:174)
at org.openqa.selenium.remote.RemoteWebDriver.execute(RemoteWebDriver.java:557)
at org.openqa.selenium.remote.RemoteWebElement.execute(RemoteWebElement.java:223)
at org.openqa.selenium.remote.RemoteWebElement.click(RemoteWebElement.java:76)
at com.practice.QAPractice.TextAreaPage.submitMultiple(TextAreaPage.java:53)
at com.practice.QAPractice.QaPractice.test_6_2_MultipleTextAreas(QaPractice.java:387)
at java.base/jdk.internal.reflect.DirectMethodHandleAccessor.invoke(DirectMethodHandleAccessor.java:104)
at java.base/java.lang.reflect.Method.invoke(Method.java:565)
at org.testng.internal.invokers.MethodInvocationHelper.invokeMethod(MethodInvocationHelper.java:141)
at org.testng.internal.invokers.TestInvoker.invokeMethod(TestInvoker.java:687)
at org.testng.internal.invokers.TestInvoker.invokeTestMethod(TestInvoker.java:230)
at org.testng.internal.invokers.MethodRunner.runInSequence(MethodRunner.java:63)
at org.testng.internal.invokers.TestInvoker$MethodInvocationAgent.invoke(TestInvoker.java:995)
at org.testng.internal.invokers.TestInvoker.invokeTestMethods(TestInvoker.java:203)
at org.testng.internal.invokers.TestMethodWorker.invokeTestMethods(TestMethodWorker.java:154)
at org.testng.internal.invokers.TestMethodWorker.run(TestMethodWorker.java:134)
at java.base/java.util.ArrayList.forEach(ArrayList.java:1604)
at org.testng.TestRunner.privateRun(TestRunner.java:741)
at org.testng.TestRunner.run(TestRunner.java:616)
at org.testng.SuiteRunner.runTest(SuiteRunner.java:421)
at org.testng.SuiteRunner.runSequentially(SuiteRunner.java:413)
at org.testng.SuiteRunner.privateRun(SuiteRunner.java:373)
at org.testng.SuiteRunner.run(SuiteRunner.java:312)
at org.testng.SuiteRunnerWorker.runSuite(SuiteRunnerWorker.java:52)
at org.testng.SuiteRunnerWorker.run(SuiteRunnerWorker.java:95)
at org.testng.TestNG.runSuitesSequentially(TestNG.java:1274)
at org.testng.TestNG.runSuitesLocally(TestNG.java:1208)
at org.testng.TestNG.runSuites(TestNG.java:1112)
at org.testng.TestNG.run(TestNG.java:1079)
at org.testng.remote.AbstractRemoteTestNG.run(AbstractRemoteTestNG.java:115)
at org.testng.remote.RemoteTestNG.initAndRun(RemoteTestNG.java:293)
at org.testng.remote.RemoteTestNG.main(RemoteTestNG.java:91)
]]>
    </error>
  </testcase> <!-- test_6_2_MultipleTextAreas -->
  <testcase classname="com.practice.QAPractice.QaPractice" name="test_6_2_MultipleTextAreas" time="٣.٨٣٢">
    <error message="element click intercepted: Element is not clickable at point (387, 945)
  (Session info: MicrosoftEdge=148.0.3967.96)
Build info: version: &#039;4.38.0&#039;, revision: &#039;6b412e825c*&#039;
System info: os.name: &#039;Windows 11&#039;, os.arch: &#039;amd64&#039;, os.version: &#039;10.0&#039;, java.version: &#039;25.0.3&#039;
Driver info: org.openqa.selenium.edge.EdgeDriver
Command: [bdbffc5e2215b3bd0658b19cd0c6ba21, clickElement {id=f.BF9B6A64B7D84349320983DF6C07697F.d.A3B8D74505EBA69890F680F50AEFF5B4.e.63973}]
Capabilities {acceptInsecureCerts: false, browserName: MicrosoftEdge, browserVersion: 148.0.3967.96, fedcm:accounts: true, goog:processID: 3452, ms:edgeOptions: {debuggerAddress: localhost:51292}, msedge: {msedgedriverVersion: 148.0.3967.96 (9df8cc82dba1..., userDataDir: C:\Users\DVDSTORE\AppData\L...}, networkConnectionEnabled: false, pageLoadStrategy: normal, platformName: windows, proxy: Proxy(), se:cdp: ws://localhost:51292/devtoo..., se:cdpVersion: 148.0.3967.96, setWindowRect: true, strictFileInteractability: false, timeouts: {implicit: 0, pageLoad: 300000, script: 30000}, unhandledPromptBehavior: dismiss and notify, webauthn:extension:credBlob: true, webauthn:extension:largeBlob: true, webauthn:extension:minPinLength: true, webauthn:extension:prf: true, webauthn:virtualAuthenticators: true}
Element: [[EdgeDriver: MicrosoftEdge on windows (bdbffc5e2215b3bd0658b19cd0c6ba21)] -&gt; xpath: //input[starts-with(@type,&#039;sub&#039;)]]
Session ID: bdbffc5e2215b3bd0658b19cd0c6ba21" type="org.openqa.selenium.ElementClickInterceptedException">
      <![CDATA[org.openqa.selenium.ElementClickInterceptedException: element click intercepted: Element is not clickable at point (387, 945)
  (Session info: MicrosoftEdge=148.0.3967.96)
Build info: version: '4.38.0', revision: '6b412e825c*'
System info: os.name: 'Windows 11', os.arch: 'amd64', os.version: '10.0', java.version: '25.0.3'
Driver info: org.openqa.selenium.edge.EdgeDriver
Command: [bdbffc5e2215b3bd0658b19cd0c6ba21, clickElement {id=f.BF9B6A64B7D84349320983DF6C07697F.d.A3B8D74505EBA69890F680F50AEFF5B4.e.63973}]
Capabilities {acceptInsecureCerts: false, browserName: MicrosoftEdge, browserVersion: 148.0.3967.96, fedcm:accounts: true, goog:processID: 3452, ms:edgeOptions: {debuggerAddress: localhost:51292}, msedge: {msedgedriverVersion: 148.0.3967.96 (9df8cc82dba1..., userDataDir: C:\Users\DVDSTORE\AppData\L...}, networkConnectionEnabled: false, pageLoadStrategy: normal, platformName: windows, proxy: Proxy(), se:cdp: ws://localhost:51292/devtoo..., se:cdpVersion: 148.0.3967.96, setWindowRect: true, strictFileInteractability: false, timeouts: {implicit: 0, pageLoad: 300000, script: 30000}, unhandledPromptBehavior: dismiss and notify, webauthn:extension:credBlob: true, webauthn:extension:largeBlob: true, webauthn:extension:minPinLength: true, webauthn:extension:prf: true, webauthn:virtualAuthenticators: true}
Element: [[EdgeDriver: MicrosoftEdge on windows (bdbffc5e2215b3bd0658b19cd0c6ba21)] -> xpath: //input[starts-with(@type,'sub')]]
Session ID: bdbffc5e2215b3bd0658b19cd0c6ba21
at java.base/jdk.internal.reflect.DirectConstructorHandleAccessor.newInstance(DirectConstructorHandleAccessor.java:62)
at java.base/java.lang.reflect.Constructor.newInstanceWithCaller(Constructor.java:499)
at java.base/java.lang.reflect.Constructor.newInstance(Constructor.java:483)
at org.openqa.selenium.remote.ErrorCodec.decode(ErrorCodec.java:167)
at org.openqa.selenium.remote.codec.w3c.W3CHttpResponseCodec.decode(W3CHttpResponseCodec.java:138)
at org.openqa.selenium.remote.codec.w3c.W3CHttpResponseCodec.decode(W3CHttpResponseCodec.java:50)
at org.openqa.selenium.remote.HttpCommandExecutor.execute(HttpCommandExecutor.java:215)
at org.openqa.selenium.remote.service.DriverCommandExecutor.invokeExecute(DriverCommandExecutor.java:216)
at org.openqa.selenium.remote.service.DriverCommandExecutor.execute(DriverCommandExecutor.java:174)
at org.openqa.selenium.remote.RemoteWebDriver.execute(RemoteWebDriver.java:557)
at org.openqa.selenium.remote.RemoteWebElement.execute(RemoteWebElement.java:223)
at org.openqa.selenium.remote.RemoteWebElement.click(RemoteWebElement.java:76)
at com.practice.QAPractice.TextAreaPage.submitMultiple(TextAreaPage.java:53)
at com.practice.QAPractice.QaPractice.test_6_2_MultipleTextAreas(QaPractice.java:387)
at java.base/jdk.internal.reflect.DirectMethodHandleAccessor.invoke(DirectMethodHandleAccessor.java:104)
at java.base/java.lang.reflect.Method.invoke(Method.java:565)
at org.testng.internal.invokers.MethodInvocationHelper.invokeMethod(MethodInvocationHelper.java:141)
at org.testng.internal.invokers.TestInvoker.invokeMethod(TestInvoker.java:687)
at org.testng.internal.invokers.TestInvoker.invokeTestMethod(TestInvoker.java:230)
at org.testng.internal.invokers.MethodRunner.runInSequence(MethodRunner.java:63)
at org.testng.internal.invokers.TestInvoker$MethodInvocationAgent.invoke(TestInvoker.java:995)
at org.testng.internal.invokers.TestInvoker.invokeTestMethods(TestInvoker.java:203)
at org.testng.internal.invokers.TestMethodWorker.invokeTestMethods(TestMethodWorker.java:154)
at org.testng.internal.invokers.TestMethodWorker.run(TestMethodWorker.java:134)
at java.base/java.util.ArrayList.forEach(ArrayList.java:1604)
at org.testng.TestRunner.privateRun(TestRunner.java:741)
at org.testng.TestRunner.run(TestRunner.java:616)
at org.testng.SuiteRunner.runTest(SuiteRunner.java:421)
at org.testng.SuiteRunner.runSequentially(SuiteRunner.java:413)
at org.testng.SuiteRunner.privateRun(SuiteRunner.java:373)
at org.testng.SuiteRunner.run(SuiteRunner.java:312)
at org.testng.SuiteRunnerWorker.runSuite(SuiteRunnerWorker.java:52)
at org.testng.SuiteRunnerWorker.run(SuiteRunnerWorker.java:95)
at org.testng.TestNG.runSuitesSequentially(TestNG.java:1274)
at org.testng.TestNG.runSuitesLocally(TestNG.java:1208)
at org.testng.TestNG.runSuites(TestNG.java:1112)
at org.testng.TestNG.run(TestNG.java:1079)
at org.testng.remote.AbstractRemoteTestNG.run(AbstractRemoteTestNG.java:115)
at org.testng.remote.RemoteTestNG.initAndRun(RemoteTestNG.java:293)
at org.testng.remote.RemoteTestNG.main(RemoteTestNG.java:91)
]]>
    </error>
  </testcase> <!-- test_6_2_MultipleTextAreas -->
  <testcase classname="com.practice.QAPractice.QaPractice" name="test_7_1_NormalAlert" time="٢.١٠٣"/>
  <testcase classname="com.practice.QAPractice.QaPractice" name="test_7_2_ConfirmBox" time="١.٨٤٧"/>
  <testcase classname="com.practice.QAPractice.QaPractice" name="test_7_2_ConfirmBox" time="١.٨٤٨"/>
  <testcase classname="com.practice.QAPractice.QaPractice" name="test_7_3_PromptBox" time="١.٨٥٨"/>
  <testcase classname="com.practice.QAPractice.QaPractice" name="test_7_3_PromptBox" time="١.٨٥٩">
    <failure message="Expected ERROR message but non found expected [true] but found [false]" type="java.lang.AssertionError">
      <![CDATA[java.lang.AssertionError: Expected ERROR message but non found expected [true] but found [false]
at org.testng.Assert.fail(Assert.java:111)
at org.testng.Assert.failNotEquals(Assert.java:1590)
at org.testng.Assert.assertTrue(Assert.java:57)
at com.practice.QAPractice.QaPractice.assertResult(QaPractice.java:18)
at com.practice.QAPractice.QaPractice.test_7_3_PromptBox(QaPractice.java:452)
at java.base/jdk.internal.reflect.DirectMethodHandleAccessor.invoke(DirectMethodHandleAccessor.java:104)
at java.base/java.lang.reflect.Method.invoke(Method.java:565)
at org.testng.internal.invokers.MethodInvocationHelper.invokeMethod(MethodInvocationHelper.java:141)
at org.testng.internal.invokers.TestInvoker.invokeMethod(TestInvoker.java:687)
at org.testng.internal.invokers.TestInvoker.invokeTestMethod(TestInvoker.java:230)
at org.testng.internal.invokers.MethodRunner.runInSequence(MethodRunner.java:63)
at org.testng.internal.invokers.TestInvoker$MethodInvocationAgent.invoke(TestInvoker.java:995)
at org.testng.internal.invokers.TestInvoker.invokeTestMethods(TestInvoker.java:203)
at org.testng.internal.invokers.TestMethodWorker.invokeTestMethods(TestMethodWorker.java:154)
at org.testng.internal.invokers.TestMethodWorker.run(TestMethodWorker.java:134)
at java.base/java.util.ArrayList.forEach(ArrayList.java:1604)
at org.testng.TestRunner.privateRun(TestRunner.java:741)
at org.testng.TestRunner.run(TestRunner.java:616)
at org.testng.SuiteRunner.runTest(SuiteRunner.java:421)
at org.testng.SuiteRunner.runSequentially(SuiteRunner.java:413)
at org.testng.SuiteRunner.privateRun(SuiteRunner.java:373)
at org.testng.SuiteRunner.run(SuiteRunner.java:312)
at org.testng.SuiteRunnerWorker.runSuite(SuiteRunnerWorker.java:52)
at org.testng.SuiteRunnerWorker.run(SuiteRunnerWorker.java:95)
at org.testng.TestNG.runSuitesSequentially(TestNG.java:1274)
at org.testng.TestNG.runSuitesLocally(TestNG.java:1208)
at org.testng.TestNG.runSuites(TestNG.java:1112)
at org.testng.TestNG.run(TestNG.java:1079)
at org.testng.remote.AbstractRemoteTestNG.run(AbstractRemoteTestNG.java:115)
at org.testng.remote.RemoteTestNG.initAndRun(RemoteTestNG.java:293)
at org.testng.remote.RemoteTestNG.main(RemoteTestNG.java:91)
]]>
    </failure>
  </testcase> <!-- test_7_3_PromptBox -->
  <testcase classname="com.practice.QAPractice.QaPractice" name="test_7_3_PromptBox" time="١.٩٩٥"/>
</testsuite> <!-- com.practice.QAPractice.QaPractice -->
